<?xml version="1.0" encoding="utf-8"?><testsuites name="pytest tests"><testsuite name="pytest" errors="0" failures="0" skipped="0" tests="18" time="5.558" timestamp="2026-02-23T15:26:45.077896+00:00" hostname="agent-env-e230cea3-075b-488c-be39-545885a03633"><testcase classname="tests.test_auth_module.TestAuthLogin" name="test_login_valid_credentials" time="0.620" /><testcase classname="tests.test_auth_module.TestAuthLogin" name="test_login_invalid_credentials" time="0.383" /><testcase classname="tests.test_auth_module.TestAuthLogin" name="test_login_nonexistent_user" time="0.161" /><testcase classname="tests.test_auth_module.TestAuthLogin" name="test_login_admin_credentials" time="0.357" /><testcase classname="tests.test_auth_module.TestAuthMe" name="test_get_current_user_with_token" time="0.540" /><testcase classname="tests.test_auth_module.TestAuthMe" name="test_get_current_user_without_token" time="0.284" /><testcase classname="tests.test_auth_module.TestAuthMe" name="test_get_current_user_invalid_token" time="0.127" /><testcase classname="tests.test_auth_module.TestAuthLogout" name="test_logout_clears_session" time="0.768" /><testcase classname="tests.test_auth_module.TestAuthLogout" name="test_me_after_logout" time="0.543" /><testcase classname="tests.test_auth_module.TestPasswordRules" name="test_get_password_rules" time="0.129" /><testcase classname="tests.test_auth_module.TestPasswordRules" name="test_password_rules_structure" time="0.170" /><testcase classname="tests.test_auth_module.TestForgotPassword" name="test_forgot_password_existing_email" time="0.365" /><testcase classname="tests.test_auth_module.TestForgotPassword" name="test_forgot_password_nonexistent_email" time="0.158" /><testcase classname="tests.test_auth_module.TestAuthEndpointAvailability" name="test_login_endpoint_exists" time="0.281" /><testcase classname="tests.test_auth_module.TestAuthEndpointAvailability" name="test_logout_endpoint_exists" time="0.176" /><testcase classname="tests.test_auth_module.TestAuthEndpointAvailability" name="test_me_endpoint_exists" time="0.140" /><testcase classname="tests.test_auth_module.TestAuthEndpointAvailability" name="test_password_rules_endpoint_exists" time="0.160" /><testcase classname="tests.test_auth_module.TestAuthEndpointAvailability" name="test_forgot_password_endpoint_exists" time="0.120" /></testsuite></testsuites>