<?xml version="1.0" encoding="utf-8"?><testsuites name="pytest tests"><testsuite name="pytest" errors="0" failures="8" skipped="0" tests="11" time="3.529" timestamp="2026-02-25T17:57:16.009424+00:00" hostname="agent-env-a4e29570-bf65-41d7-86d4-607396114129"><testcase classname="tests.test_batch_stamping.TestBatchStamping" name="test_login_success" time="1.403" /><testcase classname="tests.test_batch_stamping.TestBatchStamping" name="test_batch_stamp_single_file" time="0.555"><failure message="AssertionError: Batch stamp failed: {&quot;detail&quot;:&quot;CSRF token missing&quot;,&quot;error_code&quot;:&quot;CSRF_MISSING&quot;}&#10;assert 403 == 200&#10; +  where 403 = &lt;Response [403]&gt;.status_code">tests/test_batch_stamping.py:119: in test_batch_stamp_single_file
    assert response.status_code == 200, f"Batch stamp failed: {response.text}"
E   AssertionError: Batch stamp failed: {"detail":"CSRF token missing","error_code":"CSRF_MISSING"}
E   assert 403 == 200
E    +  where 403 = &lt;Response [403]&gt;.status_code</failure></testcase><testcase classname="tests.test_batch_stamping.TestBatchStamping" name="test_batch_stamp_multiple_files" time="0.111"><failure message="assert 403 == 200&#10; +  where 403 = &lt;Response [403]&gt;.status_code">tests/test_batch_stamping.py:156: in test_batch_stamp_multiple_files
    assert response.status_code == 200
E   assert 403 == 200
E    +  where 403 = &lt;Response [403]&gt;.status_code</failure></testcase><testcase classname="tests.test_batch_stamping.TestBatchStamping" name="test_batch_stamp_zip_contents" time="0.143"><failure message="assert 403 == 200&#10; +  where 403 = &lt;Response [403]&gt;.status_code">tests/test_batch_stamping.py:188: in test_batch_stamp_zip_contents
    assert response.status_code == 200
E   assert 403 == 200
E    +  where 403 = &lt;Response [403]&gt;.status_code</failure></testcase><testcase classname="tests.test_batch_stamping.TestBatchStamping" name="test_batch_stamp_csv_has_correct_fields" time="0.128"><failure message="assert 403 == 200&#10; +  where 403 = &lt;Response [403]&gt;.status_code">tests/test_batch_stamping.py:252: in test_batch_stamp_csv_has_correct_fields
    assert response.status_code == 200
E   assert 403 == 200
E    +  where 403 = &lt;Response [403]&gt;.status_code</failure></testcase><testcase classname="tests.test_batch_stamping.TestBatchStamping" name="test_batch_stamp_different_anchors" time="0.238"><failure message="AssertionError: Anchor bottom_right failed: {&quot;detail&quot;:&quot;CSRF token missing&quot;,&quot;error_code&quot;:&quot;CSRF_MISSING&quot;}&#10;assert 403 == 200&#10; +  where 403 = &lt;Response [403]&gt;.status_code">tests/test_batch_stamping.py:309: in test_batch_stamp_different_anchors
    assert response.status_code == 200, f"Anchor {anchor} failed: {response.text}"
E   AssertionError: Anchor bottom_right failed: {"detail":"CSRF token missing","error_code":"CSRF_MISSING"}
E   assert 403 == 200
E    +  where 403 = &lt;Response [403]&gt;.status_code</failure></testcase><testcase classname="tests.test_batch_stamping.TestBatchStamping" name="test_batch_stamp_page_mode_all" time="0.247"><failure message="assert 403 == 200&#10; +  where 403 = &lt;Response [403]&gt;.status_code">tests/test_batch_stamping.py:338: in test_batch_stamp_page_mode_all
    assert response.status_code == 200
E   assert 403 == 200
E    +  where 403 = &lt;Response [403]&gt;.status_code</failure></testcase><testcase classname="tests.test_batch_stamping.TestBatchStamping" name="test_batch_stamp_reject_non_pdf" time="0.150"><failure message="assert 403 == 400&#10; +  where 403 = &lt;Response [403]&gt;.status_code">tests/test_batch_stamping.py:370: in test_batch_stamp_reject_non_pdf
    assert response.status_code == 400
E   assert 403 == 400
E    +  where 403 = &lt;Response [403]&gt;.status_code</failure></testcase><testcase classname="tests.test_batch_stamping.TestBatchStamping" name="test_batch_stamp_no_files" time="0.160"><failure message="assert 403 in [400, 422]&#10; +  where 403 = &lt;Response [403]&gt;.status_code">tests/test_batch_stamping.py:396: in test_batch_stamp_no_files
    assert response.status_code in [400, 422]
E   assert 403 in [400, 422]
E    +  where 403 = &lt;Response [403]&gt;.status_code</failure></testcase><testcase classname="tests.test_batch_stamping.TestBatchStamping" name="test_batch_stamp_requires_auth" time="0.147" /><testcase classname="tests.test_batch_stamping.TestBatchStamping" name="test_get_batch_history" time="0.122" /></testsuite></testsuites>