<?xml version="1.0" encoding="utf-8"?><testsuites name="pytest tests"><testsuite name="pytest" errors="0" failures="0" skipped="0" tests="11" time="5.002" timestamp="2026-02-25T17:58:25.544311+00:00" hostname="agent-env-a4e29570-bf65-41d7-86d4-607396114129"><testcase classname="tests.test_batch_stamping.TestBatchStamping" name="test_login_success" time="0.526" /><testcase classname="tests.test_batch_stamping.TestBatchStamping" name="test_batch_stamp_single_file" time="0.676" /><testcase classname="tests.test_batch_stamping.TestBatchStamping" name="test_batch_stamp_multiple_files" time="0.432" /><testcase classname="tests.test_batch_stamping.TestBatchStamping" name="test_batch_stamp_zip_contents" time="0.532" /><testcase classname="tests.test_batch_stamping.TestBatchStamping" name="test_batch_stamp_csv_has_correct_fields" time="0.349" /><testcase classname="tests.test_batch_stamping.TestBatchStamping" name="test_batch_stamp_different_anchors" time="1.513" /><testcase classname="tests.test_batch_stamping.TestBatchStamping" name="test_batch_stamp_page_mode_all" time="0.283" /><testcase classname="tests.test_batch_stamping.TestBatchStamping" name="test_batch_stamp_reject_non_pdf" time="0.179" /><testcase classname="tests.test_batch_stamping.TestBatchStamping" name="test_batch_stamp_no_files" time="0.170" /><testcase classname="tests.test_batch_stamping.TestBatchStamping" name="test_batch_stamp_requires_auth" time="0.121" /><testcase classname="tests.test_batch_stamping.TestBatchStamping" name="test_get_batch_history" time="0.155" /></testsuite></testsuites>