<?xml version="1.0" encoding="utf-8"?><testsuites name="pytest tests"><testsuite name="pytest" errors="0" failures="0" skipped="0" tests="15" time="9.130" timestamp="2026-02-25T18:45:43.075073+00:00" hostname="agent-env-a4e29570-bf65-41d7-86d4-607396114129"><testcase classname="backend.tests.test_bulk_revoke.TestBulkRevokeFeature" name="test_stamp_summary_returns_counts" time="0.833" /><testcase classname="backend.tests.test_bulk_revoke.TestBulkRevokeFeature" name="test_stamp_summary_regular_admin_can_access" time="2.507" /><testcase classname="backend.tests.test_bulk_revoke.TestBulkRevokeFeature" name="test_stamp_summary_invalid_advocate" time="0.132" /><testcase classname="backend.tests.test_bulk_revoke.TestBulkRevokeFeature" name="test_bulk_revoke_regular_admin_forbidden" time="0.108" /><testcase classname="backend.tests.test_bulk_revoke.TestBulkRevokeFeature" name="test_bulk_revoke_unauthenticated" time="0.198" /><testcase classname="backend.tests.test_bulk_revoke.TestBulkRevokeFeature" name="test_bulk_revoke_invalid_confirmation_text" time="0.144" /><testcase classname="backend.tests.test_bulk_revoke.TestBulkRevokeFeature" name="test_bulk_revoke_reason_too_short" time="0.138" /><testcase classname="backend.tests.test_bulk_revoke.TestBulkRevokeFeature" name="test_bulk_revoke_empty_reason" time="0.157" /><testcase classname="backend.tests.test_bulk_revoke.TestBulkRevokeFeature" name="test_bulk_revoke_invalid_advocate" time="0.163" /><testcase classname="backend.tests.test_bulk_revoke.TestBulkRevokeFeature" name="test_bulk_revoke_with_revoke_confirmation" time="0.341" /><testcase classname="backend.tests.test_bulk_revoke.TestBulkRevokeFeature" name="test_bulk_revoke_audit_event_logged" time="0.162" /><testcase classname="backend.tests.test_bulk_revoke.TestBulkRevokeFeature" name="test_bulk_revoke_history_pagination" time="0.135" /><testcase classname="backend.tests.test_bulk_revoke.TestBulkRevokeFeature" name="test_bulk_revoke_history_regular_admin_can_access" time="0.232" /><testcase classname="backend.tests.test_bulk_revoke.TestBulkRevokeFeature" name="test_bulk_revoke_history_unauthenticated" time="0.168" /><testcase classname="backend.tests.test_bulk_revoke.TestStampRevokedEvents" name="test_stamp_events_after_bulk_revoke" time="3.634" /></testsuite></testsuites>