<?xml version="1.0" encoding="utf-8"?><testsuites name="pytest tests"><testsuite name="pytest" errors="3" failures="4" skipped="0" tests="15" time="7.055" timestamp="2026-02-25T18:44:23.982141+00:00" hostname="agent-env-a4e29570-bf65-41d7-86d4-607396114129"><testcase classname="backend.tests.test_bulk_revoke.TestBulkRevokeFeature" name="test_stamp_summary_returns_counts" time="0.861" /><testcase classname="backend.tests.test_bulk_revoke.TestBulkRevokeFeature" name="test_stamp_summary_regular_admin_can_access" time="0.577" /><testcase classname="backend.tests.test_bulk_revoke.TestBulkRevokeFeature" name="test_stamp_summary_invalid_advocate" time="0.644" /><testcase classname="backend.tests.test_bulk_revoke.TestBulkRevokeFeature" name="test_bulk_revoke_regular_admin_forbidden" time="0.494"><failure message="AssertionError: assert ('Super Admin' in 'CSRF token missing' or 'super' in 'csrf token missing')&#10; +  where 'CSRF token missing' = &lt;built-in method get of dict object at 0xff11d3019a00&gt;('detail', '')&#10; +    where &lt;built-in method get of dict object at 0xff11d3019a00&gt; = {'detail': 'CSRF token missing', 'error_code': 'CSRF_MISSING'}.get&#10; +  and   'csrf token missing' = &lt;built-in method lower of str object at 0xff11d2d0eec0&gt;()&#10; +    where &lt;built-in method lower of str object at 0xff11d2d0eec0&gt; = 'CSRF token missing'.lower&#10; +      where 'CSRF token missing' = &lt;built-in method get of dict object at 0xff11d3019a00&gt;('detail', '')&#10; +        where &lt;built-in method get of dict object at 0xff11d3019a00&gt; = {'detail': 'CSRF token missing', 'error_code': 'CSRF_MISSING'}.get">backend/tests/test_bulk_revoke.py:138: in test_bulk_revoke_regular_admin_forbidden
    assert "Super Admin" in data.get("detail", "") or "super" in data.get("detail", "").lower()
E   AssertionError: assert ('Super Admin' in 'CSRF token missing' or 'super' in 'csrf token missing')
E    +  where 'CSRF token missing' = &lt;built-in method get of dict object at 0xff11d3019a00&gt;('detail', '')
E    +    where &lt;built-in method get of dict object at 0xff11d3019a00&gt; = {'detail': 'CSRF token missing', 'error_code': 'CSRF_MISSING'}.get
E    +  and   'csrf token missing' = &lt;built-in method lower of str object at 0xff11d2d0eec0&gt;()
E    +    where &lt;built-in method lower of str object at 0xff11d2d0eec0&gt; = 'CSRF token missing'.lower
E    +      where 'CSRF token missing' = &lt;built-in method get of dict object at 0xff11d3019a00&gt;('detail', '')
E    +        where &lt;built-in method get of dict object at 0xff11d3019a00&gt; = {'detail': 'CSRF token missing', 'error_code': 'CSRF_MISSING'}.get</failure></testcase><testcase classname="backend.tests.test_bulk_revoke.TestBulkRevokeFeature" name="test_bulk_revoke_unauthenticated" time="0.114" /><testcase classname="backend.tests.test_bulk_revoke.TestBulkRevokeFeature" name="test_bulk_revoke_invalid_confirmation_text" time="0.747"><failure message="AssertionError: Expected 400, got 403: {&quot;detail&quot;:&quot;CSRF token missing&quot;,&quot;error_code&quot;:&quot;CSRF_MISSING&quot;}&#10;assert 403 == 400&#10; +  where 403 = &lt;Response [403]&gt;.status_code">backend/tests/test_bulk_revoke.py:170: in test_bulk_revoke_invalid_confirmation_text
    assert response.status_code == 400, f"Expected 400, got {response.status_code}: {response.text}"
E   AssertionError: Expected 400, got 403: {"detail":"CSRF token missing","error_code":"CSRF_MISSING"}
E   assert 403 == 400
E    +  where 403 = &lt;Response [403]&gt;.status_code</failure></testcase><testcase classname="backend.tests.test_bulk_revoke.TestBulkRevokeFeature" name="test_bulk_revoke_reason_too_short" time="0.543"><failure message="AssertionError: Expected 400, got 403: {&quot;detail&quot;:&quot;CSRF token missing&quot;,&quot;error_code&quot;:&quot;CSRF_MISSING&quot;}&#10;assert 403 == 400&#10; +  where 403 = &lt;Response [403]&gt;.status_code">backend/tests/test_bulk_revoke.py:187: in test_bulk_revoke_reason_too_short
    assert response.status_code == 400, f"Expected 400, got {response.status_code}: {response.text}"
E   AssertionError: Expected 400, got 403: {"detail":"CSRF token missing","error_code":"CSRF_MISSING"}
E   assert 403 == 400
E    +  where 403 = &lt;Response [403]&gt;.status_code</failure></testcase><testcase classname="backend.tests.test_bulk_revoke.TestBulkRevokeFeature" name="test_bulk_revoke_empty_reason" time="0.528"><failure message="AssertionError: Expected 400, got 403: {&quot;detail&quot;:&quot;CSRF token missing&quot;,&quot;error_code&quot;:&quot;CSRF_MISSING&quot;}&#10;assert 403 == 400&#10; +  where 403 = &lt;Response [403]&gt;.status_code">backend/tests/test_bulk_revoke.py:204: in test_bulk_revoke_empty_reason
    assert response.status_code == 400, f"Expected 400, got {response.status_code}: {response.text}"
E   AssertionError: Expected 400, got 403: {"detail":"CSRF token missing","error_code":"CSRF_MISSING"}
E   assert 403 == 400
E    +  where 403 = &lt;Response [403]&gt;.status_code</failure></testcase><testcase classname="backend.tests.test_bulk_revoke.TestBulkRevokeFeature" name="test_bulk_revoke_invalid_advocate" time="0.117"><error message="failed on setup with &quot;AssertionError: Super admin login failed: {&quot;detail&quot;:&quot;Too many requests. Please slow down.&quot;,&quot;retry_after&quot;:&quot;5 per 1 minute&quot;}&#10;assert 429 == 200&#10; +  where 429 = &lt;Response [429]&gt;.status_code&quot;">backend/tests/test_bulk_revoke.py:36: in super_admin_token
    assert response.status_code == 200, f"Super admin login failed: {response.text}"
E   AssertionError: Super admin login failed: {"detail":"Too many requests. Please slow down.","retry_after":"5 per 1 minute"}
E   assert 429 == 200
E    +  where 429 = &lt;Response [429]&gt;.status_code</error></testcase><testcase classname="backend.tests.test_bulk_revoke.TestBulkRevokeFeature" name="test_bulk_revoke_with_revoke_confirmation" time="0.134"><error message="failed on setup with &quot;AssertionError: Super admin login failed: {&quot;detail&quot;:&quot;Too many requests. Please slow down.&quot;,&quot;retry_after&quot;:&quot;5 per 1 minute&quot;}&#10;assert 429 == 200&#10; +  where 429 = &lt;Response [429]&gt;.status_code&quot;">backend/tests/test_bulk_revoke.py:36: in super_admin_token
    assert response.status_code == 200, f"Super admin login failed: {response.text}"
E   AssertionError: Super admin login failed: {"detail":"Too many requests. Please slow down.","retry_after":"5 per 1 minute"}
E   assert 429 == 200
E    +  where 429 = &lt;Response [429]&gt;.status_code</error></testcase><testcase classname="backend.tests.test_bulk_revoke.TestBulkRevokeFeature" name="test_bulk_revoke_audit_event_logged" time="0.539" /><testcase classname="backend.tests.test_bulk_revoke.TestBulkRevokeFeature" name="test_bulk_revoke_history_pagination" time="0.457" /><testcase classname="backend.tests.test_bulk_revoke.TestBulkRevokeFeature" name="test_bulk_revoke_history_regular_admin_can_access" time="0.259"><error message="failed on setup with &quot;AssertionError: Regular admin login failed: {&quot;detail&quot;:&quot;Too many requests. Please slow down.&quot;,&quot;retry_after&quot;:&quot;5 per 1 minute&quot;}&#10;assert 429 == 200&#10; +  where 429 = &lt;Response [429]&gt;.status_code&quot;">backend/tests/test_bulk_revoke.py:46: in regular_admin_token
    assert response.status_code == 200, f"Regular admin login failed: {response.text}"
E   AssertionError: Regular admin login failed: {"detail":"Too many requests. Please slow down.","retry_after":"5 per 1 minute"}
E   assert 429 == 200
E    +  where 429 = &lt;Response [429]&gt;.status_code</error></testcase><testcase classname="backend.tests.test_bulk_revoke.TestBulkRevokeFeature" name="test_bulk_revoke_history_unauthenticated" time="0.151" /><testcase classname="backend.tests.test_bulk_revoke.TestStampRevokedEvents" name="test_stamp_events_after_bulk_revoke" time="0.766" /></testsuite></testsuites>