<?xml version="1.0" encoding="utf-8"?><testsuites name="pytest tests"><testsuite name="pytest" errors="0" failures="0" skipped="0" tests="13" time="5.857" timestamp="2026-02-26T09:16:57.631904+00:00" hostname="agent-env-052fb4d6-9ff3-45d3-b890-81c487df4aa7"><testcase classname="backend.tests.test_calendar_events.TestCalendarEvents" name="test_get_events_list" time="0.537" /><testcase classname="backend.tests.test_calendar_events.TestCalendarEvents" name="test_create_event_meeting" time="0.216" /><testcase classname="backend.tests.test_calendar_events.TestCalendarEvents" name="test_create_event_court_hearing" time="0.220" /><testcase classname="backend.tests.test_calendar_events.TestCalendarEvents" name="test_create_event_deadline" time="0.232" /><testcase classname="backend.tests.test_calendar_events.TestCalendarEvents" name="test_mark_event_complete" time="0.336" /><testcase classname="backend.tests.test_calendar_events.TestCalendarEvents" name="test_cancel_event_with_reason" time="0.434" /><testcase classname="backend.tests.test_calendar_events.TestCalendarEvents" name="test_cancel_event_requires_reason" time="0.366" /><testcase classname="backend.tests.test_calendar_events.TestCalendarEvents" name="test_reschedule_event" time="0.445" /><testcase classname="backend.tests.test_calendar_events.TestCalendarEvents" name="test_convert_event_to_task" time="0.433" /><testcase classname="backend.tests.test_calendar_events.TestCalendarEvents" name="test_move_event_drag_drop" time="0.483" /><testcase classname="backend.tests.test_calendar_events.TestCalendarEvents" name="test_update_event" time="0.439" /><testcase classname="backend.tests.test_calendar_events.TestCalendarEvents" name="test_delete_event" time="0.339" /><testcase classname="backend.tests.test_calendar_events.TestCalendarEvents" name="test_event_types_created_correctly" time="1.256" /></testsuite></testsuites>