<?xml version="1.0" encoding="utf-8"?><testsuites name="pytest tests"><testsuite name="pytest" errors="1" failures="11" skipped="0" tests="13" time="2.360" timestamp="2026-02-26T09:16:40.743900+00:00" hostname="agent-env-052fb4d6-9ff3-45d3-b890-81c487df4aa7"><testcase classname="backend.tests.test_calendar_events.TestCalendarEvents" name="test_get_events_list" time="0.822" /><testcase classname="backend.tests.test_calendar_events.TestCalendarEvents" name="test_create_event_meeting" time="0.107"><failure message="assert 403 == 200&#10; +  where 403 = &lt;Response [403]&gt;.status_code">backend/tests/test_calendar_events.py:105: in test_create_event_meeting
    assert response.status_code == 200
E   assert 403 == 200
E    +  where 403 = &lt;Response [403]&gt;.status_code</failure></testcase><testcase classname="backend.tests.test_calendar_events.TestCalendarEvents" name="test_create_event_court_hearing" time="0.107"><failure message="assert 403 == 200&#10; +  where 403 = &lt;Response [403]&gt;.status_code">backend/tests/test_calendar_events.py:131: in test_create_event_court_hearing
    assert response.status_code == 200
E   assert 403 == 200
E    +  where 403 = &lt;Response [403]&gt;.status_code</failure></testcase><testcase classname="backend.tests.test_calendar_events.TestCalendarEvents" name="test_create_event_deadline" time="0.111"><failure message="assert 403 == 200&#10; +  where 403 = &lt;Response [403]&gt;.status_code">backend/tests/test_calendar_events.py:154: in test_create_event_deadline
    assert response.status_code == 200
E   assert 403 == 200
E    +  where 403 = &lt;Response [403]&gt;.status_code</failure></testcase><testcase classname="backend.tests.test_calendar_events.TestCalendarEvents" name="test_mark_event_complete" time="0.105"><error message="failed on setup with &quot;AssertionError: Failed to create test event: {&quot;detail&quot;:&quot;CSRF token missing&quot;,&quot;error_code&quot;:&quot;CSRF_MISSING&quot;}&#10;assert 403 == 200&#10; +  where 403 = &lt;Response [403]&gt;.status_code&quot;">backend/tests/test_calendar_events.py:70: in test_event_id
    assert response.status_code == 200, f"Failed to create test event: {response.text}"
E   AssertionError: Failed to create test event: {"detail":"CSRF token missing","error_code":"CSRF_MISSING"}
E   assert 403 == 200
E    +  where 403 = &lt;Response [403]&gt;.status_code</error></testcase><testcase classname="backend.tests.test_calendar_events.TestCalendarEvents" name="test_cancel_event_with_reason" time="0.103"><failure message="assert 403 == 200&#10; +  where 403 = &lt;Response [403]&gt;.status_code">backend/tests/test_calendar_events.py:202: in test_cancel_event_with_reason
    assert create_response.status_code == 200
E   assert 403 == 200
E    +  where 403 = &lt;Response [403]&gt;.status_code</failure></testcase><testcase classname="backend.tests.test_calendar_events.TestCalendarEvents" name="test_cancel_event_requires_reason" time="0.098"><failure message="KeyError: 'id'">backend/tests/test_calendar_events.py:241: in test_cancel_event_requires_reason
    event_id = create_response.json()["id"]
               ^^^^^^^^^^^^^^^^^^^^^^^^^^^^
E   KeyError: 'id'</failure></testcase><testcase classname="backend.tests.test_calendar_events.TestCalendarEvents" name="test_reschedule_event" time="0.097"><failure message="KeyError: 'id'">backend/tests/test_calendar_events.py:270: in test_reschedule_event
    event_id = create_response.json()["id"]
               ^^^^^^^^^^^^^^^^^^^^^^^^^^^^
E   KeyError: 'id'</failure></testcase><testcase classname="backend.tests.test_calendar_events.TestCalendarEvents" name="test_convert_event_to_task" time="0.104"><failure message="KeyError: 'id'">backend/tests/test_calendar_events.py:316: in test_convert_event_to_task
    event_id = create_response.json()["id"]
               ^^^^^^^^^^^^^^^^^^^^^^^^^^^^
E   KeyError: 'id'</failure></testcase><testcase classname="backend.tests.test_calendar_events.TestCalendarEvents" name="test_move_event_drag_drop" time="0.123"><failure message="KeyError: 'id'">backend/tests/test_calendar_events.py:356: in test_move_event_drag_drop
    event_id = create_response.json()["id"]
               ^^^^^^^^^^^^^^^^^^^^^^^^^^^^
E   KeyError: 'id'</failure></testcase><testcase classname="backend.tests.test_calendar_events.TestCalendarEvents" name="test_update_event" time="0.100"><failure message="KeyError: 'id'">backend/tests/test_calendar_events.py:394: in test_update_event
    event_id = create_response.json()["id"]
               ^^^^^^^^^^^^^^^^^^^^^^^^^^^^
E   KeyError: 'id'</failure></testcase><testcase classname="backend.tests.test_calendar_events.TestCalendarEvents" name="test_delete_event" time="0.117"><failure message="KeyError: 'id'">backend/tests/test_calendar_events.py:432: in test_delete_event
    event_id = create_response.json()["id"]
               ^^^^^^^^^^^^^^^^^^^^^^^^^^^^
E   KeyError: 'id'</failure></testcase><testcase classname="backend.tests.test_calendar_events.TestCalendarEvents" name="test_event_types_created_correctly" time="0.102"><failure message="assert 403 == 200&#10; +  where 403 = &lt;Response [403]&gt;.status_code">backend/tests/test_calendar_events.py:460: in test_event_types_created_correctly
    assert response.status_code == 200
E   assert 403 == 200
E    +  where 403 = &lt;Response [403]&gt;.status_code</failure></testcase></testsuite></testsuites>