<?xml version="1.0" encoding="utf-8"?><testsuites name="pytest tests"><testsuite name="pytest" errors="0" failures="0" skipped="0" tests="6" time="2.112" timestamp="2026-02-04T10:58:46.116262+00:00" hostname="agent-env-f4dad8e2-d250-4944-9d55-a7c19d70d56e"><testcase classname="backend.tests.test_circle_stamp_visibility.TestCircleStampVisibility" name="test_backend_health" time="0.335" /><testcase classname="backend.tests.test_circle_stamp_visibility.TestCircleStampVisibility" name="test_circle_stamp_generation" time="0.351" /><testcase classname="backend.tests.test_circle_stamp_visibility.TestCircleStampVisibility" name="test_stamp_template_with_circle_shape" time="0.304" /><testcase classname="backend.tests.test_circle_stamp_visibility.TestCircleStampVisibility" name="test_verification_of_stamped_document" time="0.385" /><testcase classname="backend.tests.test_circle_stamp_visibility.TestCircleStampSizing" name="test_stamp_with_130px_width" time="0.346" /><testcase classname="backend.tests.test_circle_stamp_visibility.TestCircleStampSizing" name="test_stamp_content_visible_in_pdf" time="0.343" /></testsuite></testsuites>