<?xml version="1.0" encoding="utf-8"?><testsuites name="pytest tests"><testsuite name="pytest" errors="0" failures="0" skipped="0" tests="8" time="2.294" timestamp="2026-02-04T12:34:43.069401+00:00" hostname="agent-env-f4dad8e2-d250-4944-9d55-a7c19d70d56e"><testcase classname="backend.tests.test_circle_oval_layout_uniformity.TestCircleOvalLayoutUniformity" name="test_backend_health" time="0.324" /><testcase classname="backend.tests.test_circle_oval_layout_uniformity.TestCircleOvalLayoutUniformity" name="test_stamp_templates_exist" time="0.304" /><testcase classname="backend.tests.test_circle_oval_layout_uniformity.TestCircleOvalLayoutUniformity" name="test_circle_stamp_code_structure" time="0.266" /><testcase classname="backend.tests.test_circle_oval_layout_uniformity.TestCircleOvalLayoutUniformity" name="test_oval_stamp_code_structure" time="0.265" /><testcase classname="backend.tests.test_circle_oval_layout_uniformity.TestCircleOvalLayoutUniformity" name="test_circle_oval_layout_matching" time="0.272" /><testcase classname="backend.tests.test_circle_oval_layout_uniformity.TestCircleOvalLayoutUniformity" name="test_document_stamp_page_no_tabs" time="0.271" /><testcase classname="backend.tests.test_circle_oval_layout_uniformity.TestCircleOvalLayoutUniformity" name="test_frontend_circle_stamp_preview_elements" time="0.269" /><testcase classname="backend.tests.test_circle_oval_layout_uniformity.TestCircleOvalLayoutUniformity" name="test_frontend_oval_stamp_preview_elements" time="0.265" /></testsuite></testsuites>