<?xml version="1.0" encoding="utf-8"?><testsuites name="pytest tests"><testsuite name="pytest" errors="0" failures="0" skipped="0" tests="9" time="3.734" timestamp="2026-02-04T09:47:35.294737+00:00" hostname="agent-env-f4dad8e2-d250-4944-9d55-a7c19d70d56e"><testcase classname="backend.tests.test_circle_stamp_fix.TestCircleStampFix" name="test_backend_health" time="0.420" /><testcase classname="backend.tests.test_circle_stamp_fix.TestCircleStampFix" name="test_login_works" time="0.500" /><testcase classname="backend.tests.test_circle_stamp_fix.TestCircleStampFix" name="test_stamp_templates_exist" time="0.282" /><testcase classname="backend.tests.test_circle_stamp_fix.TestCircleStampFix" name="test_document_upload" time="0.303" /><testcase classname="backend.tests.test_circle_stamp_fix.TestCircleStampFix" name="test_circle_stamp_generation" time="0.433" /><testcase classname="backend.tests.test_circle_stamp_fix.TestCircleStampFix" name="test_stamp_centering_calculation" time="0.358" /><testcase classname="backend.tests.test_circle_stamp_fix.TestCircleStampFix" name="test_verify_stamp" time="0.373" /><testcase classname="backend.tests.test_circle_stamp_fix.TestCircleStampFix" name="test_all_shapes_generate" time="0.526" /><testcase classname="backend.tests.test_circle_stamp_fix.TestCleanup" name="test_list_stamps_for_cleanup" time="0.347" /></testsuite></testsuites>