<?xml version="1.0" encoding="utf-8"?><testsuites name="pytest tests"><testsuite name="pytest" errors="0" failures="0" skipped="0" tests="7" time="2.653" timestamp="2026-02-04T10:40:32.833133+00:00" hostname="agent-env-f4dad8e2-d250-4944-9d55-a7c19d70d56e"><testcase classname="backend.tests.test_circle_stamp_clean.TestCircleStampCleanFixes" name="test_backend_health" time="0.392" /><testcase classname="backend.tests.test_circle_stamp_clean.TestCircleStampCleanFixes" name="test_create_circle_stamp_clean_text" time="0.428" /><testcase classname="backend.tests.test_circle_stamp_clean.TestCircleStampCleanFixes" name="test_verify_circle_stamp" time="0.390" /><testcase classname="backend.tests.test_circle_stamp_clean.TestCircleStampCleanFixes" name="test_stamp_templates_with_circle" time="0.301" /><testcase classname="backend.tests.test_circle_stamp_clean.TestCircleStampCleanFixes" name="test_different_brand_colors_circle" time="0.517" /><testcase classname="backend.tests.test_circle_stamp_clean.TestCircleStampCleanFixes" name="test_circle_stamp_with_without_advocate_name" time="0.425" /><testcase classname="backend.tests.test_circle_stamp_clean.TestFrontendCircleStampPreview" name="test_frontend_endpoint_available" time="0.046" /></testsuite></testsuites>