<?xml version="1.0" encoding="utf-8"?><testsuites name="pytest tests"><testsuite name="pytest" errors="0" failures="0" skipped="0" tests="6" time="1.108" timestamp="2026-02-03T12:23:53.584079+00:00" hostname="agent-env-b0007b18-ae7c-4254-a086-af9ba0a0b62f"><testcase classname="backend.tests.test_circle_stamp_orientation.TestCircleStampOrientation" name="test_circle_stamp_generation" time="0.500" /><testcase classname="backend.tests.test_circle_stamp_orientation.TestCircleStampOrientation" name="test_circle_stamp_verification" time="0.132" /><testcase classname="backend.tests.test_circle_stamp_orientation.TestCircleStampOrientation" name="test_circle_stamp_with_reduced_size" time="0.094" /><testcase classname="backend.tests.test_circle_stamp_orientation.TestCircleStampOrientation" name="test_multiple_stamp_shapes_supported" time="0.280" /><testcase classname="backend.tests.test_circle_stamp_orientation.TestTextOrientationAlgorithm" name="test_backend_health" time="0.038" /><testcase classname="backend.tests.test_circle_stamp_orientation.TestTextOrientationAlgorithm" name="test_circle_stamp_text_fields_in_backend" time="0.002" /></testsuite></testsuites>