<?xml version="1.0" encoding="utf-8"?><testsuites name="pytest tests"><testsuite name="pytest" errors="0" failures="0" skipped="0" tests="9" time="1.869" timestamp="2026-02-04T13:31:24.737453+00:00" hostname="agent-env-5753d12e-1b50-4d52-8443-aea6fb9bd144"><testcase classname="backend.tests.test_circle_stamp_consistency.TestCircleStampConsistency" name="test_backend_health" time="0.100" /><testcase classname="backend.tests.test_circle_stamp_consistency.TestCircleStampConsistency" name="test_login_with_credentials" time="0.319" /><testcase classname="backend.tests.test_circle_stamp_consistency.TestCircleStampConsistency" name="test_circle_template_exists" time="0.306" /><testcase classname="backend.tests.test_circle_stamp_consistency.TestCircleStampConsistency" name="test_create_circle_stamped_document" time="0.123" /><testcase classname="backend.tests.test_circle_stamp_consistency.TestCircleStampConsistency" name="test_verify_circle_stamp" time="0.154" /><testcase classname="backend.tests.test_circle_stamp_consistency.TestCircleStampConsistency" name="test_stamped_pdf_contains_stamp_image" time="0.085" /><testcase classname="backend.tests.test_circle_stamp_consistency.TestCircleStampConsistency" name="test_qr_code_is_valid_image" time="0.096" /><testcase classname="backend.tests.test_circle_stamp_consistency.TestCircleStampConsistency" name="test_circle_stamp_with_advocate_name_disabled" time="0.088" /><testcase classname="backend.tests.test_circle_stamp_consistency.TestCircleStampConsistency" name="test_multiple_brand_colors" time="0.433" /></testsuite></testsuites>