<?xml version="1.0" encoding="utf-8"?><testsuites name="pytest tests"><testsuite name="pytest" errors="0" failures="0" skipped="0" tests="6" time="1.941" timestamp="2026-02-25T19:20:40.741239+00:00" hostname="agent-env-a4e29570-bf65-41d7-86d4-607396114129"><testcase classname="backend.tests.test_crypto_signing.TestCryptoStatus" name="test_crypto_status_returns_signing_available" time="0.306" /><testcase classname="backend.tests.test_crypto_signing.TestPublicKeyEndpoint" name="test_tls_stamp_keys_returns_public_key_pem" time="0.197" /><testcase classname="backend.tests.test_crypto_signing.TestCryptoStampVerification" name="test_new_stamp_has_crypto_verified_true" time="0.242" /><testcase classname="backend.tests.test_crypto_signing.TestCryptoStampVerification" name="test_old_stamp_has_crypto_verified_null" time="0.117" /><testcase classname="backend.tests.test_crypto_signing.TestCryptoStampVerification" name="test_invalid_stamp_returns_valid_false" time="0.170" /><testcase classname="backend.tests.test_crypto_signing.TestNewStampCreationWithCrypto" name="test_stamp_creation_includes_crypto_signature" time="0.851" /></testsuite></testsuites>