<?xml version="1.0" encoding="utf-8"?><testsuites name="pytest tests"><testsuite name="pytest" errors="0" failures="0" skipped="0" tests="14" time="3.550" timestamp="2026-02-20T12:36:29.141922+00:00" hostname="agent-env-ac0ff4ce-49d1-4c9b-a4aa-88aaa1296b62"><testcase classname="backend.tests.test_csrf_protection.TestCSRFProtection" name="test_login_returns_csrf_token" time="0.423" /><testcase classname="backend.tests.test_csrf_protection.TestCSRFProtection" name="test_post_without_csrf_token_returns_403" time="0.444" /><testcase classname="backend.tests.test_csrf_protection.TestCSRFProtection" name="test_post_with_invalid_csrf_token_returns_403" time="0.094" /><testcase classname="backend.tests.test_csrf_protection.TestCSRFProtection" name="test_post_with_valid_csrf_token_succeeds" time="0.145" /><testcase classname="backend.tests.test_csrf_protection.TestCSRFProtection" name="test_get_requests_work_without_csrf_token" time="0.105" /><testcase classname="backend.tests.test_csrf_protection.TestCSRFProtection" name="test_public_login_endpoint_works_without_csrf" time="0.336" /><testcase classname="backend.tests.test_csrf_protection.TestCSRFProtection" name="test_public_register_endpoint_works_without_csrf" time="0.125" /><testcase classname="backend.tests.test_csrf_protection.TestCSRFProtection" name="test_delete_request_without_csrf_returns_403" time="0.107" /><testcase classname="backend.tests.test_csrf_protection.TestCSRFProtection" name="test_put_request_without_csrf_returns_403" time="0.122" /><testcase classname="backend.tests.test_csrf_protection.TestCSRFProtection" name="test_public_verify_endpoint_works_without_csrf" time="0.113" /><testcase classname="backend.tests.test_csrf_protection.TestCSRFProtection" name="test_csrf_token_unique_per_login" time="1.046" /><testcase classname="backend.tests.test_csrf_protection.TestCSRFProtection" name="test_patch_request_requires_csrf" time="0.135" /><testcase classname="backend.tests.test_csrf_protection.TestCSRFExemptPaths" name="test_forgot_password_exempt" time="0.122" /><testcase classname="backend.tests.test_csrf_protection.TestCSRFExemptPaths" name="test_health_endpoint_exempt" time="0.168" /></testsuite></testsuites>