<?xml version="1.0" encoding="utf-8"?><testsuites name="pytest tests"><testsuite name="pytest" errors="0" failures="1" skipped="0" tests="14" time="3.647" timestamp="2026-02-20T12:35:55.961846+00:00" hostname="agent-env-ac0ff4ce-49d1-4c9b-a4aa-88aaa1296b62"><testcase classname="backend.tests.test_csrf_protection.TestCSRFProtection" name="test_login_returns_csrf_token" time="0.497" /><testcase classname="backend.tests.test_csrf_protection.TestCSRFProtection" name="test_post_without_csrf_token_returns_403" time="0.479" /><testcase classname="backend.tests.test_csrf_protection.TestCSRFProtection" name="test_post_with_invalid_csrf_token_returns_403" time="0.132" /><testcase classname="backend.tests.test_csrf_protection.TestCSRFProtection" name="test_post_with_valid_csrf_token_succeeds" time="0.112"><failure message="AssertionError: Expected success, got 404: {&quot;detail&quot;:&quot;Not Found&quot;}&#10;assert 404 in [200, 201]&#10; +  where 404 = &lt;Response [404]&gt;.status_code">backend/tests/test_csrf_protection.py:140: in test_post_with_valid_csrf_token_succeeds
    assert response.status_code in [200, 201], f"Expected success, got {response.status_code}: {response.text}"
E   AssertionError: Expected success, got 404: {"detail":"Not Found"}
E   assert 404 in [200, 201]
E    +  where 404 = &lt;Response [404]&gt;.status_code</failure></testcase><testcase classname="backend.tests.test_csrf_protection.TestCSRFProtection" name="test_get_requests_work_without_csrf_token" time="0.158" /><testcase classname="backend.tests.test_csrf_protection.TestCSRFProtection" name="test_public_login_endpoint_works_without_csrf" time="0.331" /><testcase classname="backend.tests.test_csrf_protection.TestCSRFProtection" name="test_public_register_endpoint_works_without_csrf" time="0.104" /><testcase classname="backend.tests.test_csrf_protection.TestCSRFProtection" name="test_delete_request_without_csrf_returns_403" time="0.097" /><testcase classname="backend.tests.test_csrf_protection.TestCSRFProtection" name="test_put_request_without_csrf_returns_403" time="0.151" /><testcase classname="backend.tests.test_csrf_protection.TestCSRFProtection" name="test_public_verify_endpoint_works_without_csrf" time="0.105" /><testcase classname="backend.tests.test_csrf_protection.TestCSRFProtection" name="test_csrf_token_unique_per_login" time="1.045" /><testcase classname="backend.tests.test_csrf_protection.TestCSRFProtection" name="test_patch_request_requires_csrf" time="0.105" /><testcase classname="backend.tests.test_csrf_protection.TestCSRFExemptPaths" name="test_forgot_password_exempt" time="0.109" /><testcase classname="backend.tests.test_csrf_protection.TestCSRFExemptPaths" name="test_health_endpoint_exempt" time="0.124" /></testsuite></testsuites>