<?xml version="1.0" encoding="utf-8"?><testsuites name="pytest tests"><testsuite name="pytest" errors="0" failures="0" skipped="0" tests="14" time="2.864" timestamp="2026-02-20T08:58:43.942712+00:00" hostname="agent-env-ac0ff4ce-49d1-4c9b-a4aa-88aaa1296b62"><testcase classname="backend.tests.test_custom_templates.TestCustomTemplates" name="test_01_list_templates" time="0.601" /><testcase classname="backend.tests.test_custom_templates.TestCustomTemplates" name="test_02_create_template" time="0.113" /><testcase classname="backend.tests.test_custom_templates.TestCustomTemplates" name="test_03_get_template" time="0.109" /><testcase classname="backend.tests.test_custom_templates.TestCustomTemplates" name="test_04_update_template" time="0.265" /><testcase classname="backend.tests.test_custom_templates.TestCustomTemplates" name="test_05_preview_custom_template" time="0.110" /><testcase classname="backend.tests.test_custom_templates.TestCustomTemplates" name="test_06_generate_custom_template_pdf" time="0.131" /><testcase classname="backend.tests.test_custom_templates.TestCustomTemplates" name="test_07_generate_with_signature" time="0.146" /><testcase classname="backend.tests.test_custom_templates.TestCustomTemplates" name="test_08_generate_with_qr_stamp" time="0.120" /><testcase classname="backend.tests.test_custom_templates.TestCustomTemplates" name="test_09_generate_with_both_options" time="0.109" /><testcase classname="backend.tests.test_custom_templates.TestCustomTemplates" name="test_10_generate_and_save_to_vault" time="0.230" /><testcase classname="backend.tests.test_custom_templates.TestCustomTemplates" name="test_11_invalid_template_id" time="0.101" /><testcase classname="backend.tests.test_custom_templates.TestCustomTemplates" name="test_12_preview_invalid_template_id" time="0.121" /><testcase classname="backend.tests.test_custom_templates.TestCustomTemplates" name="test_99_delete_template" time="0.211" /><testcase classname="backend.tests.test_custom_templates.TestExistingTemplate" name="test_existing_template_exists" time="0.423" /></testsuite></testsuites>