<?xml version="1.0" encoding="utf-8"?><testsuites name="pytest tests"><testsuite name="pytest" errors="0" failures="0" skipped="0" tests="4" time="2.694" timestamp="2026-02-27T06:40:22.754397+00:00" hostname="agent-env-c0cc6ff3-0c39-4a1f-9a8b-fe71523f6302"><testcase classname="tests.test_document_stamping_flow.TestDocumentStampingFlow" name="test_upload_image_converts_to_pdf" time="0.720" /><testcase classname="tests.test_document_stamping_flow.TestDocumentStampingFlow" name="test_stamp_with_converted_pdf" time="0.760" /><testcase classname="tests.test_document_stamping_flow.TestDocumentStampingFlow" name="test_stamp_with_notarization_type" time="0.688" /><testcase classname="tests.test_document_stamping_flow.TestDocumentStampingFlow" name="test_upload_pdf_directly" time="0.466" /></testsuite></testsuites>