<?xml version="1.0" encoding="utf-8"?><testsuites name="pytest tests"><testsuite name="pytest" errors="0" failures="0" skipped="0" tests="11" time="4.091" timestamp="2026-01-31T16:08:21.263543+00:00" hostname="agent-env-35ae7f24-7e32-4493-bc45-55d154883bc5"><testcase classname="backend.tests.test_document_stamping.TestDocumentStampingFlow" name="test_01_login_success" time="0.623" /><testcase classname="backend.tests.test_document_stamping.TestDocumentStampingFlow" name="test_02_get_user_profile" time="0.279" /><testcase classname="backend.tests.test_document_stamping.TestDocumentStampingFlow" name="test_03_document_upload_pdf" time="0.304" /><testcase classname="backend.tests.test_document_stamping.TestDocumentStampingFlow" name="test_04_document_stamp_creates_stamp" time="0.377" /><testcase classname="backend.tests.test_document_stamping.TestDocumentStampingFlow" name="test_05_stamped_pdf_contains_stamp" time="0.262" /><testcase classname="backend.tests.test_document_stamping.TestDocumentStampingFlow" name="test_06_verify_stamp_public_endpoint" time="0.345" /><testcase classname="backend.tests.test_document_stamping.TestDocumentStampingFlow" name="test_07_get_document_stamps_list" time="0.309" /><testcase classname="backend.tests.test_document_stamping.TestDocumentStampingFlow" name="test_08_stamp_preview_data_format" time="0.333" /><testcase classname="backend.tests.test_document_stamping.TestDocumentStampingFlow" name="test_09_input_fields_work_correctly" time="0.344" /><testcase classname="backend.tests.test_document_stamping.TestDocumentStampingFlow" name="test_10_stamping_flow_completes_successfully" time="0.384" /><testcase classname="backend.tests.test_document_stamping.TestStampPreviewRealisticData" name="test_stamp_id_format_tls_yyyymmdd_xxxx" time="0.336" /></testsuite></testsuites>