<?xml version="1.0" encoding="utf-8"?><testsuites name="pytest tests"><testsuite name="pytest" errors="0" failures="0" skipped="0" tests="14" time="6.973" timestamp="2026-02-19T23:01:38.024267+00:00" hostname="agent-env-ac0ff4ce-49d1-4c9b-a4aa-88aaa1296b62"><testcase classname="tests.test_document_templates.TestTemplatesList" name="test_list_templates_returns_10_templates" time="0.541" /><testcase classname="tests.test_document_templates.TestTemplatesList" name="test_template_has_required_fields" time="0.130" /><testcase classname="tests.test_document_templates.TestTemplatesList" name="test_power_of_attorney_template_details" time="0.183" /><testcase classname="tests.test_document_templates.TestTemplatePreview" name="test_preview_fills_placeholders" time="0.131" /><testcase classname="tests.test_document_templates.TestTemplatePreview" name="test_preview_with_invalid_template_returns_404" time="0.121" /><testcase classname="tests.test_document_templates.TestTemplatePreview" name="test_preview_missing_placeholders_uses_blanks" time="0.254" /><testcase classname="tests.test_document_templates.TestTemplateGenerate" name="test_generate_pdf_returns_binary_content" time="0.149" /><testcase classname="tests.test_document_templates.TestTemplateGenerate" name="test_generate_pdf_with_signature" time="0.154" /><testcase classname="tests.test_document_templates.TestTemplateGenerate" name="test_generate_all_template_types" time="3.974" /><testcase classname="tests.test_document_templates.TestTemplateHistory" name="test_history_returns_generated_documents" time="0.288" /><testcase classname="tests.test_document_templates.TestTemplateHistory" name="test_history_with_limit_parameter" time="0.125" /><testcase classname="tests.test_document_templates.TestSpecificTemplate" name="test_get_specific_template" time="0.210" /><testcase classname="tests.test_document_templates.TestSpecificTemplate" name="test_get_nonexistent_template_returns_404" time="0.517" /><testcase classname="tests.test_document_templates.TestTemplateCategories" name="test_templates_have_valid_categories" time="0.119" /></testsuite></testsuites>