<?xml version="1.0" encoding="utf-8"?><testsuites name="pytest tests"><testsuite name="pytest" errors="0" failures="0" skipped="0" tests="16" time="7.325" timestamp="2026-02-16T20:02:53.379987+00:00" hostname="agent-env-b4130a2d-a41a-42b0-8615-66fa599cf7fc"><testcase classname="backend.tests.test_email_verification_login_logging.TestHealthCheck" name="test_api_health" time="0.265" /><testcase classname="backend.tests.test_email_verification_login_logging.TestEmailVerificationRegistration" name="test_register_creates_unverified_user" time="0.735" /><testcase classname="backend.tests.test_email_verification_login_logging.TestVerifyEmailEndpoint" name="test_verify_email_invalid_token" time="0.226" /><testcase classname="backend.tests.test_email_verification_login_logging.TestVerifyEmailEndpoint" name="test_verify_email_empty_token" time="0.139" /><testcase classname="backend.tests.test_email_verification_login_logging.TestResendVerificationEndpoint" name="test_resend_verification_valid_email" time="0.482" /><testcase classname="backend.tests.test_email_verification_login_logging.TestResendVerificationEndpoint" name="test_resend_verification_nonexistent_email" time="0.125" /><testcase classname="backend.tests.test_email_verification_login_logging.TestResendVerificationEndpoint" name="test_resend_verification_invalid_email_format" time="0.191" /><testcase classname="backend.tests.test_email_verification_login_logging.TestLoginBlockingForUnverifiedUsers" name="test_login_blocked_for_unverified_user" time="0.993" /><testcase classname="backend.tests.test_email_verification_login_logging.TestLoginAttemptLogging" name="test_failed_login_is_logged" time="0.137" /><testcase classname="backend.tests.test_email_verification_login_logging.TestLoginAttemptLogging" name="test_successful_login_is_logged" time="0.381" /><testcase classname="backend.tests.test_email_verification_login_logging.TestAdminLoginAttemptsEndpoint" name="test_admin_can_access_login_attempts" time="0.666" /><testcase classname="backend.tests.test_email_verification_login_logging.TestAdminLoginAttemptsEndpoint" name="test_login_attempts_filter_by_success" time="0.531" /><testcase classname="backend.tests.test_email_verification_login_logging.TestAdminLoginAttemptsEndpoint" name="test_login_attempts_filter_by_email" time="0.503" /><testcase classname="backend.tests.test_email_verification_login_logging.TestAdminLoginAttemptsEndpoint" name="test_login_attempts_unauthorized_access" time="0.182" /><testcase classname="backend.tests.test_email_verification_login_logging.TestVerifiedUserLogin" name="test_verified_user_can_login" time="0.359" /><testcase classname="backend.tests.test_email_verification_login_logging.TestEndToEndEmailVerificationFlow" name="test_complete_verification_flow" time="1.331" /></testsuite></testsuites>