<?xml version="1.0" encoding="utf-8"?><testsuites name="pytest tests"><testsuite name="pytest" errors="0" failures="0" skipped="0" tests="10" time="3.617" timestamp="2026-01-30T21:34:16.118550+00:00" hostname="agent-env-7aa3ad71-75ca-49a9-a11f-680a6f49fe79"><testcase classname="backend.tests.test_enhanced_features.TestDocumentStampWithMetadata" name="test_document_stamp_with_all_new_fields" time="0.355" /><testcase classname="backend.tests.test_enhanced_features.TestDocumentStampWithMetadata" name="test_document_stamp_with_different_document_types" time="0.599" /><testcase classname="backend.tests.test_enhanced_features.TestDocumentStampWithMetadata" name="test_document_stamp_with_custom_brand_color" time="0.542" /><testcase classname="backend.tests.test_enhanced_features.TestDocumentStampWithMetadata" name="test_document_stamp_branding_options" time="0.468" /><testcase classname="backend.tests.test_enhanced_features.TestVerificationWithExtendedFields" name="test_verify_stamp_returns_extended_fields" time="0.343" /><testcase classname="backend.tests.test_enhanced_features.TestVerificationWithExtendedFields" name="test_verify_invalid_stamp_id" time="0.301" /><testcase classname="backend.tests.test_enhanced_features.TestEarningsDashboard" name="test_earnings_summary_endpoint" time="0.302" /><testcase classname="backend.tests.test_enhanced_features.TestEarningsDashboard" name="test_earnings_requires_authentication" time="0.298" /><testcase classname="backend.tests.test_enhanced_features.TestDocumentStampsList" name="test_get_document_stamps_list" time="0.319" /><testcase classname="backend.tests.test_enhanced_features.TestStampTypes" name="test_get_stamp_types" time="0.037" /></testsuite></testsuites>