<?xml version="1.0" encoding="utf-8"?><testsuites name="pytest tests"><testsuite name="pytest" errors="0" failures="5" skipped="0" tests="16" time="4.813" timestamp="2026-02-20T13:17:48.674570+00:00" hostname="agent-env-ac0ff4ce-49d1-4c9b-a4aa-88aaa1296b62"><testcase classname="backend.tests.test_httponly_cookie_auth.TestHttpOnlyCookieAuth" name="test_1_login_returns_access_token_in_body" time="0.403" /><testcase classname="backend.tests.test_httponly_cookie_auth.TestHttpOnlyCookieAuth" name="test_2_login_sets_httponly_cookie" time="0.348" /><testcase classname="backend.tests.test_httponly_cookie_auth.TestHttpOnlyCookieAuth" name="test_3_cookie_attributes" time="0.355" /><testcase classname="backend.tests.test_httponly_cookie_auth.TestHttpOnlyCookieAuth" name="test_4_protected_endpoint_with_cookie_only" time="0.415" /><testcase classname="backend.tests.test_httponly_cookie_auth.TestHttpOnlyCookieAuth" name="test_5_protected_endpoint_with_authorization_header" time="0.435" /><testcase classname="backend.tests.test_httponly_cookie_auth.TestHttpOnlyCookieAuth" name="test_6_logout_clears_cookie" time="0.110"><failure message="assert 429 == 200&#10; +  where 429 = &lt;Response [429]&gt;.status_code">backend/tests/test_httponly_cookie_auth.py:182: in test_6_logout_clears_cookie
    assert login_response.status_code == 200
E   assert 429 == 200
E    +  where 429 = &lt;Response [429]&gt;.status_code</failure></testcase><testcase classname="backend.tests.test_httponly_cookie_auth.TestHttpOnlyCookieAuth" name="test_7_after_logout_protected_endpoints_return_401" time="0.117"><failure message="assert 429 == 200&#10; +  where 429 = &lt;Response [429]&gt;.status_code">backend/tests/test_httponly_cookie_auth.py:225: in test_7_after_logout_protected_endpoints_return_401
    assert login_response.status_code == 200
E   assert 429 == 200
E    +  where 429 = &lt;Response [429]&gt;.status_code</failure></testcase><testcase classname="backend.tests.test_httponly_cookie_auth.TestHttpOnlyCookieAuth" name="test_8_csrf_protection_with_cookie_auth" time="0.462" /><testcase classname="backend.tests.test_httponly_cookie_auth.TestHttpOnlyCookieAuth" name="test_9_cookie_token_matches_body_token" time="0.340" /><testcase classname="backend.tests.test_httponly_cookie_auth.TestHttpOnlyCookieAuth" name="test_10_both_auth_methods_return_same_user" time="0.561" /><testcase classname="backend.tests.test_httponly_cookie_auth.TestCookiePriority" name="test_cookie_takes_priority" time="0.423" /><testcase classname="backend.tests.test_httponly_cookie_auth.TestLogoutEndpoint" name="test_logout_returns_success_message" time="0.143"><failure message="assert 429 == 200&#10; +  where 429 = &lt;Response [429]&gt;.status_code">backend/tests/test_httponly_cookie_auth.py:390: in test_logout_returns_success_message
    assert login_response.status_code == 200
E   assert 429 == 200
E    +  where 429 = &lt;Response [429]&gt;.status_code</failure></testcase><testcase classname="backend.tests.test_httponly_cookie_auth.TestLogoutEndpoint" name="test_logout_is_csrf_exempt" time="0.110"><failure message="assert 429 == 200&#10; +  where 429 = &lt;Response [429]&gt;.status_code">backend/tests/test_httponly_cookie_auth.py:409: in test_logout_is_csrf_exempt
    assert login_response.status_code == 200
E   assert 429 == 200
E    +  where 429 = &lt;Response [429]&gt;.status_code</failure></testcase><testcase classname="backend.tests.test_httponly_cookie_auth.TestInvalidScenarios" name="test_invalid_credentials" time="0.163"><failure message="assert 429 == 401&#10; +  where 429 = &lt;Response [429]&gt;.status_code">backend/tests/test_httponly_cookie_auth.py:431: in test_invalid_credentials
    assert response.status_code == 401
E   assert 429 == 401
E    +  where 429 = &lt;Response [429]&gt;.status_code</failure></testcase><testcase classname="backend.tests.test_httponly_cookie_auth.TestInvalidScenarios" name="test_no_auth_returns_401" time="0.156" /><testcase classname="backend.tests.test_httponly_cookie_auth.TestInvalidScenarios" name="test_tampered_cookie_returns_401" time="0.165" /></testsuite></testsuites>