<?xml version="1.0" encoding="utf-8"?><testsuites name="pytest tests"><testsuite name="pytest" errors="0" failures="0" skipped="19" tests="19" time="0.930" timestamp="2026-02-22T14:18:25.155307+00:00" hostname="agent-env-9cd9fbe3-8ff1-42e7-a0e3-af79f0e20c33"><testcase classname="backend.tests.test_iteration_47_features.TestCalendarEventStatus" name="test_mark_event_complete" time="0.249"><skipped type="pytest.skip" message="Authentication failed - skipping authenticated tests">/app/backend/tests/test_iteration_47_features.py:54: Authentication failed - skipping authenticated tests</skipped></testcase><testcase classname="backend.tests.test_iteration_47_features.TestCalendarEventStatus" name="test_mark_event_scheduled" time="0.000"><skipped type="pytest.skip" message="Authentication failed - skipping authenticated tests">/app/backend/tests/test_iteration_47_features.py:72: Authentication failed - skipping authenticated tests</skipped></testcase><testcase classname="backend.tests.test_iteration_47_features.TestCalendarEventStatus" name="test_mark_event_cancelled" time="0.000"><skipped type="pytest.skip" message="Authentication failed - skipping authenticated tests">/app/backend/tests/test_iteration_47_features.py:81: Authentication failed - skipping authenticated tests</skipped></testcase><testcase classname="backend.tests.test_iteration_47_features.TestCalendarEventStatus" name="test_invalid_status_rejected" time="0.000"><skipped type="pytest.skip" message="Authentication failed - skipping authenticated tests">/app/backend/tests/test_iteration_47_features.py:90: Authentication failed - skipping authenticated tests</skipped></testcase><testcase classname="backend.tests.test_iteration_47_features.TestCalendarEventReminder" name="test_set_event_reminder" time="0.116"><skipped type="pytest.skip" message="Authentication failed - skipping authenticated tests">/app/backend/tests/test_iteration_47_features.py:116: Authentication failed - skipping authenticated tests</skipped></testcase><testcase classname="backend.tests.test_iteration_47_features.TestCalendarEventReminder" name="test_set_single_reminder" time="0.000"><skipped type="pytest.skip" message="Authentication failed - skipping authenticated tests">/app/backend/tests/test_iteration_47_features.py:136: Authentication failed - skipping authenticated tests</skipped></testcase><testcase classname="backend.tests.test_iteration_47_features.TestCalendarEventReminder" name="test_clear_reminders" time="0.000"><skipped type="pytest.skip" message="Authentication failed - skipping authenticated tests">/app/backend/tests/test_iteration_47_features.py:145: Authentication failed - skipping authenticated tests</skipped></testcase><testcase classname="backend.tests.test_iteration_47_features.TestCalendarEventDuplicate" name="test_duplicate_event" time="0.133"><skipped type="pytest.skip" message="Authentication failed - skipping authenticated tests">/app/backend/tests/test_iteration_47_features.py:173: Authentication failed - skipping authenticated tests</skipped></testcase><testcase classname="backend.tests.test_iteration_47_features.TestCalendarEventDuplicate" name="test_duplicate_nonexistent_event" time="0.000"><skipped type="pytest.skip" message="Authentication failed - skipping authenticated tests">/app/backend/tests/test_iteration_47_features.py:191: Authentication failed - skipping authenticated tests</skipped></testcase><testcase classname="backend.tests.test_iteration_47_features.TestCaseStatusUpdate" name="test_set_case_active" time="0.129"><skipped type="pytest.skip" message="Authentication failed - skipping authenticated tests">/app/backend/tests/test_iteration_47_features.py:230: Authentication failed - skipping authenticated tests</skipped></testcase><testcase classname="backend.tests.test_iteration_47_features.TestCaseStatusUpdate" name="test_set_case_pending" time="0.000"><skipped type="pytest.skip" message="Authentication failed - skipping authenticated tests">/app/backend/tests/test_iteration_47_features.py:243: Authentication failed - skipping authenticated tests</skipped></testcase><testcase classname="backend.tests.test_iteration_47_features.TestCaseStatusUpdate" name="test_set_case_on_hold" time="0.000"><skipped type="pytest.skip" message="Authentication failed - skipping authenticated tests">/app/backend/tests/test_iteration_47_features.py:258: Authentication failed - skipping authenticated tests</skipped></testcase><testcase classname="backend.tests.test_iteration_47_features.TestCaseStatusUpdate" name="test_set_case_closed" time="0.000"><skipped type="pytest.skip" message="Authentication failed - skipping authenticated tests">/app/backend/tests/test_iteration_47_features.py:271: Authentication failed - skipping authenticated tests</skipped></testcase><testcase classname="backend.tests.test_iteration_47_features.TestCaseStatusUpdate" name="test_invalid_case_status_rejected" time="0.000"><skipped type="pytest.skip" message="Authentication failed - skipping authenticated tests">/app/backend/tests/test_iteration_47_features.py:284: Authentication failed - skipping authenticated tests</skipped></testcase><testcase classname="backend.tests.test_iteration_47_features.TestDocumentVaultDemoDocuments" name="test_get_documents_returns_is_seed_data_flag" time="0.114"><skipped type="pytest.skip" message="Authentication failed - skipping authenticated tests">/app/backend/tests/test_iteration_47_features.py:297: Authentication failed - skipping authenticated tests</skipped></testcase><testcase classname="backend.tests.test_iteration_47_features.TestDocumentVaultDemoDocuments" name="test_download_demo_document_returns_422" time="0.000"><skipped type="pytest.skip" message="Authentication failed - skipping authenticated tests">/app/backend/tests/test_iteration_47_features.py:312: Authentication failed - skipping authenticated tests</skipped></testcase><testcase classname="backend.tests.test_iteration_47_features.TestCleanup" name="test_cleanup_test_events" time="0.116"><skipped type="pytest.skip" message="Authentication failed - skipping authenticated tests">/app/backend/tests/test_iteration_47_features.py:341: Authentication failed - skipping authenticated tests</skipped></testcase><testcase classname="backend.tests.test_iteration_47_features.TestCleanup" name="test_cleanup_test_cases" time="0.000"><skipped type="pytest.skip" message="Authentication failed - skipping authenticated tests">/app/backend/tests/test_iteration_47_features.py:351: Authentication failed - skipping authenticated tests</skipped></testcase><testcase classname="backend.tests.test_iteration_47_features.TestCleanup" name="test_cleanup_test_clients" time="0.000"><skipped type="pytest.skip" message="Authentication failed - skipping authenticated tests">/app/backend/tests/test_iteration_47_features.py:361: Authentication failed - skipping authenticated tests</skipped></testcase></testsuite></testsuites>