<?xml version="1.0" encoding="utf-8"?><testsuites name="pytest tests"><testsuite name="pytest" errors="5" failures="8" skipped="0" tests="19" time="3.043" timestamp="2026-02-22T14:19:49.160119+00:00" hostname="agent-env-9cd9fbe3-8ff1-42e7-a0e3-af79f0e20c33"><testcase classname="backend.tests.test_iteration_47_features.TestCalendarEventStatus" name="test_mark_event_complete" time="0.549"><failure message="AssertionError: Failed to create event: {&quot;detail&quot;:&quot;CSRF token missing&quot;,&quot;error_code&quot;:&quot;CSRF_MISSING&quot;}&#10;assert 403 in [200, 201]&#10; +  where 403 = &lt;Response [403]&gt;.status_code">backend/tests/test_iteration_47_features.py:49: in test_mark_event_complete
    assert create_response.status_code in [200, 201], f"Failed to create event: {create_response.text}"
E   AssertionError: Failed to create event: {"detail":"CSRF token missing","error_code":"CSRF_MISSING"}
E   assert 403 in [200, 201]
E    +  where 403 = &lt;Response [403]&gt;.status_code</failure></testcase><testcase classname="backend.tests.test_iteration_47_features.TestCalendarEventStatus" name="test_mark_event_scheduled" time="0.104"><failure message="assert 403 in [200, 201]&#10; +  where 403 = &lt;Response [403]&gt;.status_code">backend/tests/test_iteration_47_features.py:81: in test_mark_event_scheduled
    assert create_response.status_code in [200, 201]
E   assert 403 in [200, 201]
E    +  where 403 = &lt;Response [403]&gt;.status_code</failure></testcase><testcase classname="backend.tests.test_iteration_47_features.TestCalendarEventStatus" name="test_mark_event_cancelled" time="0.103"><failure message="assert 403 in [200, 201]&#10; +  where 403 = &lt;Response [403]&gt;.status_code">backend/tests/test_iteration_47_features.py:102: in test_mark_event_cancelled
    assert create_response.status_code in [200, 201]
E   assert 403 in [200, 201]
E    +  where 403 = &lt;Response [403]&gt;.status_code</failure></testcase><testcase classname="backend.tests.test_iteration_47_features.TestCalendarEventStatus" name="test_invalid_status_rejected" time="0.119"><failure message="assert 403 in [200, 201]&#10; +  where 403 = &lt;Response [403]&gt;.status_code">backend/tests/test_iteration_47_features.py:123: in test_invalid_status_rejected
    assert create_response.status_code in [200, 201]
E   assert 403 in [200, 201]
E    +  where 403 = &lt;Response [403]&gt;.status_code</failure></testcase><testcase classname="backend.tests.test_iteration_47_features.TestCalendarEventReminder" name="test_set_event_reminder" time="0.113"><failure message="assert 403 in [200, 201]&#10; +  where 403 = &lt;Response [403]&gt;.status_code">backend/tests/test_iteration_47_features.py:150: in test_set_event_reminder
    assert create_response.status_code in [200, 201]
E   assert 403 in [200, 201]
E    +  where 403 = &lt;Response [403]&gt;.status_code</failure></testcase><testcase classname="backend.tests.test_iteration_47_features.TestCalendarEventReminder" name="test_set_single_reminder" time="0.119"><failure message="assert 403 in [200, 201]&#10; +  where 403 = &lt;Response [403]&gt;.status_code">backend/tests/test_iteration_47_features.py:182: in test_set_single_reminder
    assert create_response.status_code in [200, 201]
E   assert 403 in [200, 201]
E    +  where 403 = &lt;Response [403]&gt;.status_code</failure></testcase><testcase classname="backend.tests.test_iteration_47_features.TestCalendarEventReminder" name="test_clear_reminders" time="0.110"><failure message="assert 403 in [200, 201]&#10; +  where 403 = &lt;Response [403]&gt;.status_code">backend/tests/test_iteration_47_features.py:203: in test_clear_reminders
    assert create_response.status_code in [200, 201]
E   assert 403 in [200, 201]
E    +  where 403 = &lt;Response [403]&gt;.status_code</failure></testcase><testcase classname="backend.tests.test_iteration_47_features.TestCalendarEventDuplicate" name="test_duplicate_event" time="0.109"><failure message="assert 403 in [200, 201]&#10; +  where 403 = &lt;Response [403]&gt;.status_code">backend/tests/test_iteration_47_features.py:232: in test_duplicate_event
    assert create_response.status_code in [200, 201]
E   assert 403 in [200, 201]
E    +  where 403 = &lt;Response [403]&gt;.status_code</failure></testcase><testcase classname="backend.tests.test_iteration_47_features.TestCalendarEventDuplicate" name="test_duplicate_nonexistent_event" time="0.108" /><testcase classname="backend.tests.test_iteration_47_features.TestCaseStatusUpdate" name="test_set_case_active" time="0.116"><error message="failed on setup with &quot;assert 403 in [200, 201]&#10; +  where 403 = &lt;Response [403]&gt;.status_code&quot;">backend/tests/test_iteration_47_features.py:280: in test_client_and_case
    assert client_response.status_code in [200, 201]
E   assert 403 in [200, 201]
E    +  where 403 = &lt;Response [403]&gt;.status_code</error></testcase><testcase classname="backend.tests.test_iteration_47_features.TestCaseStatusUpdate" name="test_set_case_pending" time="0.113"><error message="failed on setup with &quot;assert 403 in [200, 201]&#10; +  where 403 = &lt;Response [403]&gt;.status_code&quot;">backend/tests/test_iteration_47_features.py:280: in test_client_and_case
    assert client_response.status_code in [200, 201]
E   assert 403 in [200, 201]
E    +  where 403 = &lt;Response [403]&gt;.status_code</error></testcase><testcase classname="backend.tests.test_iteration_47_features.TestCaseStatusUpdate" name="test_set_case_on_hold" time="0.110"><error message="failed on setup with &quot;assert 403 in [200, 201]&#10; +  where 403 = &lt;Response [403]&gt;.status_code&quot;">backend/tests/test_iteration_47_features.py:280: in test_client_and_case
    assert client_response.status_code in [200, 201]
E   assert 403 in [200, 201]
E    +  where 403 = &lt;Response [403]&gt;.status_code</error></testcase><testcase classname="backend.tests.test_iteration_47_features.TestCaseStatusUpdate" name="test_set_case_closed" time="0.107"><error message="failed on setup with &quot;assert 403 in [200, 201]&#10; +  where 403 = &lt;Response [403]&gt;.status_code&quot;">backend/tests/test_iteration_47_features.py:280: in test_client_and_case
    assert client_response.status_code in [200, 201]
E   assert 403 in [200, 201]
E    +  where 403 = &lt;Response [403]&gt;.status_code</error></testcase><testcase classname="backend.tests.test_iteration_47_features.TestCaseStatusUpdate" name="test_invalid_case_status_rejected" time="0.108"><error message="failed on setup with &quot;assert 403 in [200, 201]&#10; +  where 403 = &lt;Response [403]&gt;.status_code&quot;">backend/tests/test_iteration_47_features.py:280: in test_client_and_case
    assert client_response.status_code in [200, 201]
E   assert 403 in [200, 201]
E    +  where 403 = &lt;Response [403]&gt;.status_code</error></testcase><testcase classname="backend.tests.test_iteration_47_features.TestDocumentVaultDemoDocuments" name="test_get_documents_returns_is_seed_data_flag" time="0.152" /><testcase classname="backend.tests.test_iteration_47_features.TestDocumentVaultDemoDocuments" name="test_download_demo_document_returns_422" time="0.258" /><testcase classname="backend.tests.test_iteration_47_features.TestCleanup" name="test_cleanup_test_events" time="0.221" /><testcase classname="backend.tests.test_iteration_47_features.TestCleanup" name="test_cleanup_test_cases" time="0.149" /><testcase classname="backend.tests.test_iteration_47_features.TestCleanup" name="test_cleanup_test_clients" time="0.117" /></testsuite></testsuites>