<?xml version="1.0" encoding="utf-8"?><testsuites name="pytest tests"><testsuite name="pytest" errors="0" failures="0" skipped="0" tests="6" time="2.091" timestamp="2026-02-04T10:26:25.585734+00:00" hostname="agent-env-f4dad8e2-d250-4944-9d55-a7c19d70d56e"><testcase classname="backend.tests.test_iteration_22_features.TestAuthentication" name="test_login_success" time="0.397" /><testcase classname="backend.tests.test_iteration_22_features.TestDocumentUploadAndStamping" name="test_upload_pdf" time="0.312" /><testcase classname="backend.tests.test_iteration_22_features.TestDocumentUploadAndStamping" name="test_circle_stamp_generation_with_curved_text" time="0.445" /><testcase classname="backend.tests.test_iteration_22_features.TestVerificationWithDescription" name="test_create_stamp_with_description_and_verify" time="0.406" /><testcase classname="backend.tests.test_iteration_22_features.TestStampPricesAPI" name="test_get_stamp_prices" time="0.038" /><testcase classname="backend.tests.test_iteration_22_features.TestStampTemplates" name="test_get_templates_includes_circle" time="0.299" /></testsuite></testsuites>