<?xml version="1.0" encoding="utf-8"?><testsuites name="pytest tests"><testsuite name="pytest" errors="0" failures="0" skipped="0" tests="10" time="12.667" timestamp="2026-03-02T07:46:05.686672+00:00" hostname="agent-env-fabe852b-5644-466a-9e70-a0e37fabf402"><testcase classname="backend.tests.test_libreoffice_conversion.TestLibreOfficeConversion" name="test_admin_services_status_shows_libreoffice" time="0.776" /><testcase classname="backend.tests.test_libreoffice_conversion.TestLibreOfficeConversion" name="test_docx_upload_converts_to_pdf" time="2.161" /><testcase classname="backend.tests.test_libreoffice_conversion.TestLibreOfficeConversion" name="test_doc_upload_with_libreoffice" time="1.421" /><testcase classname="backend.tests.test_libreoffice_conversion.TestLibreOfficeConversion" name="test_formatting_preserved_in_conversion" time="1.339" /><testcase classname="backend.tests.test_libreoffice_conversion.TestLibreOfficeConversion" name="test_libreoffice_service_direct" time="0.207" /><testcase classname="backend.tests.test_libreoffice_conversion.TestLibreOfficeConversion" name="test_multiple_docx_conversions" time="3.451" /><testcase classname="backend.tests.test_libreoffice_conversion.TestLibreOfficeConversion" name="test_services_status_unauthenticated" time="0.105" /><testcase classname="backend.tests.test_libreoffice_conversion.TestLibreOfficeConversion" name="test_services_status_non_admin" time="0.105" /><testcase classname="backend.tests.test_libreoffice_conversion.TestLibreOfficeServiceModule" name="test_complex_table_conversion" time="1.697" /><testcase classname="backend.tests.test_libreoffice_conversion.TestLibreOfficeServiceModule" name="test_multipage_document_conversion" time="1.279" /></testsuite></testsuites>