<?xml version="1.0" encoding="utf-8"?><testsuites name="pytest tests"><testsuite name="pytest" errors="0" failures="1" skipped="0" tests="11" time="2.650" timestamp="2026-02-03T17:49:12.665922+00:00" hostname="agent-env-f4dad8e2-d250-4944-9d55-a7c19d70d56e"><testcase classname="backend.tests.test_multipage_stamping.TestMultipageStamping" name="test_health_endpoint" time="0.076" /><testcase classname="backend.tests.test_multipage_stamping.TestMultipageStamping" name="test_login_works" time="0.324" /><testcase classname="backend.tests.test_multipage_stamping.TestMultipageStamping" name="test_upload_multipage_pdf" time="0.307" /><testcase classname="backend.tests.test_multipage_stamping.TestMultipageStamping" name="test_stamp_all_pages" time="0.201" /><testcase classname="backend.tests.test_multipage_stamping.TestMultipageStamping" name="test_stamp_first_page_only" time="0.100" /><testcase classname="backend.tests.test_multipage_stamping.TestMultipageStamping" name="test_stamp_last_page_only" time="0.095" /><testcase classname="backend.tests.test_multipage_stamping.TestMultipageStamping" name="test_stamp_with_circle_shape" time="0.090" /><testcase classname="backend.tests.test_multipage_stamping.TestMultipageStamping" name="test_verify_stamp" time="0.146"><failure message="assert 404 == 200&#10; +  where 404 = &lt;Response [404]&gt;.status_code">backend/tests/test_multipage_stamping.py:327: in test_verify_stamp
    assert verify_response.status_code == 200
E   assert 404 == 200
E    +  where 404 = &lt;Response [404]&gt;.status_code</failure></testcase><testcase classname="backend.tests.test_multipage_stamping.TestMultipageStamping" name="test_get_stamp_templates" time="0.045" /><testcase classname="backend.tests.test_multipage_stamping.TestMultipageStamping" name="test_cleanup_test_stamps" time="0.665" /><testcase classname="backend.tests.test_multipage_stamping.TestStampTransparency" name="test_stamp_has_transparent_background_param" time="0.363" /></testsuite></testsuites>