<?xml version="1.0" encoding="utf-8"?><testsuites name="pytest tests"><testsuite name="pytest" errors="0" failures="3" skipped="0" tests="21" time="3.637" timestamp="2026-02-23T12:33:02.868996+00:00" hostname="agent-env-2f2ca3f7-ac2b-4cf1-9743-c62da348d704"><testcase classname="tests.test_notifications_system.TestNotificationsBackend" name="test_get_notifications_success" time="0.511" /><testcase classname="tests.test_notifications_system.TestNotificationsBackend" name="test_get_notifications_with_limit" time="0.109" /><testcase classname="tests.test_notifications_system.TestNotificationsBackend" name="test_get_notifications_unread_only" time="0.113" /><testcase classname="tests.test_notifications_system.TestNotificationsBackend" name="test_get_notifications_unauthorized" time="0.108" /><testcase classname="tests.test_notifications_system.TestNotificationsBackend" name="test_get_unread_count_success" time="0.118" /><testcase classname="tests.test_notifications_system.TestNotificationsBackend" name="test_get_unread_count_unauthorized" time="0.116" /><testcase classname="tests.test_notifications_system.TestNotificationsBackend" name="test_get_reminder_preferences_success" time="0.120" /><testcase classname="tests.test_notifications_system.TestNotificationsBackend" name="test_get_reminder_preferences_unauthorized" time="0.117" /><testcase classname="tests.test_notifications_system.TestNotificationsBackend" name="test_update_reminder_preferences_success" time="0.442" /><testcase classname="tests.test_notifications_system.TestNotificationsBackend" name="test_update_reminder_preferences_partial_update" time="0.387" /><testcase classname="tests.test_notifications_system.TestNotificationsBackend" name="test_update_reminder_preferences_requires_csrf" time="0.104" /><testcase classname="tests.test_notifications_system.TestNotificationsReminderTiming" name="test_set_15min_reminder" time="0.110" /><testcase classname="tests.test_notifications_system.TestNotificationsReminderTiming" name="test_set_1hr_reminder" time="0.107" /><testcase classname="tests.test_notifications_system.TestNotificationsReminderTiming" name="test_set_1day_reminder" time="0.107" /><testcase classname="tests.test_notifications_system.TestNotificationsReminderTiming" name="test_set_multiple_reminders" time="0.108" /><testcase classname="tests.test_notifications_system.TestPracticeManagementTabs" name="test_dashboard_stats" time="0.102"><failure message="assert 404 == 200&#10; +  where 404 = &lt;Response [404]&gt;.status_code">tests/test_notifications_system.py:305: in test_dashboard_stats
    assert response.status_code == 200
E   assert 404 == 200
E    +  where 404 = &lt;Response [404]&gt;.status_code</failure></testcase><testcase classname="tests.test_notifications_system.TestPracticeManagementTabs" name="test_clients_list" time="0.163"><failure message="AssertionError: assert False&#10; +  where False = isinstance({'clients': [{'address': '729 Samora Avenue, Mikocheni, Dar es Salaam', 'advocate_id': 'test-advocate-persistent-001', 'client_type': 'individual', 'company': None, ...}, {'address': '704 Ocean Road, Oyster Bay, Dar es Salaam', 'advocate_id': 'test-advocate-persistent-001', 'client_type': 'individual', 'company': None, ...}, {'address': '898 Ali Hassan Mwinyi Road, Temeke, Dar es Salaam', 'advocate_id': 'test-advocate-persistent-001', 'client_type': 'individual', 'company': None, ...}, {'address': '267 Ocean Road, Temeke, Dar es Salaam', 'advocate_id': 'test-advocate-persistent-001', 'client_type': 'individual', 'company': None, ...}, {'address': '77 Samora Avenue, Ilala, Dar es Salaam', 'advocate_id': 'test-advocate-persistent-001', 'client_type': 'individual', 'company': None, ...}, {'address': 'Plot 45, Kinondoni, Dar es Salaam', 'advocate_id': 'test-advocate-persistent-001', 'client_type': 'individual', 'company': None, ...}, ...], 'total': 113}, list)">tests/test_notifications_system.py:320: in test_clients_list
    assert isinstance(data, list)
E   AssertionError: assert False
E    +  where False = isinstance({'clients': [{'address': '729 Samora Avenue, Mikocheni, Dar es Salaam', 'advocate_id': 'test-advocate-persistent-001', 'client_type': 'individual', 'company': None, ...}, {'address': '704 Ocean Road, Oyster Bay, Dar es Salaam', 'advocate_id': 'test-advocate-persistent-001', 'client_type': 'individual', 'company': None, ...}, {'address': '898 Ali Hassan Mwinyi Road, Temeke, Dar es Salaam', 'advocate_id': 'test-advocate-persistent-001', 'client_type': 'individual', 'company': None, ...}, {'address': '267 Ocean Road, Temeke, Dar es Salaam', 'advocate_id': 'test-advocate-persistent-001', 'client_type': 'individual', 'company': None, ...}, {'address': '77 Samora Avenue, Ilala, Dar es Salaam', 'advocate_id': 'test-advocate-persistent-001', 'client_type': 'individual', 'company': None, ...}, {'address': 'Plot 45, Kinondoni, Dar es Salaam', 'advocate_id': 'test-advocate-persistent-001', 'client_type': 'individual', 'company': None, ...}, ...], 'total': 113}, list)</failure></testcase><testcase classname="tests.test_notifications_system.TestPracticeManagementTabs" name="test_cases_list" time="0.143"><failure message="AssertionError: assert False&#10; +  where False = isinstance({'cases': [{'advocate_id': 'test-advocate-persistent-001', 'billing_type': 'fixed', 'case_number': 'HC/584/2025', 'case_type': 'family', ...}, {'advocate_id': 'test-advocate-persistent-001', 'billing_type': 'hourly', 'case_number': 'HC/799/2025', 'case_type': 'family', ...}, {'advocate_id': 'test-advocate-persistent-001', 'billing_type': 'contingency', 'case_number': 'HC/566/2026', 'case_type': 'corporate', ...}, {'advocate_id': 'test-advocate-persistent-001', 'billing_type': 'contingency', 'case_number': 'HC/435/2025', 'case_type': 'corporate', ...}, {'advocate_id': 'test-advocate-persistent-001', 'billing_type': 'contingency', 'case_number': 'HC/908/2025', 'case_type': 'family', ...}, {'advocate_id': 'test-advocate-persistent-001', 'billing_type': 'fixed', 'case_number': 'HC/582/2026', 'case_type': 'family', ...}, ...], 'total': 85}, list)">tests/test_notifications_system.py:332: in test_cases_list
    assert isinstance(data, list)
E   AssertionError: assert False
E    +  where False = isinstance({'cases': [{'advocate_id': 'test-advocate-persistent-001', 'billing_type': 'fixed', 'case_number': 'HC/584/2025', 'case_type': 'family', ...}, {'advocate_id': 'test-advocate-persistent-001', 'billing_type': 'hourly', 'case_number': 'HC/799/2025', 'case_type': 'family', ...}, {'advocate_id': 'test-advocate-persistent-001', 'billing_type': 'contingency', 'case_number': 'HC/566/2026', 'case_type': 'corporate', ...}, {'advocate_id': 'test-advocate-persistent-001', 'billing_type': 'contingency', 'case_number': 'HC/435/2025', 'case_type': 'corporate', ...}, {'advocate_id': 'test-advocate-persistent-001', 'billing_type': 'contingency', 'case_number': 'HC/908/2025', 'case_type': 'family', ...}, {'advocate_id': 'test-advocate-persistent-001', 'billing_type': 'fixed', 'case_number': 'HC/582/2026', 'case_type': 'family', ...}, ...], 'total': 85}, list)</failure></testcase><testcase classname="tests.test_notifications_system.TestPracticeManagementTabs" name="test_documents_list" time="0.187" /><testcase classname="tests.test_notifications_system.TestPracticeManagementTabs" name="test_calendar_events" time="0.122" /><testcase classname="tests.test_notifications_system.TestPracticeManagementTabs" name="test_tasks_list" time="0.146" /></testsuite></testsuites>