<?xml version="1.0" encoding="utf-8"?><testsuites name="pytest tests"><testsuite name="pytest" errors="0" failures="0" skipped="0" tests="21" time="1.457" timestamp="2026-02-05T15:06:50.325891+00:00" hostname="agent-env-4562efd5-b092-4c45-8102-f9b598e03b2f"><testcase classname="backend.tests.test_notification_preferences.TestNotificationPreferencesGet" name="test_get_preferences_returns_200" time="0.328" /><testcase classname="backend.tests.test_notification_preferences.TestNotificationPreferencesGet" name="test_get_preferences_returns_all_19_types" time="0.042" /><testcase classname="backend.tests.test_notification_preferences.TestNotificationPreferencesGet" name="test_get_preferences_all_default_to_on" time="0.038" /><testcase classname="backend.tests.test_notification_preferences.TestNotificationPreferencesGet" name="test_get_preferences_returns_7_categories" time="0.042" /><testcase classname="backend.tests.test_notification_preferences.TestNotificationPreferencesGet" name="test_get_preferences_requires_auth" time="0.040" /><testcase classname="backend.tests.test_notification_preferences.TestNotificationPreferencesUpdate" name="test_update_single_preference" time="0.082" /><testcase classname="backend.tests.test_notification_preferences.TestNotificationPreferencesUpdate" name="test_update_multiple_preferences" time="0.086" /><testcase classname="backend.tests.test_notification_preferences.TestNotificationPreferencesUpdate" name="test_update_preserves_other_preferences" time="0.123" /><testcase classname="backend.tests.test_notification_preferences.TestNotificationPreferencesUpdate" name="test_update_requires_auth" time="0.041" /><testcase classname="backend.tests.test_notification_preferences.TestNotificationPreferencesReset" name="test_reset_restores_defaults" time="0.038" /><testcase classname="backend.tests.test_notification_preferences.TestNotificationPreferencesReset" name="test_reset_requires_auth" time="0.037" /><testcase classname="backend.tests.test_notification_preferences.TestNotificationPreferencesToggleAll" name="test_toggle_all_off" time="0.084" /><testcase classname="backend.tests.test_notification_preferences.TestNotificationPreferencesToggleAll" name="test_toggle_all_on" time="0.093" /><testcase classname="backend.tests.test_notification_preferences.TestNotificationPreferencesToggleAll" name="test_toggle_all_requires_auth" time="0.048" /><testcase classname="backend.tests.test_notification_preferences.TestNotificationCategoryStructure" name="test_document_stamping_category_has_2_preferences" time="0.038" /><testcase classname="backend.tests.test_notification_preferences.TestNotificationCategoryStructure" name="test_verification_category_has_2_preferences" time="0.040" /><testcase classname="backend.tests.test_notification_preferences.TestNotificationCategoryStructure" name="test_expiry_warnings_category_has_4_preferences" time="0.041" /><testcase classname="backend.tests.test_notification_preferences.TestNotificationCategoryStructure" name="test_account_security_category_has_3_preferences" time="0.038" /><testcase classname="backend.tests.test_notification_preferences.TestNotificationCategoryStructure" name="test_billing_category_has_3_preferences" time="0.040" /><testcase classname="backend.tests.test_notification_preferences.TestNotificationCategoryStructure" name="test_system_category_has_3_preferences" time="0.035" /><testcase classname="backend.tests.test_notification_preferences.TestNotificationCategoryStructure" name="test_offline_sync_category_has_2_preferences" time="0.039" /></testsuite></testsuites>