<?xml version="1.0" encoding="utf-8"?><testsuites name="pytest tests"><testsuite name="pytest" errors="0" failures="0" skipped="0" tests="21" time="3.460" timestamp="2026-02-23T12:33:20.786010+00:00" hostname="agent-env-2f2ca3f7-ac2b-4cf1-9743-c62da348d704"><testcase classname="tests.test_notifications_system.TestNotificationsBackend" name="test_get_notifications_success" time="0.537" /><testcase classname="tests.test_notifications_system.TestNotificationsBackend" name="test_get_notifications_with_limit" time="0.124" /><testcase classname="tests.test_notifications_system.TestNotificationsBackend" name="test_get_notifications_unread_only" time="0.123" /><testcase classname="tests.test_notifications_system.TestNotificationsBackend" name="test_get_notifications_unauthorized" time="0.109" /><testcase classname="tests.test_notifications_system.TestNotificationsBackend" name="test_get_unread_count_success" time="0.109" /><testcase classname="tests.test_notifications_system.TestNotificationsBackend" name="test_get_unread_count_unauthorized" time="0.117" /><testcase classname="tests.test_notifications_system.TestNotificationsBackend" name="test_get_reminder_preferences_success" time="0.138" /><testcase classname="tests.test_notifications_system.TestNotificationsBackend" name="test_get_reminder_preferences_unauthorized" time="0.106" /><testcase classname="tests.test_notifications_system.TestNotificationsBackend" name="test_update_reminder_preferences_success" time="0.447" /><testcase classname="tests.test_notifications_system.TestNotificationsBackend" name="test_update_reminder_preferences_partial_update" time="0.215" /><testcase classname="tests.test_notifications_system.TestNotificationsBackend" name="test_update_reminder_preferences_requires_csrf" time="0.116" /><testcase classname="tests.test_notifications_system.TestNotificationsReminderTiming" name="test_set_15min_reminder" time="0.113" /><testcase classname="tests.test_notifications_system.TestNotificationsReminderTiming" name="test_set_1hr_reminder" time="0.104" /><testcase classname="tests.test_notifications_system.TestNotificationsReminderTiming" name="test_set_1day_reminder" time="0.157" /><testcase classname="tests.test_notifications_system.TestNotificationsReminderTiming" name="test_set_multiple_reminders" time="0.113" /><testcase classname="tests.test_notifications_system.TestPracticeManagementTabs" name="test_dashboard_stats" time="0.102" /><testcase classname="tests.test_notifications_system.TestPracticeManagementTabs" name="test_clients_list" time="0.115" /><testcase classname="tests.test_notifications_system.TestPracticeManagementTabs" name="test_cases_list" time="0.147" /><testcase classname="tests.test_notifications_system.TestPracticeManagementTabs" name="test_documents_list" time="0.148" /><testcase classname="tests.test_notifications_system.TestPracticeManagementTabs" name="test_calendar_events" time="0.117" /><testcase classname="tests.test_notifications_system.TestPracticeManagementTabs" name="test_tasks_list" time="0.123" /></testsuite></testsuites>