<?xml version="1.0" encoding="utf-8"?><testsuites name="pytest tests"><testsuite name="pytest" errors="0" failures="1" skipped="0" tests="11" time="2.119" timestamp="2026-02-04T12:15:19.183313+00:00" hostname="agent-env-f4dad8e2-d250-4944-9d55-a7c19d70d56e"><testcase classname="backend.tests.test_oval_stamp_layout.TestOvalStampLayout" name="test_health_check" time="0.104" /><testcase classname="backend.tests.test_oval_stamp_layout.TestOvalStampLayout" name="test_login_success" time="0.329" /><testcase classname="backend.tests.test_oval_stamp_layout.TestOvalStampLayout" name="test_oval_template_exists_or_create" time="0.307" /><testcase classname="backend.tests.test_oval_stamp_layout.TestOvalStampLayout" name="test_stamp_document_with_oval_shape" time="0.148" /><testcase classname="backend.tests.test_oval_stamp_layout.TestOvalStampLayout" name="test_verify_oval_stamp" time="0.192"><failure message="AssertionError: Verification failed: {&quot;detail&quot;:&quot;Not Found&quot;}&#10;assert 404 == 200&#10; +  where 404 = &lt;Response [404]&gt;.status_code">backend/tests/test_oval_stamp_layout.py:165: in test_verify_oval_stamp
    assert response.status_code == 200, f"Verification failed: {response.text}"
E   AssertionError: Verification failed: {"detail":"Not Found"}
E   assert 404 == 200
E    +  where 404 = &lt;Response [404]&gt;.status_code</failure></testcase><testcase classname="backend.tests.test_oval_stamp_layout.TestOvalStampLayout" name="test_oval_stamp_dimensions_in_code" time="0.001" /><testcase classname="backend.tests.test_oval_stamp_layout.TestOvalStampLayout" name="test_oval_stamp_elements_in_backend_code" time="0.001" /><testcase classname="backend.tests.test_oval_stamp_layout.TestOvalStampLayout" name="test_frontend_oval_preview_dimensions" time="0.000" /><testcase classname="backend.tests.test_oval_stamp_layout.TestOvalStampLayout" name="test_frontend_oval_preview_elements" time="0.000" /><testcase classname="backend.tests.test_oval_stamp_layout.TestOvalStampIntegration" name="test_oval_stamp_brand_color_applied" time="0.693" /><testcase classname="backend.tests.test_oval_stamp_layout.TestOvalStampIntegration" name="test_oval_stamp_qr_code_scannable" time="0.102" /></testsuite></testsuites>