<?xml version="1.0" encoding="utf-8"?><testsuites name="pytest tests"><testsuite name="pytest" errors="0" failures="0" skipped="0" tests="18" time="7.093" timestamp="2026-02-03T18:15:59.813048+00:00" hostname="agent-env-f4dad8e2-d250-4944-9d55-a7c19d70d56e"><testcase classname="tests.test_physical_orders.TestAuthentication" name="test_advocate_login" time="0.354" /><testcase classname="tests.test_physical_orders.TestAuthentication" name="test_tls_admin_login" time="0.268" /><testcase classname="tests.test_physical_orders.TestAuthentication" name="test_idc_super_admin_login" time="0.266" /><testcase classname="tests.test_physical_orders.TestAdvocateOrderPlacement" name="test_create_order_with_certificate_stamp" time="0.327" /><testcase classname="tests.test_physical_orders.TestAdvocateOrderPlacement" name="test_create_order_with_notary_stamp" time="0.315" /><testcase classname="tests.test_physical_orders.TestAdvocateOrderPlacement" name="test_create_order_with_ink_refill" time="0.308" /><testcase classname="tests.test_physical_orders.TestAdvocateOrderPlacement" name="test_create_order_with_multiple_items" time="0.307" /><testcase classname="tests.test_physical_orders.TestAdvocateOrderPlacement" name="test_order_requires_delivery_address" time="0.306" /><testcase classname="tests.test_physical_orders.TestTLSAdminReadOnlyView" name="test_admin_can_view_all_orders" time="0.304" /><testcase classname="tests.test_physical_orders.TestTLSAdminReadOnlyView" name="test_admin_can_view_single_order" time="0.351" /><testcase classname="tests.test_physical_orders.TestTLSAdminReadOnlyView" name="test_admin_cannot_update_status" time="0.351" /><testcase classname="tests.test_physical_orders.TestIDCSuperAdminKanban" name="test_super_admin_can_view_all_orders" time="0.323" /><testcase classname="tests.test_physical_orders.TestIDCSuperAdminKanban" name="test_super_admin_can_view_stats" time="0.307" /><testcase classname="tests.test_physical_orders.TestIDCSuperAdminKanban" name="test_super_admin_status_transition_full_workflow" time="1.213" /><testcase classname="tests.test_physical_orders.TestIDCSuperAdminKanban" name="test_super_admin_can_add_tracking_number" time="0.687" /><testcase classname="tests.test_physical_orders.TestIDCSuperAdminKanban" name="test_super_admin_can_add_notes" time="0.690" /><testcase classname="tests.test_physical_orders.TestIDCSuperAdminKanban" name="test_invalid_status_rejected" time="0.340" /><testcase classname="tests.test_physical_orders.TestCleanup" name="test_cleanup_test_orders" time="0.000" /></testsuite></testsuites>