<?xml version="1.0" encoding="utf-8"?><testsuites name="pytest tests"><testsuite name="pytest" errors="0" failures="0" skipped="10" tests="33" time="7.682" timestamp="2026-02-19T19:51:51.922653+00:00" hostname="agent-env-b4130a2d-a41a-42b0-8615-66fa599cf7fc"><testcase classname="tests.test_practice_management.TestDashboardAnalytics" name="test_get_dashboard_analytics" time="0.726" /><testcase classname="tests.test_practice_management.TestClientCRUD" name="test_01_create_client" time="0.533" /><testcase classname="tests.test_practice_management.TestClientCRUD" name="test_02_get_clients_list" time="0.263" /><testcase classname="tests.test_practice_management.TestClientCRUD" name="test_03_get_single_client" time="0.273" /><testcase classname="tests.test_practice_management.TestClientCRUD" name="test_04_update_client" time="0.301" /><testcase classname="tests.test_practice_management.TestClientCRUD" name="test_05_search_clients" time="0.136" /><testcase classname="tests.test_practice_management.TestCaseCRUD" name="test_01_create_case_requires_client" time="0.538" /><testcase classname="tests.test_practice_management.TestCaseCRUD" name="test_02_get_cases_list" time="0.157" /><testcase classname="tests.test_practice_management.TestCaseCRUD" name="test_03_get_single_case" time="0.136" /><testcase classname="tests.test_practice_management.TestCaseCRUD" name="test_04_update_case" time="0.151" /><testcase classname="tests.test_practice_management.TestCaseCRUD" name="test_05_filter_cases_by_status" time="0.366" /><testcase classname="tests.test_practice_management.TestTasksCRUD" name="test_01_create_task" time="0.505" /><testcase classname="tests.test_practice_management.TestTasksCRUD" name="test_02_get_tasks_list" time="0.166" /><testcase classname="tests.test_practice_management.TestTasksCRUD" name="test_03_update_task_status" time="0.156" /><testcase classname="tests.test_practice_management.TestTasksCRUD" name="test_04_filter_tasks_by_status" time="0.200" /><testcase classname="tests.test_practice_management.TestEventsCRUD" name="test_01_create_event" time="0.488" /><testcase classname="tests.test_practice_management.TestEventsCRUD" name="test_02_get_events_list" time="0.127" /><testcase classname="tests.test_practice_management.TestEventsCRUD" name="test_03_update_event" time="0.294" /><testcase classname="tests.test_practice_management.TestInvoicesCRUD" name="test_01_create_invoice" time="0.524" /><testcase classname="tests.test_practice_management.TestInvoicesCRUD" name="test_02_get_invoices_list" time="0.133" /><testcase classname="tests.test_practice_management.TestInvoicesCRUD" name="test_03_get_single_invoice" time="0.143" /><testcase classname="tests.test_practice_management.TestExpensesCRUD" name="test_01_create_expense" time="0.183"><skipped type="pytest.skip" message="Authentication failed - skipping tests">/app/backend/tests/test_practice_management.py:463: Authentication failed - skipping tests</skipped></testcase><testcase classname="tests.test_practice_management.TestExpensesCRUD" name="test_02_get_expenses_list" time="0.000"><skipped type="pytest.skip" message="Authentication failed - skipping tests">/app/backend/tests/test_practice_management.py:487: Authentication failed - skipping tests</skipped></testcase><testcase classname="tests.test_practice_management.TestDocumentVault" name="test_01_get_folders" time="0.619" /><testcase classname="tests.test_practice_management.TestDocumentVault" name="test_02_get_documents_list" time="0.113" /><testcase classname="tests.test_practice_management.TestAnalyticsEndpoints" name="test_01_case_analytics" time="0.159"><skipped type="pytest.skip" message="Authentication failed - skipping tests">/app/backend/tests/test_practice_management.py:527: Authentication failed - skipping tests</skipped></testcase><testcase classname="tests.test_practice_management.TestAnalyticsEndpoints" name="test_02_revenue_analytics" time="0.001"><skipped type="pytest.skip" message="Authentication failed - skipping tests">/app/backend/tests/test_practice_management.py:537: Authentication failed - skipping tests</skipped></testcase><testcase classname="tests.test_practice_management.TestCleanup" name="test_cleanup_task" time="0.190"><skipped type="pytest.skip" message="Authentication failed - skipping tests">/app/backend/tests/test_practice_management.py:551: Authentication failed - skipping tests</skipped></testcase><testcase classname="tests.test_practice_management.TestCleanup" name="test_cleanup_event" time="0.000"><skipped type="pytest.skip" message="Authentication failed - skipping tests">/app/backend/tests/test_practice_management.py:561: Authentication failed - skipping tests</skipped></testcase><testcase classname="tests.test_practice_management.TestCleanup" name="test_cleanup_expense" time="0.000"><skipped type="pytest.skip" message="Authentication failed - skipping tests">/app/backend/tests/test_practice_management.py:571: Authentication failed - skipping tests</skipped></testcase><testcase classname="tests.test_practice_management.TestCleanup" name="test_cleanup_invoice" time="0.000"><skipped type="pytest.skip" message="Authentication failed - skipping tests">/app/backend/tests/test_practice_management.py:581: Authentication failed - skipping tests</skipped></testcase><testcase classname="tests.test_practice_management.TestCleanup" name="test_cleanup_case" time="0.000"><skipped type="pytest.skip" message="Authentication failed - skipping tests">/app/backend/tests/test_practice_management.py:591: Authentication failed - skipping tests</skipped></testcase><testcase classname="tests.test_practice_management.TestCleanup" name="test_cleanup_client" time="0.000"><skipped type="pytest.skip" message="Authentication failed - skipping tests">/app/backend/tests/test_practice_management.py:601: Authentication failed - skipping tests</skipped></testcase></testsuite></testsuites>