<?xml version="1.0" encoding="utf-8"?><testsuites name="pytest tests"><testsuite name="pytest" errors="0" failures="0" skipped="0" tests="22" time="8.090" timestamp="2026-02-20T07:35:31.709464+00:00" hostname="agent-env-ac0ff4ce-49d1-4c9b-a4aa-88aaa1296b62"><testcase classname="backend.tests.test_practice_crud_and_sharing.TestClientsCRUD" name="test_get_clients_list" time="2.477" /><testcase classname="backend.tests.test_practice_crud_and_sharing.TestClientsCRUD" name="test_create_client" time="0.214" /><testcase classname="backend.tests.test_practice_crud_and_sharing.TestClientsCRUD" name="test_get_single_client_with_related_data" time="0.316" /><testcase classname="backend.tests.test_practice_crud_and_sharing.TestClientsCRUD" name="test_update_client" time="0.414" /><testcase classname="backend.tests.test_practice_crud_and_sharing.TestClientsCRUD" name="test_delete_client" time="0.305" /><testcase classname="backend.tests.test_practice_crud_and_sharing.TestCasesCRUD" name="test_get_cases_list" time="0.108" /><testcase classname="backend.tests.test_practice_crud_and_sharing.TestCasesCRUD" name="test_create_case_with_client_link" time="0.301" /><testcase classname="backend.tests.test_practice_crud_and_sharing.TestCasesCRUD" name="test_get_single_case_with_related_data" time="0.386" /><testcase classname="backend.tests.test_practice_crud_and_sharing.TestCasesCRUD" name="test_create_case_requires_valid_client" time="0.231" /><testcase classname="backend.tests.test_practice_crud_and_sharing.TestDocumentsVault" name="test_get_documents_list" time="0.111" /><testcase classname="backend.tests.test_practice_crud_and_sharing.TestDocumentsVault" name="test_get_documents_with_search" time="0.107" /><testcase classname="backend.tests.test_practice_crud_and_sharing.TestDocumentsVault" name="test_get_documents_with_folder_filter" time="0.119" /><testcase classname="backend.tests.test_practice_crud_and_sharing.TestDocumentsVault" name="test_upload_document" time="0.206" /><testcase classname="backend.tests.test_practice_crud_and_sharing.TestDocumentsVault" name="test_download_document" time="0.314" /><testcase classname="backend.tests.test_practice_crud_and_sharing.TestDocumentsVault" name="test_delete_document" time="0.310" /><testcase classname="backend.tests.test_practice_crud_and_sharing.TestDocumentGeneratorVaultIntegration" name="test_generate_document_with_vault_save" time="0.916" /><testcase classname="backend.tests.test_practice_crud_and_sharing.TestDocumentGeneratorVaultIntegration" name="test_generate_document_with_client_case_linking" time="0.326" /><testcase classname="backend.tests.test_practice_crud_and_sharing.TestDocumentSharing" name="test_share_document_generates_link" time="0.224" /><testcase classname="backend.tests.test_practice_crud_and_sharing.TestDocumentSharing" name="test_access_shared_document" time="0.208" /><testcase classname="backend.tests.test_practice_crud_and_sharing.TestDocumentSharing" name="test_download_shared_document" time="0.214" /><testcase classname="backend.tests.test_practice_crud_and_sharing.TestDocumentSharing" name="test_invalid_share_token_returns_404" time="0.114" /><testcase classname="backend.tests.test_practice_crud_and_sharing.TestCleanup" name="test_cleanup_test_clients" time="0.104" /></testsuite></testsuites>