<?xml version="1.0" encoding="utf-8"?><testsuites name="pytest tests"><testsuite name="pytest" errors="0" failures="0" skipped="0" tests="17" time="1.241" timestamp="2026-02-01T21:00:20.518292+00:00" hostname="agent-env-e0eb0581-8ac0-4f41-98bc-d9cfdae3f2bf"><testcase classname="backend.tests.test_public_profile.TestPublicProfileGet" name="test_get_public_profile_success" time="0.409" /><testcase classname="backend.tests.test_public_profile.TestPublicProfileGet" name="test_get_public_profile_has_professional_fields" time="0.036" /><testcase classname="backend.tests.test_public_profile.TestPublicProfileGet" name="test_get_public_profile_achievements_structure" time="0.044" /><testcase classname="backend.tests.test_public_profile.TestPublicProfileGet" name="test_get_public_profile_publications_structure" time="0.035" /><testcase classname="backend.tests.test_public_profile.TestPublicProfileGet" name="test_get_public_profile_education_structure" time="0.032" /><testcase classname="backend.tests.test_public_profile.TestPublicProfileGet" name="test_get_public_profile_experience_structure" time="0.038" /><testcase classname="backend.tests.test_public_profile.TestPublicProfileGet" name="test_get_public_profile_not_found" time="0.034" /><testcase classname="backend.tests.test_public_profile.TestPublicProfileGet" name="test_get_public_profile_has_stats" time="0.036" /><testcase classname="backend.tests.test_public_profile.TestPublicProfileUpdate" name="test_update_achievements" time="0.119" /><testcase classname="backend.tests.test_public_profile.TestPublicProfileUpdate" name="test_update_publications" time="0.037" /><testcase classname="backend.tests.test_public_profile.TestPublicProfileUpdate" name="test_update_memberships" time="0.036" /><testcase classname="backend.tests.test_public_profile.TestPublicProfileUpdate" name="test_update_bar_admissions" time="0.036" /><testcase classname="backend.tests.test_public_profile.TestPublicProfileUpdate" name="test_update_multiple_fields" time="0.036" /><testcase classname="backend.tests.test_public_profile.TestPublicProfileUpdate" name="test_update_education" time="0.037" /><testcase classname="backend.tests.test_public_profile.TestPublicProfileUpdate" name="test_update_experience" time="0.032" /><testcase classname="backend.tests.test_public_profile.TestPublicProfileUpdate" name="test_update_requires_auth" time="0.031" /><testcase classname="backend.tests.test_public_profile.TestPublicProfileDataPersistence" name="test_data_persists_after_update" time="0.101" /></testsuite></testsuites>