<?xml version="1.0" encoding="utf-8"?><testsuites name="pytest tests"><testsuite name="pytest" errors="0" failures="0" skipped="0" tests="19" time="1.961" timestamp="2026-02-05T14:07:44.267504+00:00" hostname="agent-env-4562efd5-b092-4c45-8102-f9b598e03b2f"><testcase classname="backend.tests.test_push_offline_features.TestVAPIDConfiguration" name="test_vapid_public_key_in_frontend_env" time="0.000" /><testcase classname="backend.tests.test_push_offline_features.TestVAPIDConfiguration" name="test_vapid_private_key_in_backend_env" time="0.000" /><testcase classname="backend.tests.test_push_offline_features.TestVAPIDConfiguration" name="test_push_status_endpoint_authenticated" time="0.347" /><testcase classname="backend.tests.test_push_offline_features.TestVAPIDConfiguration" name="test_push_status_requires_auth" time="0.040" /><testcase classname="backend.tests.test_push_offline_features.TestVAPIDConfiguration" name="test_push_subscribe_endpoint" time="0.040" /><testcase classname="backend.tests.test_push_offline_features.TestVAPIDConfiguration" name="test_push_send_test_endpoint" time="0.079" /><testcase classname="backend.tests.test_push_offline_features.TestVAPIDConfiguration" name="test_push_unsubscribe_endpoint" time="0.040" /><testcase classname="backend.tests.test_push_offline_features.TestOfflineSyncSupport" name="test_document_upload_endpoint_available" time="0.304" /><testcase classname="backend.tests.test_push_offline_features.TestOfflineSyncSupport" name="test_document_stamp_endpoint_available" time="0.040" /><testcase classname="backend.tests.test_push_offline_features.TestOfflineSyncSupport" name="test_stamps_history_endpoint" time="0.118" /><testcase classname="backend.tests.test_push_offline_features.TestOfflineSyncSupport" name="test_verify_endpoint_for_offline_cache" time="0.035" /><testcase classname="backend.tests.test_push_offline_features.TestServiceWorkerAssets" name="test_service_worker_accessible" time="0.040" /><testcase classname="backend.tests.test_push_offline_features.TestServiceWorkerAssets" name="test_manifest_accessible" time="0.039" /><testcase classname="backend.tests.test_push_offline_features.TestServiceWorkerAssets" name="test_pwa_icons_exist" time="0.294" /><testcase classname="backend.tests.test_push_offline_features.TestFrontendOfflineComponents" name="test_offline_db_file_exists" time="0.000" /><testcase classname="backend.tests.test_push_offline_features.TestFrontendOfflineComponents" name="test_offline_sync_file_exists" time="0.000" /><testcase classname="backend.tests.test_push_offline_features.TestFrontendOfflineComponents" name="test_offline_indicator_component_exists" time="0.000" /><testcase classname="backend.tests.test_push_offline_features.TestFrontendOfflineComponents" name="test_document_stamp_page_offline_support" time="0.001" /><testcase classname="backend.tests.test_push_offline_features.TestIntegrationFlow" name="test_full_push_subscribe_flow" time="0.457" /></testsuite></testsuites>