<?xml version="1.0" encoding="utf-8"?><testsuites name="pytest tests"><testsuite name="pytest" errors="0" failures="0" skipped="0" tests="17" time="2.287" timestamp="2026-02-05T13:53:18.152539+00:00" hostname="agent-env-4562efd5-b092-4c45-8102-f9b598e03b2f"><testcase classname="backend.tests.test_pwa_endpoints.TestPWAAssets" name="test_manifest_json_accessible" time="0.082" /><testcase classname="backend.tests.test_pwa_endpoints.TestPWAAssets" name="test_manifest_json_required_fields" time="0.037" /><testcase classname="backend.tests.test_pwa_endpoints.TestPWAAssets" name="test_manifest_theme_color" time="0.036" /><testcase classname="backend.tests.test_pwa_endpoints.TestPWAAssets" name="test_service_worker_accessible" time="0.038" /><testcase classname="backend.tests.test_pwa_endpoints.TestPWAAssets" name="test_service_worker_has_push_handler" time="0.035" /><testcase classname="backend.tests.test_pwa_endpoints.TestPWAAssets" name="test_service_worker_has_cache_strategy" time="0.038" /><testcase classname="backend.tests.test_pwa_endpoints.TestPWAAssets" name="test_pwa_icons_exist" time="0.316" /><testcase classname="backend.tests.test_pwa_endpoints.TestPushNotificationAPI" name="test_push_status_unauthenticated" time="0.036" /><testcase classname="backend.tests.test_pwa_endpoints.TestPushNotificationAPI" name="test_push_status_authenticated" time="0.352" /><testcase classname="backend.tests.test_pwa_endpoints.TestPushNotificationAPI" name="test_push_subscribe_authenticated" time="0.299" /><testcase classname="backend.tests.test_pwa_endpoints.TestPushNotificationAPI" name="test_push_status_after_subscribe" time="0.341" /><testcase classname="backend.tests.test_pwa_endpoints.TestPushNotificationAPI" name="test_push_unsubscribe" time="0.309" /><testcase classname="backend.tests.test_pwa_endpoints.TestVerificationPageAPI" name="test_verify_valid_stamp" time="0.045" /><testcase classname="backend.tests.test_pwa_endpoints.TestVerificationPageAPI" name="test_verify_invalid_stamp" time="0.079" /><testcase classname="backend.tests.test_pwa_endpoints.TestVerificationPageAPI" name="test_verify_returns_advocate_status" time="0.042" /><testcase classname="backend.tests.test_pwa_endpoints.TestVerificationPageAPI" name="test_verify_returns_document_info" time="0.039" /><testcase classname="backend.tests.test_pwa_endpoints.TestVerificationPageAPI" name="test_verify_increments_count" time="0.087" /></testsuite></testsuites>