<?xml version="1.0" encoding="utf-8"?><testsuites name="pytest tests"><testsuite name="pytest" errors="0" failures="6" skipped="0" tests="14" time="2.819" timestamp="2026-03-01T17:23:41.058294+00:00" hostname="agent-env-fabe852b-5644-466a-9e70-a0e37fabf402"><testcase classname="tests.test_iteration66_batch_gotenberg.TestBatchStampingEndpoint" name="test_batch_stamp_requires_authentication" time="0.283" /><testcase classname="tests.test_iteration66_batch_gotenberg.TestBatchStampingEndpoint" name="test_batch_stamp_with_single_pdf" time="0.483"><failure message="AssertionError: Expected 200, got 403: {&quot;detail&quot;:&quot;CSRF token missing&quot;,&quot;error_code&quot;:&quot;CSRF_MISSING&quot;}&#10;assert 403 == 200&#10; +  where 403 = &lt;Response [403]&gt;.status_code">tests/test_iteration66_batch_gotenberg.py:130: in test_batch_stamp_with_single_pdf
    assert response.status_code == 200, f"Expected 200, got {response.status_code}: {response.text[:500]}"
E   AssertionError: Expected 200, got 403: {"detail":"CSRF token missing","error_code":"CSRF_MISSING"}
E   assert 403 == 200
E    +  where 403 = &lt;Response [403]&gt;.status_code</failure></testcase><testcase classname="tests.test_iteration66_batch_gotenberg.TestBatchStampingEndpoint" name="test_batch_stamp_with_multiple_pdfs" time="0.144"><failure message="AssertionError: Expected 200, got 403: {&quot;detail&quot;:&quot;CSRF token missing&quot;,&quot;error_code&quot;:&quot;CSRF_MISSING&quot;}&#10;assert 403 == 200&#10; +  where 403 = &lt;Response [403]&gt;.status_code">tests/test_iteration66_batch_gotenberg.py:167: in test_batch_stamp_with_multiple_pdfs
    assert response.status_code == 200, f"Expected 200, got {response.status_code}: {response.text[:500]}"
E   AssertionError: Expected 200, got 403: {"detail":"CSRF token missing","error_code":"CSRF_MISSING"}
E   assert 403 == 200
E    +  where 403 = &lt;Response [403]&gt;.status_code</failure></testcase><testcase classname="tests.test_iteration66_batch_gotenberg.TestBatchStampingEndpoint" name="test_batch_stamp_rejects_non_pdf" time="0.112"><failure message="AssertionError: Expected 400 for non-PDF, got 403&#10;assert 403 == 400&#10; +  where 403 = &lt;Response [403]&gt;.status_code">tests/test_iteration66_batch_gotenberg.py:187: in test_batch_stamp_rejects_non_pdf
    assert response.status_code == 400, f"Expected 400 for non-PDF, got {response.status_code}"
E   AssertionError: Expected 400 for non-PDF, got 403
E   assert 403 == 400
E    +  where 403 = &lt;Response [403]&gt;.status_code</failure></testcase><testcase classname="tests.test_iteration66_batch_gotenberg.TestBatchStampingEndpoint" name="test_batch_stamp_validates_file_count_limit" time="0.136"><failure message="AssertionError: Expected 400 for exceeding limit, got 403&#10;assert 403 == 400&#10; +  where 403 = &lt;Response [403]&gt;.status_code">tests/test_iteration66_batch_gotenberg.py:205: in test_batch_stamp_validates_file_count_limit
    assert response.status_code == 400, f"Expected 400 for exceeding limit, got {response.status_code}"
E   AssertionError: Expected 400 for exceeding limit, got 403
E   assert 403 == 400
E    +  where 403 = &lt;Response [403]&gt;.status_code</failure></testcase><testcase classname="tests.test_iteration66_batch_gotenberg.TestBatchStampsHistoryEndpoint" name="test_get_batch_stamps_history" time="0.136" /><testcase classname="tests.test_iteration66_batch_gotenberg.TestBatchStampsHistoryEndpoint" name="test_batch_stamps_requires_auth" time="0.110" /><testcase classname="tests.test_iteration66_batch_gotenberg.TestAdminServicesStatusEndpoint" name="test_services_status_requires_admin" time="0.070" /><testcase classname="tests.test_iteration66_batch_gotenberg.TestAdminServicesStatusEndpoint" name="test_services_status_with_admin" time="0.456" /><testcase classname="tests.test_iteration66_batch_gotenberg.TestAdminServicesStatusEndpoint" name="test_services_status_returns_timestamp" time="0.063" /><testcase classname="tests.test_iteration66_batch_gotenberg.TestDocxConversionWithFallback" name="test_prepare_document_with_pdf" time="0.124"><failure message="AssertionError: Expected 200, got 404: {&quot;detail&quot;:&quot;Not Found&quot;}&#10;assert 404 == 200&#10; +  where 404 = &lt;Response [404]&gt;.status_code">tests/test_iteration66_batch_gotenberg.py:305: in test_prepare_document_with_pdf
    assert response.status_code == 200, f"Expected 200, got {response.status_code}: {response.text[:500]}"
E   AssertionError: Expected 200, got 404: {"detail":"Not Found"}
E   assert 404 == 200
E    +  where 404 = &lt;Response [404]&gt;.status_code</failure></testcase><testcase classname="tests.test_iteration66_batch_gotenberg.TestDocxConversionWithFallback" name="test_prepare_document_endpoint_exists" time="0.110"><failure message="AssertionError: Expected 400/422, got 404&#10;assert 404 in [400, 422]&#10; +  where 404 = &lt;Response [404]&gt;.status_code">tests/test_iteration66_batch_gotenberg.py:324: in test_prepare_document_endpoint_exists
    assert response.status_code in [400, 422], f"Expected 400/422, got {response.status_code}"
E   AssertionError: Expected 400/422, got 404
E   assert 404 in [400, 422]
E    +  where 404 = &lt;Response [404]&gt;.status_code</failure></testcase><testcase classname="tests.test_iteration66_batch_gotenberg.TestHealthAndBasicEndpoints" name="test_api_health" time="0.169" /><testcase classname="tests.test_iteration66_batch_gotenberg.TestHealthAndBasicEndpoints" name="test_authentication_works" time="0.278" /></testsuite></testsuites>