<?xml version="1.0" encoding="utf-8"?><testsuites name="pytest tests"><testsuite name="pytest" errors="0" failures="0" skipped="0" tests="15" time="3.133" timestamp="2026-03-01T17:09:42.764055+00:00" hostname="agent-env-fabe852b-5644-466a-9e70-a0e37fabf402"><testcase classname="backend.tests.test_iteration65_features.TestBatchStampsEndpoint" name="test_batch_stamps_endpoint_exists" time="0.491" /><testcase classname="backend.tests.test_iteration65_features.TestBatchStampsEndpoint" name="test_batch_stamps_structure" time="0.059" /><testcase classname="backend.tests.test_iteration65_features.TestCaseHearingsAndCalendar" name="test_create_client_for_case" time="0.499" /><testcase classname="backend.tests.test_iteration65_features.TestCaseHearingsAndCalendar" name="test_create_case_and_hearing" time="0.250" /><testcase classname="backend.tests.test_iteration65_features.TestCaseHearingsAndCalendar" name="test_add_hearing_to_case" time="0.344" /><testcase classname="backend.tests.test_iteration65_features.TestCaseHearingsAndCalendar" name="test_calendar_events_endpoint" time="0.058" /><testcase classname="backend.tests.test_iteration65_features.TestPublicProfile" name="test_public_profile_by_id" time="0.145" /><testcase classname="backend.tests.test_iteration65_features.TestPublicProfile" name="test_public_profile_has_bio" time="0.055" /><testcase classname="backend.tests.test_iteration65_features.TestPublicProfile" name="test_public_profile_has_education" time="0.062" /><testcase classname="backend.tests.test_iteration65_features.TestPublicProfile" name="test_public_profile_has_practice_areas" time="0.059" /><testcase classname="backend.tests.test_iteration65_features.TestPublicProfile" name="test_public_profile_has_experience" time="0.060" /><testcase classname="backend.tests.test_iteration65_features.TestPublicProfile" name="test_public_profile_has_achievements" time="0.062" /><testcase classname="backend.tests.test_iteration65_features.TestPublicProfile" name="test_public_profile_has_memberships" time="0.060" /><testcase classname="backend.tests.test_iteration65_features.TestPublicProfile" name="test_public_profile_has_bar_admissions" time="0.077" /><testcase classname="backend.tests.test_iteration65_features.TestCleanup" name="test_cleanup_test_data" time="0.779" /></testsuite></testsuites>