<?xml version="1.0" encoding="utf-8"?><testsuites name="pytest tests"><testsuite name="pytest" errors="7" failures="8" skipped="0" tests="15" time="2.589" timestamp="2026-03-01T17:02:26.758026+00:00" hostname="agent-env-fabe852b-5644-466a-9e70-a0e37fabf402"><testcase classname="backend.tests.test_iteration65_features.TestBatchStampsEndpoint" name="test_batch_stamps_endpoint_exists" time="0.529"><error message="failed on setup with &quot;AssertionError: Token missing from login response&#10;assert 'token' in {'access_token': 'eyJhbGciOiJIUzI1NiIsInR5cCI6IkpXVCJ9.eyJzdWIiOiJ0ZXN0LWFkdm9jYXRlLXBlcnNpc3RlbnQtMDAxIiwicm9sZSI6ImFkdm9jYXRlIiwianRpIjoiZGNlOWM3OWItYTllOS00YjJhLWE0NTYtNDg2N2MyNTYyNTNkIiwiZXhwIjoxNzcyNDcwOTQ3fQ.j3ko78u6Yj_SjsXZDJYiFAfpyxbed9e5xtxKc1OtlmE', 'csrf_token': '94Cvd3yUDvBsRGxdoX6Izn9RgMxuOWuYSINeIWQFvos', 'token_type': 'bearer', 'user': {'admission_year': 2024, 'court_jurisdiction': 'High Court of Tanzania', 'created_at': '2026-02-17T10:03:38.399Z', 'email': 'test@tls.or.tz', ...}}&quot;">backend/tests/test_iteration65_features.py:41: in auth_token
    assert "token" in data, "Token missing from login response"
E   AssertionError: Token missing from login response
E   assert 'token' in {'access_token': 'eyJhbGciOiJIUzI1NiIsInR5cCI6IkpXVCJ9.eyJzdWIiOiJ0ZXN0LWFkdm9jYXRlLXBlcnNpc3RlbnQtMDAxIiwicm9sZSI6ImFkdm9jYXRlIiwianRpIjoiZGNlOWM3OWItYTllOS00YjJhLWE0NTYtNDg2N2MyNTYyNTNkIiwiZXhwIjoxNzcyNDcwOTQ3fQ.j3ko78u6Yj_SjsXZDJYiFAfpyxbed9e5xtxKc1OtlmE', 'csrf_token': '94Cvd3yUDvBsRGxdoX6Izn9RgMxuOWuYSINeIWQFvos', 'token_type': 'bearer', 'user': {'admission_year': 2024, 'court_jurisdiction': 'High Court of Tanzania', 'created_at': '2026-02-17T10:03:38.399Z', 'email': 'test@tls.or.tz', ...}}</error></testcase><testcase classname="backend.tests.test_iteration65_features.TestBatchStampsEndpoint" name="test_batch_stamps_structure" time="0.000"><error message="failed on setup with &quot;AssertionError: Token missing from login response&#10;assert 'token' in {'access_token': 'eyJhbGciOiJIUzI1NiIsInR5cCI6IkpXVCJ9.eyJzdWIiOiJ0ZXN0LWFkdm9jYXRlLXBlcnNpc3RlbnQtMDAxIiwicm9sZSI6ImFkdm9jYXRlIiwianRpIjoiZGNlOWM3OWItYTllOS00YjJhLWE0NTYtNDg2N2MyNTYyNTNkIiwiZXhwIjoxNzcyNDcwOTQ3fQ.j3ko78u6Yj_SjsXZDJYiFAfpyxbed9e5xtxKc1OtlmE', 'csrf_token': '94Cvd3yUDvBsRGxdoX6Izn9RgMxuOWuYSINeIWQFvos', 'token_type': 'bearer', 'user': {'admission_year': 2024, 'court_jurisdiction': 'High Court of Tanzania', 'created_at': '2026-02-17T10:03:38.399Z', 'email': 'test@tls.or.tz', ...}}&quot;">backend/tests/test_iteration65_features.py:41: in auth_token
    assert "token" in data, "Token missing from login response"
E   AssertionError: Token missing from login response
E   assert 'token' in {'access_token': 'eyJhbGciOiJIUzI1NiIsInR5cCI6IkpXVCJ9.eyJzdWIiOiJ0ZXN0LWFkdm9jYXRlLXBlcnNpc3RlbnQtMDAxIiwicm9sZSI6ImFkdm9jYXRlIiwianRpIjoiZGNlOWM3OWItYTllOS00YjJhLWE0NTYtNDg2N2MyNTYyNTNkIiwiZXhwIjoxNzcyNDcwOTQ3fQ.j3ko78u6Yj_SjsXZDJYiFAfpyxbed9e5xtxKc1OtlmE', 'csrf_token': '94Cvd3yUDvBsRGxdoX6Izn9RgMxuOWuYSINeIWQFvos', 'token_type': 'bearer', 'user': {'admission_year': 2024, 'court_jurisdiction': 'High Court of Tanzania', 'created_at': '2026-02-17T10:03:38.399Z', 'email': 'test@tls.or.tz', ...}}</error></testcase><testcase classname="backend.tests.test_iteration65_features.TestCaseHearingsAndCalendar" name="test_create_client_for_case" time="0.369"><error message="failed on setup with &quot;AssertionError: Token missing from login response&#10;assert 'token' in {'access_token': 'eyJhbGciOiJIUzI1NiIsInR5cCI6IkpXVCJ9.eyJzdWIiOiJ0ZXN0LWFkdm9jYXRlLXBlcnNpc3RlbnQtMDAxIiwicm9sZSI6ImFkdm9jYXRlIiwianRpIjoiM2ZjOGI5Y2ItMjk0My00NWJiLWFiMWYtNDFjZjZjMzI0MjUyIiwiZXhwIjoxNzcyNDcwOTQ3fQ.lM6vKIqeNwtIAtIL8_3xOGucj32cOLCcmI1xHHLKfpQ', 'csrf_token': 'qAuaQ3zCbKwb8GnCYkFS4u35eDsp-tKATPVExHswMYc', 'token_type': 'bearer', 'user': {'admission_year': 2024, 'court_jurisdiction': 'High Court of Tanzania', 'created_at': '2026-02-17T10:03:38.399Z', 'email': 'test@tls.or.tz', ...}}&quot;">backend/tests/test_iteration65_features.py:41: in auth_token
    assert "token" in data, "Token missing from login response"
E   AssertionError: Token missing from login response
E   assert 'token' in {'access_token': 'eyJhbGciOiJIUzI1NiIsInR5cCI6IkpXVCJ9.eyJzdWIiOiJ0ZXN0LWFkdm9jYXRlLXBlcnNpc3RlbnQtMDAxIiwicm9sZSI6ImFkdm9jYXRlIiwianRpIjoiM2ZjOGI5Y2ItMjk0My00NWJiLWFiMWYtNDFjZjZjMzI0MjUyIiwiZXhwIjoxNzcyNDcwOTQ3fQ.lM6vKIqeNwtIAtIL8_3xOGucj32cOLCcmI1xHHLKfpQ', 'csrf_token': 'qAuaQ3zCbKwb8GnCYkFS4u35eDsp-tKATPVExHswMYc', 'token_type': 'bearer', 'user': {'admission_year': 2024, 'court_jurisdiction': 'High Court of Tanzania', 'created_at': '2026-02-17T10:03:38.399Z', 'email': 'test@tls.or.tz', ...}}</error></testcase><testcase classname="backend.tests.test_iteration65_features.TestCaseHearingsAndCalendar" name="test_create_case_and_hearing" time="0.000"><error message="failed on setup with &quot;AssertionError: Token missing from login response&#10;assert 'token' in {'access_token': 'eyJhbGciOiJIUzI1NiIsInR5cCI6IkpXVCJ9.eyJzdWIiOiJ0ZXN0LWFkdm9jYXRlLXBlcnNpc3RlbnQtMDAxIiwicm9sZSI6ImFkdm9jYXRlIiwianRpIjoiM2ZjOGI5Y2ItMjk0My00NWJiLWFiMWYtNDFjZjZjMzI0MjUyIiwiZXhwIjoxNzcyNDcwOTQ3fQ.lM6vKIqeNwtIAtIL8_3xOGucj32cOLCcmI1xHHLKfpQ', 'csrf_token': 'qAuaQ3zCbKwb8GnCYkFS4u35eDsp-tKATPVExHswMYc', 'token_type': 'bearer', 'user': {'admission_year': 2024, 'court_jurisdiction': 'High Court of Tanzania', 'created_at': '2026-02-17T10:03:38.399Z', 'email': 'test@tls.or.tz', ...}}&quot;">backend/tests/test_iteration65_features.py:41: in auth_token
    assert "token" in data, "Token missing from login response"
E   AssertionError: Token missing from login response
E   assert 'token' in {'access_token': 'eyJhbGciOiJIUzI1NiIsInR5cCI6IkpXVCJ9.eyJzdWIiOiJ0ZXN0LWFkdm9jYXRlLXBlcnNpc3RlbnQtMDAxIiwicm9sZSI6ImFkdm9jYXRlIiwianRpIjoiM2ZjOGI5Y2ItMjk0My00NWJiLWFiMWYtNDFjZjZjMzI0MjUyIiwiZXhwIjoxNzcyNDcwOTQ3fQ.lM6vKIqeNwtIAtIL8_3xOGucj32cOLCcmI1xHHLKfpQ', 'csrf_token': 'qAuaQ3zCbKwb8GnCYkFS4u35eDsp-tKATPVExHswMYc', 'token_type': 'bearer', 'user': {'admission_year': 2024, 'court_jurisdiction': 'High Court of Tanzania', 'created_at': '2026-02-17T10:03:38.399Z', 'email': 'test@tls.or.tz', ...}}</error></testcase><testcase classname="backend.tests.test_iteration65_features.TestCaseHearingsAndCalendar" name="test_add_hearing_to_case" time="0.000"><error message="failed on setup with &quot;AssertionError: Token missing from login response&#10;assert 'token' in {'access_token': 'eyJhbGciOiJIUzI1NiIsInR5cCI6IkpXVCJ9.eyJzdWIiOiJ0ZXN0LWFkdm9jYXRlLXBlcnNpc3RlbnQtMDAxIiwicm9sZSI6ImFkdm9jYXRlIiwianRpIjoiM2ZjOGI5Y2ItMjk0My00NWJiLWFiMWYtNDFjZjZjMzI0MjUyIiwiZXhwIjoxNzcyNDcwOTQ3fQ.lM6vKIqeNwtIAtIL8_3xOGucj32cOLCcmI1xHHLKfpQ', 'csrf_token': 'qAuaQ3zCbKwb8GnCYkFS4u35eDsp-tKATPVExHswMYc', 'token_type': 'bearer', 'user': {'admission_year': 2024, 'court_jurisdiction': 'High Court of Tanzania', 'created_at': '2026-02-17T10:03:38.399Z', 'email': 'test@tls.or.tz', ...}}&quot;">backend/tests/test_iteration65_features.py:41: in auth_token
    assert "token" in data, "Token missing from login response"
E   AssertionError: Token missing from login response
E   assert 'token' in {'access_token': 'eyJhbGciOiJIUzI1NiIsInR5cCI6IkpXVCJ9.eyJzdWIiOiJ0ZXN0LWFkdm9jYXRlLXBlcnNpc3RlbnQtMDAxIiwicm9sZSI6ImFkdm9jYXRlIiwianRpIjoiM2ZjOGI5Y2ItMjk0My00NWJiLWFiMWYtNDFjZjZjMzI0MjUyIiwiZXhwIjoxNzcyNDcwOTQ3fQ.lM6vKIqeNwtIAtIL8_3xOGucj32cOLCcmI1xHHLKfpQ', 'csrf_token': 'qAuaQ3zCbKwb8GnCYkFS4u35eDsp-tKATPVExHswMYc', 'token_type': 'bearer', 'user': {'admission_year': 2024, 'court_jurisdiction': 'High Court of Tanzania', 'created_at': '2026-02-17T10:03:38.399Z', 'email': 'test@tls.or.tz', ...}}</error></testcase><testcase classname="backend.tests.test_iteration65_features.TestCaseHearingsAndCalendar" name="test_calendar_events_endpoint" time="0.000"><error message="failed on setup with &quot;AssertionError: Token missing from login response&#10;assert 'token' in {'access_token': 'eyJhbGciOiJIUzI1NiIsInR5cCI6IkpXVCJ9.eyJzdWIiOiJ0ZXN0LWFkdm9jYXRlLXBlcnNpc3RlbnQtMDAxIiwicm9sZSI6ImFkdm9jYXRlIiwianRpIjoiM2ZjOGI5Y2ItMjk0My00NWJiLWFiMWYtNDFjZjZjMzI0MjUyIiwiZXhwIjoxNzcyNDcwOTQ3fQ.lM6vKIqeNwtIAtIL8_3xOGucj32cOLCcmI1xHHLKfpQ', 'csrf_token': 'qAuaQ3zCbKwb8GnCYkFS4u35eDsp-tKATPVExHswMYc', 'token_type': 'bearer', 'user': {'admission_year': 2024, 'court_jurisdiction': 'High Court of Tanzania', 'created_at': '2026-02-17T10:03:38.399Z', 'email': 'test@tls.or.tz', ...}}&quot;">backend/tests/test_iteration65_features.py:41: in auth_token
    assert "token" in data, "Token missing from login response"
E   AssertionError: Token missing from login response
E   assert 'token' in {'access_token': 'eyJhbGciOiJIUzI1NiIsInR5cCI6IkpXVCJ9.eyJzdWIiOiJ0ZXN0LWFkdm9jYXRlLXBlcnNpc3RlbnQtMDAxIiwicm9sZSI6ImFkdm9jYXRlIiwianRpIjoiM2ZjOGI5Y2ItMjk0My00NWJiLWFiMWYtNDFjZjZjMzI0MjUyIiwiZXhwIjoxNzcyNDcwOTQ3fQ.lM6vKIqeNwtIAtIL8_3xOGucj32cOLCcmI1xHHLKfpQ', 'csrf_token': 'qAuaQ3zCbKwb8GnCYkFS4u35eDsp-tKATPVExHswMYc', 'token_type': 'bearer', 'user': {'admission_year': 2024, 'court_jurisdiction': 'High Court of Tanzania', 'created_at': '2026-02-17T10:03:38.399Z', 'email': 'test@tls.or.tz', ...}}</error></testcase><testcase classname="backend.tests.test_iteration65_features.TestPublicProfile" name="test_public_profile_by_id" time="0.231"><failure message="AssertionError: Public profile endpoint failed: {&quot;detail&quot;:&quot;Not Found&quot;}&#10;assert 404 == 200&#10; +  where 404 = &lt;Response [404]&gt;.status_code">backend/tests/test_iteration65_features.py:244: in test_public_profile_by_id
    assert response.status_code == 200, f"Public profile endpoint failed: {response.text}"
E   AssertionError: Public profile endpoint failed: {"detail":"Not Found"}
E   assert 404 == 200
E    +  where 404 = &lt;Response [404]&gt;.status_code</failure></testcase><testcase classname="backend.tests.test_iteration65_features.TestPublicProfile" name="test_public_profile_has_bio" time="0.123"><failure message="AssertionError: Public profile endpoint failed: {&quot;detail&quot;:&quot;Not Found&quot;}&#10;assert 404 == 200&#10; +  where 404 = &lt;Response [404]&gt;.status_code">backend/tests/test_iteration65_features.py:253: in test_public_profile_has_bio
    data = self.test_public_profile_by_id(session)
           ^^^^^^^^^^^^^^^^^^^^^^^^^^^^^^^^^^^^^^^
backend/tests/test_iteration65_features.py:244: in test_public_profile_by_id
    assert response.status_code == 200, f"Public profile endpoint failed: {response.text}"
E   AssertionError: Public profile endpoint failed: {"detail":"Not Found"}
E   assert 404 == 200
E    +  where 404 = &lt;Response [404]&gt;.status_code</failure></testcase><testcase classname="backend.tests.test_iteration65_features.TestPublicProfile" name="test_public_profile_has_education" time="0.117"><failure message="AssertionError: Public profile endpoint failed: {&quot;detail&quot;:&quot;Not Found&quot;}&#10;assert 404 == 200&#10; +  where 404 = &lt;Response [404]&gt;.status_code">backend/tests/test_iteration65_features.py:260: in test_public_profile_has_education
    data = self.test_public_profile_by_id(session)
           ^^^^^^^^^^^^^^^^^^^^^^^^^^^^^^^^^^^^^^^
backend/tests/test_iteration65_features.py:244: in test_public_profile_by_id
    assert response.status_code == 200, f"Public profile endpoint failed: {response.text}"
E   AssertionError: Public profile endpoint failed: {"detail":"Not Found"}
E   assert 404 == 200
E    +  where 404 = &lt;Response [404]&gt;.status_code</failure></testcase><testcase classname="backend.tests.test_iteration65_features.TestPublicProfile" name="test_public_profile_has_practice_areas" time="0.165"><failure message="AssertionError: Public profile endpoint failed: {&quot;detail&quot;:&quot;Not Found&quot;}&#10;assert 404 == 200&#10; +  where 404 = &lt;Response [404]&gt;.status_code">backend/tests/test_iteration65_features.py:270: in test_public_profile_has_practice_areas
    data = self.test_public_profile_by_id(session)
           ^^^^^^^^^^^^^^^^^^^^^^^^^^^^^^^^^^^^^^^
backend/tests/test_iteration65_features.py:244: in test_public_profile_by_id
    assert response.status_code == 200, f"Public profile endpoint failed: {response.text}"
E   AssertionError: Public profile endpoint failed: {"detail":"Not Found"}
E   assert 404 == 200
E    +  where 404 = &lt;Response [404]&gt;.status_code</failure></testcase><testcase classname="backend.tests.test_iteration65_features.TestPublicProfile" name="test_public_profile_has_experience" time="0.118"><failure message="AssertionError: Public profile endpoint failed: {&quot;detail&quot;:&quot;Not Found&quot;}&#10;assert 404 == 200&#10; +  where 404 = &lt;Response [404]&gt;.status_code">backend/tests/test_iteration65_features.py:277: in test_public_profile_has_experience
    data = self.test_public_profile_by_id(session)
           ^^^^^^^^^^^^^^^^^^^^^^^^^^^^^^^^^^^^^^^
backend/tests/test_iteration65_features.py:244: in test_public_profile_by_id
    assert response.status_code == 200, f"Public profile endpoint failed: {response.text}"
E   AssertionError: Public profile endpoint failed: {"detail":"Not Found"}
E   assert 404 == 200
E    +  where 404 = &lt;Response [404]&gt;.status_code</failure></testcase><testcase classname="backend.tests.test_iteration65_features.TestPublicProfile" name="test_public_profile_has_achievements" time="0.122"><failure message="AssertionError: Public profile endpoint failed: {&quot;detail&quot;:&quot;Not Found&quot;}&#10;assert 404 == 200&#10; +  where 404 = &lt;Response [404]&gt;.status_code">backend/tests/test_iteration65_features.py:287: in test_public_profile_has_achievements
    data = self.test_public_profile_by_id(session)
           ^^^^^^^^^^^^^^^^^^^^^^^^^^^^^^^^^^^^^^^
backend/tests/test_iteration65_features.py:244: in test_public_profile_by_id
    assert response.status_code == 200, f"Public profile endpoint failed: {response.text}"
E   AssertionError: Public profile endpoint failed: {"detail":"Not Found"}
E   assert 404 == 200
E    +  where 404 = &lt;Response [404]&gt;.status_code</failure></testcase><testcase classname="backend.tests.test_iteration65_features.TestPublicProfile" name="test_public_profile_has_memberships" time="0.121"><failure message="AssertionError: Public profile endpoint failed: {&quot;detail&quot;:&quot;Not Found&quot;}&#10;assert 404 == 200&#10; +  where 404 = &lt;Response [404]&gt;.status_code">backend/tests/test_iteration65_features.py:294: in test_public_profile_has_memberships
    data = self.test_public_profile_by_id(session)
           ^^^^^^^^^^^^^^^^^^^^^^^^^^^^^^^^^^^^^^^
backend/tests/test_iteration65_features.py:244: in test_public_profile_by_id
    assert response.status_code == 200, f"Public profile endpoint failed: {response.text}"
E   AssertionError: Public profile endpoint failed: {"detail":"Not Found"}
E   assert 404 == 200
E    +  where 404 = &lt;Response [404]&gt;.status_code</failure></testcase><testcase classname="backend.tests.test_iteration65_features.TestPublicProfile" name="test_public_profile_has_bar_admissions" time="0.128"><failure message="AssertionError: Public profile endpoint failed: {&quot;detail&quot;:&quot;Not Found&quot;}&#10;assert 404 == 200&#10; +  where 404 = &lt;Response [404]&gt;.status_code">backend/tests/test_iteration65_features.py:301: in test_public_profile_has_bar_admissions
    data = self.test_public_profile_by_id(session)
           ^^^^^^^^^^^^^^^^^^^^^^^^^^^^^^^^^^^^^^^
backend/tests/test_iteration65_features.py:244: in test_public_profile_by_id
    assert response.status_code == 200, f"Public profile endpoint failed: {response.text}"
E   AssertionError: Public profile endpoint failed: {"detail":"Not Found"}
E   assert 404 == 200
E    +  where 404 = &lt;Response [404]&gt;.status_code</failure></testcase><testcase classname="backend.tests.test_iteration65_features.TestCleanup" name="test_cleanup_test_data" time="0.409"><error message="failed on setup with &quot;AssertionError: Token missing from login response&#10;assert 'token' in {'access_token': 'eyJhbGciOiJIUzI1NiIsInR5cCI6IkpXVCJ9.eyJzdWIiOiJ0ZXN0LWFkdm9jYXRlLXBlcnNpc3RlbnQtMDAxIiwicm9sZSI6ImFkdm9jYXRlIiwianRpIjoiYzNmMDE0ZDctODE3Yy00Yjc5LTg2MjUtYTQ5ZmYzZTNmNDZiIiwiZXhwIjoxNzcyNDcwOTQ5fQ.h_6AHMlVYzabty9hmH86n56zmAhIGKFb8OPqddevg1E', 'csrf_token': '7SxgAG4sYNkuOJiGSSx11GfqOQFE2DZ6wL6nalBrcns', 'token_type': 'bearer', 'user': {'admission_year': 2024, 'court_jurisdiction': 'High Court of Tanzania', 'created_at': '2026-02-17T10:03:38.399Z', 'email': 'test@tls.or.tz', ...}}&quot;">backend/tests/test_iteration65_features.py:41: in auth_token
    assert "token" in data, "Token missing from login response"
E   AssertionError: Token missing from login response
E   assert 'token' in {'access_token': 'eyJhbGciOiJIUzI1NiIsInR5cCI6IkpXVCJ9.eyJzdWIiOiJ0ZXN0LWFkdm9jYXRlLXBlcnNpc3RlbnQtMDAxIiwicm9sZSI6ImFkdm9jYXRlIiwianRpIjoiYzNmMDE0ZDctODE3Yy00Yjc5LTg2MjUtYTQ5ZmYzZTNmNDZiIiwiZXhwIjoxNzcyNDcwOTQ5fQ.h_6AHMlVYzabty9hmH86n56zmAhIGKFb8OPqddevg1E', 'csrf_token': '7SxgAG4sYNkuOJiGSSx11GfqOQFE2DZ6wL6nalBrcns', 'token_type': 'bearer', 'user': {'admission_year': 2024, 'court_jurisdiction': 'High Court of Tanzania', 'created_at': '2026-02-17T10:03:38.399Z', 'email': 'test@tls.or.tz', ...}}</error></testcase></testsuite></testsuites>