<?xml version="1.0" encoding="utf-8"?><testsuites name="pytest tests"><testsuite name="pytest" errors="0" failures="0" skipped="0" tests="14" time="3.251" timestamp="2026-03-01T17:24:29.286292+00:00" hostname="agent-env-fabe852b-5644-466a-9e70-a0e37fabf402"><testcase classname="tests.test_iteration66_batch_gotenberg.TestBatchStampingEndpoint" name="test_batch_stamp_requires_authentication" time="0.168" /><testcase classname="tests.test_iteration66_batch_gotenberg.TestBatchStampingEndpoint" name="test_batch_stamp_with_single_pdf" time="0.735" /><testcase classname="tests.test_iteration66_batch_gotenberg.TestBatchStampingEndpoint" name="test_batch_stamp_with_multiple_pdfs" time="0.545" /><testcase classname="tests.test_iteration66_batch_gotenberg.TestBatchStampingEndpoint" name="test_batch_stamp_rejects_non_pdf" time="0.153" /><testcase classname="tests.test_iteration66_batch_gotenberg.TestBatchStampingEndpoint" name="test_batch_stamp_validates_file_count_limit" time="0.148" /><testcase classname="tests.test_iteration66_batch_gotenberg.TestBatchStampsHistoryEndpoint" name="test_get_batch_stamps_history" time="0.112" /><testcase classname="tests.test_iteration66_batch_gotenberg.TestBatchStampsHistoryEndpoint" name="test_batch_stamps_requires_auth" time="0.118" /><testcase classname="tests.test_iteration66_batch_gotenberg.TestAdminServicesStatusEndpoint" name="test_services_status_requires_admin" time="0.072" /><testcase classname="tests.test_iteration66_batch_gotenberg.TestAdminServicesStatusEndpoint" name="test_services_status_with_admin" time="0.414" /><testcase classname="tests.test_iteration66_batch_gotenberg.TestAdminServicesStatusEndpoint" name="test_services_status_returns_timestamp" time="0.049" /><testcase classname="tests.test_iteration66_batch_gotenberg.TestDocxConversionWithFallback" name="test_document_upload_with_pdf" time="0.117" /><testcase classname="tests.test_iteration66_batch_gotenberg.TestDocxConversionWithFallback" name="test_document_upload_endpoint_exists" time="0.115" /><testcase classname="tests.test_iteration66_batch_gotenberg.TestHealthAndBasicEndpoints" name="test_api_health" time="0.119" /><testcase classname="tests.test_iteration66_batch_gotenberg.TestHealthAndBasicEndpoints" name="test_authentication_works" time="0.284" /></testsuite></testsuites>