<?xml version="1.0" encoding="utf-8"?><testsuites name="pytest tests"><testsuite name="pytest" errors="0" failures="0" skipped="0" tests="24" time="6.838" timestamp="2026-01-30T20:58:16.474919+00:00" hostname="agent-env-7aa3ad71-75ca-49a9-a11f-680a6f49fe79"><testcase classname="backend.tests.test_tls_api.TestHealthCheck" name="test_health_endpoint" time="0.082" /><testcase classname="backend.tests.test_tls_api.TestAuthentication" name="test_super_admin_login" time="0.356" /><testcase classname="backend.tests.test_tls_api.TestAuthentication" name="test_tls_admin_login" time="0.311" /><testcase classname="backend.tests.test_tls_api.TestAuthentication" name="test_advocate_registration" time="0.285" /><testcase classname="backend.tests.test_tls_api.TestAuthentication" name="test_advocate_login_with_test_credentials" time="0.263" /><testcase classname="backend.tests.test_tls_api.TestAuthentication" name="test_get_current_user" time="0.308" /><testcase classname="backend.tests.test_tls_api.TestSuperAdminAPIs" name="test_get_system_settings" time="0.314" /><testcase classname="backend.tests.test_tls_api.TestSuperAdminAPIs" name="test_update_system_settings" time="0.472" /><testcase classname="backend.tests.test_tls_api.TestSuperAdminAPIs" name="test_get_super_admin_stats" time="0.309" /><testcase classname="backend.tests.test_tls_api.TestSuperAdminAPIs" name="test_get_admins_list" time="0.303" /><testcase classname="backend.tests.test_tls_api.TestSuperAdminAPIs" name="test_settings_requires_super_admin" time="0.035" /><testcase classname="backend.tests.test_tls_api.TestDocumentStampAPIs" name="test_document_upload" time="0.296" /><testcase classname="backend.tests.test_tls_api.TestDocumentStampAPIs" name="test_document_stamp" time="0.359" /><testcase classname="backend.tests.test_tls_api.TestDocumentStampAPIs" name="test_get_document_stamps" time="0.345" /><testcase classname="backend.tests.test_tls_api.TestVerificationAPIs" name="test_verify_invalid_stamp" time="0.042" /><testcase classname="backend.tests.test_tls_api.TestVerificationAPIs" name="test_verify_valid_stamp" time="0.372" /><testcase classname="backend.tests.test_tls_api.TestVerificationAPIs" name="test_verify_advocate_by_roll_number" time="0.297" /><testcase classname="backend.tests.test_tls_api.TestAdminAPIs" name="test_get_admin_stats" time="0.323" /><testcase classname="backend.tests.test_tls_api.TestAdminAPIs" name="test_get_advocates_list" time="0.309" /><testcase classname="backend.tests.test_tls_api.TestStampTypesAndOrders" name="test_get_stamp_types" time="0.035" /><testcase classname="backend.tests.test_tls_api.TestStampTypesAndOrders" name="test_create_order" time="0.311" /><testcase classname="backend.tests.test_tls_api.TestStampTypesAndOrders" name="test_get_orders" time="0.322" /><testcase classname="backend.tests.test_tls_api.TestDigitalStamps" name="test_create_digital_stamp" time="0.327" /><testcase classname="backend.tests.test_tls_api.TestDigitalStamps" name="test_get_digital_stamps" time="0.304" /></testsuite></testsuites>