<?xml version="1.0" encoding="utf-8"?><testsuites name="pytest tests"><testsuite name="pytest" errors="0" failures="0" skipped="0" tests="7" time="1.319" timestamp="2026-01-31T18:47:01.246891+00:00" hostname="agent-env-35ae7f24-7e32-4493-bc45-55d154883bc5"><testcase classname="backend.tests.test_qr_layout_features.TestQRCodeVisibility" name="test_stamp_with_logo_left_layout_has_visible_qr" time="0.440" /><testcase classname="backend.tests.test_qr_layout_features.TestQRCodeVisibility" name="test_stamp_with_logo_right_layout_has_visible_qr" time="0.081" /><testcase classname="backend.tests.test_qr_layout_features.TestQRCodeVisibility" name="test_stamp_with_compact_layout_has_visible_qr" time="0.078" /><testcase classname="backend.tests.test_qr_layout_features.TestLayoutSelection" name="test_horizontal_layout" time="0.086" /><testcase classname="backend.tests.test_qr_layout_features.TestLayoutSelection" name="test_vertical_layout" time="0.098" /><testcase classname="backend.tests.test_qr_layout_features.TestLayoutSelection" name="test_all_layouts_produce_different_stamps" time="0.396" /><testcase classname="backend.tests.test_qr_layout_features.TestQRCodeForColoredBackground" name="test_logo_left_has_white_qr_on_colored_panel" time="0.078" /></testsuite></testsuites>