<?xml version="1.0" encoding="utf-8"?><testsuites name="pytest tests"><testsuite name="pytest" errors="5" failures="0" skipped="0" tests="15" time="13.160" timestamp="2026-02-23T13:35:31.171567+00:00" hostname="agent-env-2f2ca3f7-ac2b-4cf1-9743-c62da348d704"><testcase classname="backend.tests.test_reminder_preferences.TestReminderPreferencesAPI" name="test_get_reminder_preferences" time="1.294" /><testcase classname="backend.tests.test_reminder_preferences.TestReminderPreferencesAPI" name="test_get_reminder_preferences_default_values" time="0.915" /><testcase classname="backend.tests.test_reminder_preferences.TestReminderPreferencesAPI" name="test_put_reminder_preferences_update_in_app" time="1.111" /><testcase classname="backend.tests.test_reminder_preferences.TestReminderPreferencesAPI" name="test_put_reminder_preferences_update_email" time="1.027" /><testcase classname="backend.tests.test_reminder_preferences.TestReminderPreferencesAPI" name="test_put_reminder_times_5min" time="0.891" /><testcase classname="backend.tests.test_reminder_preferences.TestReminderPreferencesAPI" name="test_put_reminder_times_15min" time="0.938" /><testcase classname="backend.tests.test_reminder_preferences.TestReminderPreferencesAPI" name="test_put_reminder_times_30min" time="0.912" /><testcase classname="backend.tests.test_reminder_preferences.TestReminderPreferencesAPI" name="test_put_reminder_times_1hour" time="0.933" /><testcase classname="backend.tests.test_reminder_preferences.TestReminderPreferencesAPI" name="test_put_reminder_times_2hours" time="0.908" /><testcase classname="backend.tests.test_reminder_preferences.TestReminderPreferencesAPI" name="test_put_reminder_times_1day" time="0.622"><error message="failed on setup with &quot;AssertionError: Login failed: {&quot;detail&quot;:&quot;Too many requests. Please slow down.&quot;,&quot;retry_after&quot;:&quot;5 per 1 minute&quot;}&#10;assert 429 == 200&#10; +  where 429 = &lt;Response [429]&gt;.status_code&quot;">backend/tests/test_reminder_preferences.py:31: in setup
    assert response.status_code == 200, f"Login failed: {response.text}"
E   AssertionError: Login failed: {"detail":"Too many requests. Please slow down.","retry_after":"5 per 1 minute"}
E   assert 429 == 200
E    +  where 429 = &lt;Response [429]&gt;.status_code</error></testcase><testcase classname="backend.tests.test_reminder_preferences.TestReminderPreferencesAPI" name="test_put_reminder_times_2days" time="0.620"><error message="failed on setup with &quot;AssertionError: Login failed: {&quot;detail&quot;:&quot;Too many requests. Please slow down.&quot;,&quot;retry_after&quot;:&quot;5 per 1 minute&quot;}&#10;assert 429 == 200&#10; +  where 429 = &lt;Response [429]&gt;.status_code&quot;">backend/tests/test_reminder_preferences.py:31: in setup
    assert response.status_code == 200, f"Login failed: {response.text}"
E   AssertionError: Login failed: {"detail":"Too many requests. Please slow down.","retry_after":"5 per 1 minute"}
E   assert 429 == 200
E    +  where 429 = &lt;Response [429]&gt;.status_code</error></testcase><testcase classname="backend.tests.test_reminder_preferences.TestReminderPreferencesAPI" name="test_put_multiple_reminder_times" time="0.685"><error message="failed on setup with &quot;AssertionError: Login failed: {&quot;detail&quot;:&quot;Too many requests. Please slow down.&quot;,&quot;retry_after&quot;:&quot;5 per 1 minute&quot;}&#10;assert 429 == 200&#10; +  where 429 = &lt;Response [429]&gt;.status_code&quot;">backend/tests/test_reminder_preferences.py:31: in setup
    assert response.status_code == 200, f"Login failed: {response.text}"
E   AssertionError: Login failed: {"detail":"Too many requests. Please slow down.","retry_after":"5 per 1 minute"}
E   assert 429 == 200
E    +  where 429 = &lt;Response [429]&gt;.status_code</error></testcase><testcase classname="backend.tests.test_reminder_preferences.TestReminderPreferencesAPI" name="test_put_all_preferences_at_once" time="0.943" /><testcase classname="backend.tests.test_reminder_preferences.TestReminderPreferencesAPI" name="test_get_preferences_requires_auth" time="0.632"><error message="failed on setup with &quot;AssertionError: Login failed: {&quot;detail&quot;:&quot;Too many requests. Please slow down.&quot;,&quot;retry_after&quot;:&quot;5 per 1 minute&quot;}&#10;assert 429 == 200&#10; +  where 429 = &lt;Response [429]&gt;.status_code&quot;">backend/tests/test_reminder_preferences.py:31: in setup
    assert response.status_code == 200, f"Login failed: {response.text}"
E   AssertionError: Login failed: {"detail":"Too many requests. Please slow down.","retry_after":"5 per 1 minute"}
E   assert 429 == 200
E    +  where 429 = &lt;Response [429]&gt;.status_code</error></testcase><testcase classname="backend.tests.test_reminder_preferences.TestReminderPreferencesAPI" name="test_put_preferences_requires_auth" time="0.616"><error message="failed on setup with &quot;AssertionError: Login failed: {&quot;detail&quot;:&quot;Too many requests. Please slow down.&quot;,&quot;retry_after&quot;:&quot;5 per 1 minute&quot;}&#10;assert 429 == 200&#10; +  where 429 = &lt;Response [429]&gt;.status_code&quot;">backend/tests/test_reminder_preferences.py:31: in setup
    assert response.status_code == 200, f"Login failed: {response.text}"
E   AssertionError: Login failed: {"detail":"Too many requests. Please slow down.","retry_after":"5 per 1 minute"}
E   assert 429 == 200
E    +  where 429 = &lt;Response [429]&gt;.status_code</error></testcase></testsuite></testsuites>