<?xml version="1.0" encoding="utf-8"?><testsuites name="pytest tests"><testsuite name="pytest" errors="0" failures="0" skipped="0" tests="15" time="3.034" timestamp="2026-02-23T13:36:53.087199+00:00" hostname="agent-env-2f2ca3f7-ac2b-4cf1-9743-c62da348d704"><testcase classname="backend.tests.test_reminder_preferences.TestReminderPreferencesAPI" name="test_get_reminder_preferences" time="1.596" /><testcase classname="backend.tests.test_reminder_preferences.TestReminderPreferencesAPI" name="test_get_reminder_preferences_default_values" time="0.077" /><testcase classname="backend.tests.test_reminder_preferences.TestReminderPreferencesAPI" name="test_put_reminder_preferences_update_in_app" time="0.289" /><testcase classname="backend.tests.test_reminder_preferences.TestReminderPreferencesAPI" name="test_put_reminder_preferences_update_email" time="0.185" /><testcase classname="backend.tests.test_reminder_preferences.TestReminderPreferencesAPI" name="test_put_reminder_times_5min" time="0.064" /><testcase classname="backend.tests.test_reminder_preferences.TestReminderPreferencesAPI" name="test_put_reminder_times_15min" time="0.061" /><testcase classname="backend.tests.test_reminder_preferences.TestReminderPreferencesAPI" name="test_put_reminder_times_30min" time="0.071" /><testcase classname="backend.tests.test_reminder_preferences.TestReminderPreferencesAPI" name="test_put_reminder_times_1hour" time="0.069" /><testcase classname="backend.tests.test_reminder_preferences.TestReminderPreferencesAPI" name="test_put_reminder_times_2hours" time="0.062" /><testcase classname="backend.tests.test_reminder_preferences.TestReminderPreferencesAPI" name="test_put_reminder_times_1day" time="0.059" /><testcase classname="backend.tests.test_reminder_preferences.TestReminderPreferencesAPI" name="test_put_reminder_times_2days" time="0.062" /><testcase classname="backend.tests.test_reminder_preferences.TestReminderPreferencesAPI" name="test_put_multiple_reminder_times" time="0.056" /><testcase classname="backend.tests.test_reminder_preferences.TestReminderPreferencesAPI" name="test_put_all_preferences_at_once" time="0.056" /><testcase classname="backend.tests.test_reminder_preferences.TestReminderPreferencesNoAuth" name="test_get_preferences_requires_auth" time="0.118" /><testcase classname="backend.tests.test_reminder_preferences.TestReminderPreferencesNoAuth" name="test_put_preferences_requires_auth" time="0.135" /></testsuite></testsuites>