<?xml version="1.0" encoding="utf-8"?><testsuites name="pytest tests"><testsuite name="pytest" errors="4" failures="0" skipped="0" tests="9" time="5.874" timestamp="2026-02-26T22:37:07.945624+00:00" hostname="agent-env-99317b18-030a-4f24-ba47-afabbb0c35b4"><testcase classname="backend.tests.test_stamp_preview_stability.TestStampRenderImageEndpoint" name="test_certification_stamp_with_digital_signature_returns_correct_size" time="0.823" /><testcase classname="backend.tests.test_stamp_preview_stability.TestStampRenderImageEndpoint" name="test_certification_stamp_with_placeholder_returns_correct_size" time="0.645" /><testcase classname="backend.tests.test_stamp_preview_stability.TestStampRenderImageEndpoint" name="test_notarization_stamp_returns_compact_size" time="0.786" /><testcase classname="backend.tests.test_stamp_preview_stability.TestStampRenderImageEndpoint" name="test_notarization_ignores_signature_flags" time="0.646" /><testcase classname="backend.tests.test_stamp_preview_stability.TestRapidStampTypeToggling" name="test_rapid_certification_notarization_toggle" time="2.295" /><testcase classname="backend.tests.test_stamp_preview_stability.TestRapidStampTypeToggling" name="test_rapid_signature_mode_toggle" time="0.171"><error message="failed on setup with &quot;assert 429 == 200&#10; +  where 429 = &lt;Response [429]&gt;.status_code&quot;">backend/tests/test_stamp_preview_stability.py:141: in setup
    assert response.status_code == 200
E   assert 429 == 200
E    +  where 429 = &lt;Response [429]&gt;.status_code</error></testcase><testcase classname="backend.tests.test_stamp_preview_stability.TestStampPreviewImageQuality" name="test_stamp_returns_valid_png" time="0.124"><error message="failed on setup with &quot;assert 429 == 200&#10; +  where 429 = &lt;Response [429]&gt;.status_code&quot;">backend/tests/test_stamp_preview_stability.py:222: in setup
    assert response.status_code == 200
E   assert 429 == 200
E    +  where 429 = &lt;Response [429]&gt;.status_code</error></testcase><testcase classname="backend.tests.test_stamp_preview_stability.TestStampPreviewImageQuality" name="test_stamp_has_reasonable_pixel_dimensions" time="0.164"><error message="failed on setup with &quot;assert 429 == 200&#10; +  where 429 = &lt;Response [429]&gt;.status_code&quot;">backend/tests/test_stamp_preview_stability.py:222: in setup
    assert response.status_code == 200
E   assert 429 == 200
E    +  where 429 = &lt;Response [429]&gt;.status_code</error></testcase><testcase classname="backend.tests.test_stamp_preview_stability.TestAllBrandColors" name="test_all_standard_colors" time="0.113"><error message="failed on setup with &quot;assert 429 == 200&#10; +  where 429 = &lt;Response [429]&gt;.status_code&quot;">backend/tests/test_stamp_preview_stability.py:286: in setup
    assert response.status_code == 200
E   assert 429 == 200
E    +  where 429 = &lt;Response [429]&gt;.status_code</error></testcase></testsuite></testsuites>