<?xml version="1.0" encoding="utf-8"?><testsuites name="pytest tests"><testsuite name="pytest" errors="0" failures="0" skipped="0" tests="8" time="4.181" timestamp="2026-02-26T17:39:51.681610+00:00" hostname="agent-env-db8c00a0-8350-4b76-8c97-20c8befd8796"><testcase classname="backend.tests.test_stamp_dimensions_v2.TestStampDimensions" name="test_certification_stamp_with_signature" time="0.841" /><testcase classname="backend.tests.test_stamp_dimensions_v2.TestStampDimensions" name="test_certification_stamp_with_placeholder" time="0.324" /><testcase classname="backend.tests.test_stamp_dimensions_v2.TestStampDimensions" name="test_notarization_stamp_compact" time="0.222" /><testcase classname="backend.tests.test_stamp_dimensions_v2.TestStampDimensions" name="test_preview_image_format" time="0.276" /><testcase classname="backend.tests.test_stamp_dimensions_v2.TestStampDimensions" name="test_dimensions_toggle_signature" time="0.547" /><testcase classname="backend.tests.test_stamp_dimensions_v2.TestStampDimensions" name="test_brand_colors" time="1.272" /><testcase classname="backend.tests.test_stamp_dimensions_v2.TestDocumentUpload" name="test_upload_pdf" time="0.500" /><testcase classname="backend.tests.test_stamp_dimensions_v2.TestDocumentUpload" name="test_upload_image" time="0.129" /></testsuite></testsuites>