<?xml version="1.0" encoding="utf-8"?><testsuites name="pytest tests"><testsuite name="pytest" errors="0" failures="1" skipped="0" tests="10" time="18.155" timestamp="2026-02-25T15:49:19.296572+00:00" hostname="agent-env-a4e29570-bf65-41d7-86d4-607396114129"><testcase classname="tests.test_stamp_ssot_arch.TestStampSSoTArchitecture" name="test_01_login_successful" time="1.545" /><testcase classname="tests.test_stamp_ssot_arch.TestStampSSoTArchitecture" name="test_02_stamp_preview_api" time="1.663" /><testcase classname="tests.test_stamp_ssot_arch.TestStampSSoTArchitecture" name="test_03_stamp_preview_with_different_colors" time="1.959" /><testcase classname="tests.test_stamp_ssot_arch.TestStampSSoTArchitecture" name="test_04_upload_pdf_document" time="1.653" /><testcase classname="tests.test_stamp_ssot_arch.TestStampSSoTArchitecture" name="test_05_stamp_document_center_position" time="1.748" /><testcase classname="tests.test_stamp_ssot_arch.TestStampSSoTArchitecture" name="test_06_stamp_all_corners" time="2.504" /><testcase classname="tests.test_stamp_ssot_arch.TestStampSSoTArchitecture" name="test_07_verify_stamp_endpoint" time="2.070" /><testcase classname="tests.test_stamp_ssot_arch.TestStampSSoTArchitecture" name="test_08_signature_modes" time="1.968" /><testcase classname="tests.test_stamp_ssot_arch.TestStampSSoTArchitecture" name="test_09_stamp_size_fixed" time="1.797" /><testcase classname="tests.test_stamp_ssot_arch.TestStampSSoTArchitecture" name="test_10_stamps_list" time="1.140"><failure message="AssertionError: Login failed: {&quot;detail&quot;:&quot;Too many requests. Please slow down.&quot;,&quot;retry_after&quot;:&quot;5 per 1 minute&quot;}&#10;assert 429 == 200&#10; +  where 429 = &lt;Response [429]&gt;.status_code">tests/test_stamp_ssot_arch.py:414: in test_10_stamps_list
    self.login()
tests/test_stamp_ssot_arch.py:68: in login
    assert response.status_code == 200, f"Login failed: {response.text}"
E   AssertionError: Login failed: {"detail":"Too many requests. Please slow down.","retry_after":"5 per 1 minute"}
E   assert 429 == 200
E    +  where 429 = &lt;Response [429]&gt;.status_code</failure></testcase></testsuite></testsuites>