<?xml version="1.0" encoding="utf-8"?><testsuites name="pytest tests"><testsuite name="pytest" errors="0" failures="0" skipped="0" tests="10" time="3.278" timestamp="2026-02-25T12:41:50.398118+00:00" hostname="agent-env-fad154b6-a8df-4119-9a59-e0e9c9335395"><testcase classname="tests.test_stamp_dimensions.TestStampDimensions" name="test_login_successful" time="0.392" /><testcase classname="tests.test_stamp_dimensions.TestStampDimensions" name="test_stamp_prices_endpoint" time="0.138" /><testcase classname="tests.test_stamp_dimensions.TestStampDimensions" name="test_upload_pdf_document" time="0.467" /><testcase classname="tests.test_stamp_dimensions.TestStampDimensions" name="test_stamp_document_certification_type" time="0.298" /><testcase classname="tests.test_stamp_dimensions.TestStampDimensions" name="test_stamp_document_notarization_type" time="0.273" /><testcase classname="tests.test_stamp_dimensions.TestStampDimensions" name="test_stamped_pdf_contains_stamp" time="0.298" /><testcase classname="tests.test_stamp_dimensions.TestStampDimensions" name="test_qr_code_in_response" time="0.295" /><testcase classname="tests.test_stamp_dimensions.TestStampDimensions" name="test_verification_endpoint_with_stamp_id" time="0.406" /><testcase classname="tests.test_stamp_dimensions.TestStampDimensions" name="test_stamps_list_endpoint" time="0.174" /><testcase classname="tests.test_stamp_dimensions.TestStampTemplates" name="test_get_stamp_templates" time="0.458" /></testsuite></testsuites>