<?xml version="1.0" encoding="utf-8"?><testsuites name="pytest tests"><testsuite name="pytest" errors="0" failures="0" skipped="0" tests="12" time="5.073" timestamp="2026-01-31T12:09:44.820387+00:00" hostname="agent-env-27988d70-580e-48ab-a616-0f0fc582552d"><testcase classname="backend.tests.test_stamp_ui_features.TestAuthentication" name="test_login_success" time="0.327" /><testcase classname="backend.tests.test_stamp_ui_features.TestStampTemplates" name="test_get_templates" time="0.298" /><testcase classname="backend.tests.test_stamp_ui_features.TestStampTemplates" name="test_create_template_with_all_layouts" time="0.799" /><testcase classname="backend.tests.test_stamp_ui_features.TestStampTemplates" name="test_template_with_signature_settings" time="0.332" /><testcase classname="backend.tests.test_stamp_ui_features.TestStampTemplates" name="test_template_with_custom_color" time="0.560" /><testcase classname="backend.tests.test_stamp_ui_features.TestDocumentStamping" name="test_document_upload" time="0.386" /><testcase classname="backend.tests.test_stamp_ui_features.TestDocumentStamping" name="test_stamp_document_with_branding" time="0.344" /><testcase classname="backend.tests.test_stamp_ui_features.TestDocumentStamping" name="test_stamp_with_different_layouts" time="0.625" /><testcase classname="backend.tests.test_stamp_ui_features.TestDocumentStamping" name="test_stamp_with_signature" time="0.343" /><testcase classname="backend.tests.test_stamp_ui_features.TestSignatureManagement" name="test_get_signature" time="0.304" /><testcase classname="backend.tests.test_stamp_ui_features.TestStampVerification" name="test_get_document_stamps" time="0.328" /><testcase classname="backend.tests.test_stamp_ui_features.TestStampVerification" name="test_verify_stamp_public" time="0.362" /></testsuite></testsuites>