<?xml version="1.0" encoding="utf-8"?><testsuites name="pytest tests"><testsuite name="pytest" errors="0" failures="4" skipped="0" tests="18" time="2.781" timestamp="2026-02-25T18:14:59.153211+00:00" hostname="agent-env-a4e29570-bf65-41d7-86d4-607396114129"><testcase classname="tests.test_stamp_ledger.TestStampLedgerAPI" name="test_stamps_list_requires_auth" time="0.266" /><testcase classname="tests.test_stamp_ledger.TestStampLedgerAPI" name="test_stamps_list_returns_paginated_data" time="0.465" /><testcase classname="tests.test_stamp_ledger.TestStampLedgerAPI" name="test_stamps_list_item_fields" time="0.065" /><testcase classname="tests.test_stamp_ledger.TestStampLedgerAPI" name="test_stamps_list_status_filter" time="0.065" /><testcase classname="tests.test_stamp_ledger.TestStampLedgerAPI" name="test_stamps_list_search_by_stamp_id" time="0.178" /><testcase classname="tests.test_stamp_ledger.TestStampLedgerAPI" name="test_stamps_list_date_range_filter" time="0.078" /><testcase classname="tests.test_stamp_ledger.TestStampLedgerAPI" name="test_stamps_list_pagination" time="0.149" /><testcase classname="tests.test_stamp_ledger.TestStampLedgerAPI" name="test_stamp_detail_not_found" time="0.073" /><testcase classname="tests.test_stamp_ledger.TestStampLedgerAPI" name="test_stamp_detail_returns_full_info" time="0.162" /><testcase classname="tests.test_stamp_ledger.TestStampLedgerAPI" name="test_revoke_stamp_requires_auth" time="0.144" /><testcase classname="tests.test_stamp_ledger.TestStampLedgerAPI" name="test_revoke_stamp_requires_reason" time="0.172"><failure message="AssertionError: Expected 400/422, got 403&#10;assert 403 in [400, 422]&#10; +  where 403 = &lt;Response [403]&gt;.status_code">tests/test_stamp_ledger.py:233: in test_revoke_stamp_requires_reason
    assert response.status_code in [400, 422], f"Expected 400/422, got {response.status_code}"
E   AssertionError: Expected 400/422, got 403
E   assert 403 in [400, 422]
E    +  where 403 = &lt;Response [403]&gt;.status_code</failure></testcase><testcase classname="tests.test_stamp_ledger.TestStampLedgerAPI" name="test_revoke_stamp_not_found" time="0.066"><failure message="AssertionError: Expected 404, got 403&#10;assert 403 == 404&#10; +  where 403 = &lt;Response [403]&gt;.status_code">tests/test_stamp_ledger.py:242: in test_revoke_stamp_not_found
    assert response.status_code == 404, f"Expected 404, got {response.status_code}"
E   AssertionError: Expected 404, got 403
E   assert 403 == 404
E    +  where 403 = &lt;Response [403]&gt;.status_code</failure></testcase><testcase classname="tests.test_stamp_ledger.TestStampLedgerAPI" name="test_stamp_events_requires_auth" time="0.131" /><testcase classname="tests.test_stamp_ledger.TestStampLedgerAPI" name="test_stamp_events_returns_list" time="0.137" /><testcase classname="tests.test_stamp_ledger.TestStampLedgerAPI" name="test_stamp_events_has_issued_event" time="0.152" /><testcase classname="tests.test_stamp_ledger.TestStampLedgerAPI" name="test_csv_export_requires_auth" time="0.174" /><testcase classname="tests.test_stamp_ledger.TestStampLedgerAPI" name="test_csv_export_returns_csv" time="0.092"><failure message="AssertionError: Expected 200, got 404&#10;assert 404 == 200&#10; +  where 404 = &lt;Response [404]&gt;.status_code">tests/test_stamp_ledger.py:323: in test_csv_export_returns_csv
    assert response.status_code == 200, f"Expected 200, got {response.status_code}"
E   AssertionError: Expected 200, got 404
E   assert 404 == 200
E    +  where 404 = &lt;Response [404]&gt;.status_code</failure></testcase><testcase classname="tests.test_stamp_ledger.TestStampLedgerAPI" name="test_csv_export_with_filters" time="0.115"><failure message="assert 404 == 200&#10; +  where 404 = &lt;Response [404]&gt;.status_code">tests/test_stamp_ledger.py:350: in test_csv_export_with_filters
    assert response.status_code == 200
E   assert 404 == 200
E    +  where 404 = &lt;Response [404]&gt;.status_code</failure></testcase></testsuite></testsuites>