<?xml version="1.0" encoding="utf-8"?><testsuites name="pytest tests"><testsuite name="pytest" errors="0" failures="0" skipped="0" tests="8" time="3.087" timestamp="2026-02-03T09:02:59.995810+00:00" hostname="agent-env-b0007b18-ae7c-4254-a086-af9ba0a0b62f"><testcase classname="backend.tests.test_stamp_types_signature.TestStampTypes" name="test_stamp_with_certification_type" time="0.406" /><testcase classname="backend.tests.test_stamp_types_signature.TestStampTypes" name="test_stamp_with_notarization_type" time="0.360" /><testcase classname="backend.tests.test_stamp_types_signature.TestStampTypes" name="test_certification_with_signature_placeholder" time="0.352" /><testcase classname="backend.tests.test_stamp_types_signature.TestStampTypes" name="test_stamp_api_accepts_both_types" time="0.463" /><testcase classname="backend.tests.test_stamp_types_signature.TestStampTypes" name="test_tls_logo_always_included" time="0.360" /><testcase classname="backend.tests.test_stamp_types_signature.TestStampTypes" name="test_stamp_circle_shape_with_certification" time="0.346" /><testcase classname="backend.tests.test_stamp_types_signature.TestStampTypes" name="test_stamp_oval_shape_with_notarization" time="0.341" /><testcase classname="backend.tests.test_stamp_types_signature.TestVerifyStamps" name="test_verify_certification_stamp" time="0.403" /></testsuite></testsuites>