<?xml version="1.0" encoding="utf-8"?><testsuites name="pytest tests"><testsuite name="pytest" errors="0" failures="0" skipped="0" tests="11" time="4.458" timestamp="2026-02-03T08:18:09.349726+00:00" hostname="agent-env-b0007b18-ae7c-4254-a086-af9ba0a0b62f"><testcase classname="backend.tests.test_stamp_shape_generation.TestStampShapeGeneration" name="test_01_rectangle_horizontal_layout" time="0.510" /><testcase classname="backend.tests.test_stamp_shape_generation.TestStampShapeGeneration" name="test_02_rectangle_vertical_layout" time="0.357" /><testcase classname="backend.tests.test_stamp_shape_generation.TestStampShapeGeneration" name="test_03_rectangle_compact_layout" time="0.364" /><testcase classname="backend.tests.test_stamp_shape_generation.TestStampShapeGeneration" name="test_04_rectangle_logo_left_layout" time="0.408" /><testcase classname="backend.tests.test_stamp_shape_generation.TestStampShapeGeneration" name="test_05_rectangle_logo_right_layout" time="0.364" /><testcase classname="backend.tests.test_stamp_shape_generation.TestStampShapeGeneration" name="test_06_circle_shape" time="0.356" /><testcase classname="backend.tests.test_stamp_shape_generation.TestStampShapeGeneration" name="test_07_oval_shape" time="0.359" /><testcase classname="backend.tests.test_stamp_shape_generation.TestStampShapeGeneration" name="test_08_stamped_pdf_larger_than_original" time="0.391" /><testcase classname="backend.tests.test_stamp_shape_generation.TestStampShapeGeneration" name="test_09_verify_stamped_document" time="0.426" /><testcase classname="backend.tests.test_stamp_shape_generation.TestStampShapeGeneration" name="test_10_rectangle_with_transparent_background" time="0.388" /><testcase classname="backend.tests.test_stamp_shape_generation.TestStampFieldValidation" name="test_description_recipient_fields_saved" time="0.417" /></testsuite></testsuites>