<?xml version="1.0" encoding="utf-8"?><testsuites name="pytest tests"><testsuite name="pytest" errors="0" failures="0" skipped="0" tests="8" time="2.485" timestamp="2026-02-27T10:52:37.261584+00:00" hostname="agent-env-7eb6d21f-32a3-4acd-ae98-0e92e8a9197e"><testcase classname="tests.test_stamp_document_e2e.TestDocumentUpload" name="test_upload_pdf_document" time="0.496" /><testcase classname="tests.test_stamp_document_e2e.TestDocumentUpload" name="test_upload_image_converts_to_pdf" time="0.129" /><testcase classname="tests.test_stamp_document_e2e.TestStampRendering" name="test_render_certification_stamp" time="0.283" /><testcase classname="tests.test_stamp_document_e2e.TestStampRendering" name="test_render_notarization_stamp" time="0.255" /><testcase classname="tests.test_stamp_document_e2e.TestDocumentStamping" name="test_stamp_pdf_certification" time="0.295" /><testcase classname="tests.test_stamp_document_e2e.TestDocumentStamping" name="test_stamp_pdf_notarization" time="0.283" /><testcase classname="tests.test_stamp_document_e2e.TestDocumentPrepareScan" name="test_prepare_single_image" time="0.284" /><testcase classname="tests.test_stamp_document_e2e.TestStampVerification" name="test_verify_valid_stamp" time="0.392" /></testsuite></testsuites>