<?xml version="1.0" encoding="utf-8"?><testsuites name="pytest tests"><testsuite name="pytest" errors="0" failures="0" skipped="0" tests="13" time="1.892" timestamp="2026-02-03T18:29:05.780515+00:00" hostname="agent-env-f4dad8e2-d250-4944-9d55-a7c19d70d56e"><testcase classname="backend.tests.test_stamp_positions_signature.TestSignatureEndpoints" name="test_get_signature_initial" time="0.418" /><testcase classname="backend.tests.test_stamp_positions_signature.TestSignatureEndpoints" name="test_upload_signature_image" time="0.063" /><testcase classname="backend.tests.test_stamp_positions_signature.TestSignatureEndpoints" name="test_save_signature_base64" time="0.039" /><testcase classname="backend.tests.test_stamp_positions_signature.TestSignatureEndpoints" name="test_get_saved_signature" time="0.040" /><testcase classname="backend.tests.test_stamp_positions_signature.TestSignatureEndpoints" name="test_delete_signature" time="0.039" /><testcase classname="backend.tests.test_stamp_positions_signature.TestSignatureEndpoints" name="test_verify_signature_deleted" time="0.041" /><testcase classname="backend.tests.test_stamp_positions_signature.TestDocumentStamping" name="test_stamp_single_page_center_position" time="0.149" /><testcase classname="backend.tests.test_stamp_positions_signature.TestDocumentStamping" name="test_stamp_multipage_with_per_page_positions" time="0.168" /><testcase classname="backend.tests.test_stamp_positions_signature.TestDocumentStamping" name="test_stamp_with_signature_placeholder" time="0.143" /><testcase classname="backend.tests.test_stamp_positions_signature.TestDocumentStamping" name="test_stamp_notarization_no_signature" time="0.131" /><testcase classname="backend.tests.test_stamp_positions_signature.TestDocumentStamping" name="test_stamp_different_shapes" time="0.321" /><testcase classname="backend.tests.test_stamp_positions_signature.TestVerifyStamp" name="test_verify_created_stamp" time="0.142" /><testcase classname="backend.tests.test_stamp_positions_signature.TestStampHistory" name="test_get_stamps_list" time="0.125" /></testsuite></testsuites>