<?xml version="1.0" encoding="utf-8"?><testsuites name="pytest tests"><testsuite name="pytest" errors="0" failures="0" skipped="0" tests="13" time="4.108" timestamp="2026-01-30T22:28:57.421872+00:00" hostname="agent-env-a35e10d6-1f5c-48c3-adc4-6367e0a1d0f9"><testcase classname="backend.tests.test_stamp_templates.TestStampTemplates" name="test_01_get_templates_empty_or_existing" time="0.372" /><testcase classname="backend.tests.test_stamp_templates.TestStampTemplates" name="test_02_create_template_basic" time="0.279" /><testcase classname="backend.tests.test_stamp_templates.TestStampTemplates" name="test_03_create_template_with_all_fields" time="0.307" /><testcase classname="backend.tests.test_stamp_templates.TestStampTemplates" name="test_04_create_template_different_layouts" time="0.340" /><testcase classname="backend.tests.test_stamp_templates.TestStampTemplates" name="test_05_get_templates_after_creation" time="0.270" /><testcase classname="backend.tests.test_stamp_templates.TestStampTemplates" name="test_06_update_template" time="0.280" /><testcase classname="backend.tests.test_stamp_templates.TestStampTemplates" name="test_07_set_default_template" time="0.282" /><testcase classname="backend.tests.test_stamp_templates.TestStampTemplates" name="test_08_delete_template" time="0.290" /><testcase classname="backend.tests.test_stamp_templates.TestStampTemplates" name="test_09_template_not_found" time="0.326" /><testcase classname="backend.tests.test_stamp_templates.TestStampTemplates" name="test_10_template_requires_auth" time="0.303" /><testcase classname="backend.tests.test_stamp_templates.TestTemplateIntegrationWithStamping" name="test_11_default_template_auto_applies" time="0.265" /><testcase classname="backend.tests.test_stamp_templates.TestTemplateIntegrationWithStamping" name="test_12_template_fields_match_stamping_api" time="0.263" /><testcase classname="backend.tests.test_stamp_templates.TestCleanup" name="test_99_cleanup_test_templates" time="0.409" /></testsuite></testsuites>