<?xml version="1.0" encoding="utf-8"?><testsuites name="pytest tests"><testsuite name="pytest" errors="0" failures="1" skipped="0" tests="10" time="3.497" timestamp="2026-02-25T12:41:26.270269+00:00" hostname="agent-env-fad154b6-a8df-4119-9a59-e0e9c9335395"><testcase classname="tests.test_stamp_dimensions.TestStampDimensions" name="test_login_successful" time="0.587" /><testcase classname="tests.test_stamp_dimensions.TestStampDimensions" name="test_stamp_prices_endpoint" time="0.119" /><testcase classname="tests.test_stamp_dimensions.TestStampDimensions" name="test_upload_pdf_document" time="0.457" /><testcase classname="tests.test_stamp_dimensions.TestStampDimensions" name="test_stamp_document_certification_type" time="0.309" /><testcase classname="tests.test_stamp_dimensions.TestStampDimensions" name="test_stamp_document_notarization_type" time="0.287" /><testcase classname="tests.test_stamp_dimensions.TestStampDimensions" name="test_stamped_pdf_contains_stamp" time="0.308" /><testcase classname="tests.test_stamp_dimensions.TestStampDimensions" name="test_qr_code_in_response" time="0.299" /><testcase classname="tests.test_stamp_dimensions.TestStampDimensions" name="test_verification_endpoint_with_stamp_id" time="0.393"><failure message="AssertionError: Verification failed: {&quot;detail&quot;:&quot;Not Found&quot;}&#10;assert 404 == 200&#10; +  where 404 = &lt;Response [404]&gt;.status_code">tests/test_stamp_dimensions.py:349: in test_verification_endpoint_with_stamp_id
    assert verify_response.status_code == 200, f"Verification failed: {verify_response.text}"
E   AssertionError: Verification failed: {"detail":"Not Found"}
E   assert 404 == 200
E    +  where 404 = &lt;Response [404]&gt;.status_code</failure></testcase><testcase classname="tests.test_stamp_dimensions.TestStampDimensions" name="test_stamps_list_endpoint" time="0.182" /><testcase classname="tests.test_stamp_dimensions.TestStampTemplates" name="test_get_stamp_templates" time="0.433" /></testsuite></testsuites>