<?xml version="1.0" encoding="utf-8"?><testsuites name="pytest tests"><testsuite name="pytest" errors="0" failures="1" skipped="0" tests="8" time="3.080" timestamp="2026-02-27T10:50:16.469100+00:00" hostname="agent-env-7eb6d21f-32a3-4acd-ae98-0e92e8a9197e"><testcase classname="tests.test_stamp_document_e2e.TestDocumentUpload" name="test_upload_pdf_document" time="0.612" /><testcase classname="tests.test_stamp_document_e2e.TestDocumentUpload" name="test_upload_image_converts_to_pdf" time="0.216" /><testcase classname="tests.test_stamp_document_e2e.TestStampRendering" name="test_render_certification_stamp" time="0.297" /><testcase classname="tests.test_stamp_document_e2e.TestStampRendering" name="test_render_notarization_stamp" time="0.252" /><testcase classname="tests.test_stamp_document_e2e.TestDocumentStamping" name="test_stamp_pdf_certification" time="0.303" /><testcase classname="tests.test_stamp_document_e2e.TestDocumentStamping" name="test_stamp_pdf_notarization" time="0.302" /><testcase classname="tests.test_stamp_document_e2e.TestDocumentPrepareScan" name="test_prepare_single_image" time="0.595" /><testcase classname="tests.test_stamp_document_e2e.TestStampVerification" name="test_verify_valid_stamp" time="0.395"><failure message="assert 404 == 200&#10; +  where 404 = &lt;Response [404]&gt;.status_code">tests/test_stamp_document_e2e.py:373: in test_verify_valid_stamp
    assert verify_response.status_code == 200
E   assert 404 == 200
E    +  where 404 = &lt;Response [404]&gt;.status_code</failure></testcase></testsuite></testsuites>