<?xml version="1.0" encoding="utf-8"?><testsuites name="pytest tests"><testsuite name="pytest" errors="0" failures="0" skipped="0" tests="18" time="3.052" timestamp="2026-02-25T18:16:04.952166+00:00" hostname="agent-env-a4e29570-bf65-41d7-86d4-607396114129"><testcase classname="tests.test_stamp_ledger.TestStampLedgerAPI" name="test_stamps_list_requires_auth" time="0.738" /><testcase classname="tests.test_stamp_ledger.TestStampLedgerAPI" name="test_stamps_list_returns_paginated_data" time="0.466" /><testcase classname="tests.test_stamp_ledger.TestStampLedgerAPI" name="test_stamps_list_item_fields" time="0.081" /><testcase classname="tests.test_stamp_ledger.TestStampLedgerAPI" name="test_stamps_list_status_filter" time="0.066" /><testcase classname="tests.test_stamp_ledger.TestStampLedgerAPI" name="test_stamps_list_search_by_stamp_id" time="0.170" /><testcase classname="tests.test_stamp_ledger.TestStampLedgerAPI" name="test_stamps_list_date_range_filter" time="0.066" /><testcase classname="tests.test_stamp_ledger.TestStampLedgerAPI" name="test_stamps_list_pagination" time="0.129" /><testcase classname="tests.test_stamp_ledger.TestStampLedgerAPI" name="test_stamp_detail_not_found" time="0.062" /><testcase classname="tests.test_stamp_ledger.TestStampLedgerAPI" name="test_stamp_detail_returns_full_info" time="0.125" /><testcase classname="tests.test_stamp_ledger.TestStampLedgerAPI" name="test_revoke_stamp_requires_auth" time="0.181" /><testcase classname="tests.test_stamp_ledger.TestStampLedgerAPI" name="test_revoke_stamp_requires_reason" time="0.136" /><testcase classname="tests.test_stamp_ledger.TestStampLedgerAPI" name="test_revoke_stamp_not_found" time="0.065" /><testcase classname="tests.test_stamp_ledger.TestStampLedgerAPI" name="test_stamp_events_requires_auth" time="0.161" /><testcase classname="tests.test_stamp_ledger.TestStampLedgerAPI" name="test_stamp_events_returns_list" time="0.157" /><testcase classname="tests.test_stamp_ledger.TestStampLedgerAPI" name="test_stamp_events_has_issued_event" time="0.140" /><testcase classname="tests.test_stamp_ledger.TestStampLedgerAPI" name="test_csv_export_requires_auth" time="0.124" /><testcase classname="tests.test_stamp_ledger.TestStampLedgerAPI" name="test_csv_export_returns_csv" time="0.060" /><testcase classname="tests.test_stamp_ledger.TestStampLedgerAPI" name="test_csv_export_with_filters" time="0.069" /></testsuite></testsuites>