<?xml version="1.0" encoding="utf-8"?><testsuites name="pytest tests"><testsuite name="pytest" errors="0" failures="0" skipped="0" tests="8" time="3.980" timestamp="2026-02-01T12:53:51.303444+00:00" hostname="agent-env-cb455c3f-00b0-4f39-adb7-83dc9b333377"><testcase classname="backend.tests.test_stamp_editor.TestStampTemplates" name="test_get_stamp_templates" time="0.428" /><testcase classname="backend.tests.test_stamp_editor.TestStampTemplates" name="test_create_rectangle_stamp" time="0.388" /><testcase classname="backend.tests.test_stamp_editor.TestStampTemplates" name="test_create_circle_stamp_with_address" time="0.380" /><testcase classname="backend.tests.test_stamp_editor.TestStampTemplates" name="test_create_oval_stamp" time="0.388" /><testcase classname="backend.tests.test_stamp_editor.TestStampTemplates" name="test_update_stamp_template" time="0.552" /><testcase classname="backend.tests.test_stamp_editor.TestStampTemplates" name="test_delete_stamp_template" time="0.416" /><testcase classname="backend.tests.test_stamp_editor.TestStampTemplates" name="test_max_3_templates_limit" time="0.593" /><testcase classname="backend.tests.test_stamp_editor.TestStampTemplates" name="test_all_5_rectangle_layouts" time="0.776" /></testsuite></testsuites>