<?xml version="1.0" encoding="utf-8"?><testsuites name="pytest tests"><testsuite name="pytest" errors="7" failures="0" skipped="0" tests="17" time="5.654" timestamp="2026-02-26T10:37:54.094543+00:00" hostname="agent-env-052fb4d6-9ff3-45d3-b890-81c487df4aa7"><testcase classname="backend.tests.test_tls_events.TestTLSEventsAdmin" name="test_get_tls_events_as_admin" time="0.513" /><testcase classname="backend.tests.test_tls_events.TestTLSEventsAdmin" name="test_create_tls_event_basic" time="0.470" /><testcase classname="backend.tests.test_tls_events.TestTLSEventsAdmin" name="test_create_tls_event_with_recurrence" time="0.450" /><testcase classname="backend.tests.test_tls_events.TestTLSEventsAdmin" name="test_create_tls_event_regional" time="0.433" /><testcase classname="backend.tests.test_tls_events.TestTLSEventsAdmin" name="test_create_tls_mandatory_event" time="0.453" /><testcase classname="backend.tests.test_tls_events.TestTLSEventsAdmin" name="test_update_tls_event" time="0.508" /><testcase classname="backend.tests.test_tls_events.TestTLSEventsAdmin" name="test_cancel_tls_event" time="0.557" /><testcase classname="backend.tests.test_tls_events.TestTLSEventsAdmin" name="test_cancel_requires_reason" time="0.515" /><testcase classname="backend.tests.test_tls_events.TestTLSEventsAdmin" name="test_get_single_tls_event" time="0.540" /><testcase classname="backend.tests.test_tls_events.TestCombinedCalendarAPI" name="test_combined_calendar_returns_tls_events" time="0.416" /><testcase classname="backend.tests.test_tls_events.TestCombinedCalendarAPI" name="test_combined_calendar_tls_events_are_readonly" time="0.118"><error message="failed on setup with &quot;AssertionError: Advocate login failed: {&quot;detail&quot;:&quot;Too many requests. Please slow down.&quot;,&quot;retry_after&quot;:&quot;5 per 1 minute&quot;}&#10;assert 429 == 200&#10; +  where 429 = &lt;Response [429]&gt;.status_code&quot;">backend/tests/test_tls_events.py:323: in setup
    assert login_res.status_code == 200, f"Advocate login failed: {login_res.text}"
E   AssertionError: Advocate login failed: {"detail":"Too many requests. Please slow down.","retry_after":"5 per 1 minute"}
E   assert 429 == 200
E    +  where 429 = &lt;Response [429]&gt;.status_code</error></testcase><testcase classname="backend.tests.test_tls_events.TestCombinedCalendarAPI" name="test_combined_calendar_include_tls_flag" time="0.116"><error message="failed on setup with &quot;AssertionError: Advocate login failed: {&quot;detail&quot;:&quot;Too many requests. Please slow down.&quot;,&quot;retry_after&quot;:&quot;5 per 1 minute&quot;}&#10;assert 429 == 200&#10; +  where 429 = &lt;Response [429]&gt;.status_code&quot;">backend/tests/test_tls_events.py:323: in setup
    assert login_res.status_code == 200, f"Advocate login failed: {login_res.text}"
E   AssertionError: Advocate login failed: {"detail":"Too many requests. Please slow down.","retry_after":"5 per 1 minute"}
E   assert 429 == 200
E    +  where 429 = &lt;Response [429]&gt;.status_code</error></testcase><testcase classname="backend.tests.test_tls_events.TestTLSEventsRecurrence" name="test_recurrence_expansion_with_date_range" time="0.103"><error message="failed on setup with &quot;AssertionError: Admin login failed: {&quot;detail&quot;:&quot;Too many requests. Please slow down.&quot;,&quot;retry_after&quot;:&quot;5 per 1 minute&quot;}&#10;assert 429 == 200&#10; +  where 429 = &lt;Response [429]&gt;.status_code&quot;">backend/tests/test_tls_events.py:402: in setup
    assert login_res.status_code == 200, f"Admin login failed: {login_res.text}"
E   AssertionError: Admin login failed: {"detail":"Too many requests. Please slow down.","retry_after":"5 per 1 minute"}
E   assert 429 == 200
E    +  where 429 = &lt;Response [429]&gt;.status_code</error><error message="failed on teardown with &quot;AttributeError: 'TestTLSEventsRecurrence' object has no attribute 'created_event_ids'&quot;">backend/tests/test_tls_events.py:415: in teardown_method
    for event_id in self.created_event_ids:
                    ^^^^^^^^^^^^^^^^^^^^^^
E   AttributeError: 'TestTLSEventsRecurrence' object has no attribute 'created_event_ids'</error></testcase><testcase classname="backend.tests.test_tls_events.TestAdvocateViewTLSEvents" name="test_advocate_can_view_tls_events" time="0.104"><error message="failed on setup with &quot;AssertionError: Advocate login failed: {&quot;detail&quot;:&quot;Too many requests. Please slow down.&quot;,&quot;retry_after&quot;:&quot;5 per 1 minute&quot;}&#10;assert 429 == 200&#10; +  where 429 = &lt;Response [429]&gt;.status_code&quot;">backend/tests/test_tls_events.py:478: in setup
    assert login_res.status_code == 200, f"Advocate login failed: {login_res.text}"
E   AssertionError: Advocate login failed: {"detail":"Too many requests. Please slow down.","retry_after":"5 per 1 minute"}
E   assert 429 == 200
E    +  where 429 = &lt;Response [429]&gt;.status_code</error></testcase><testcase classname="backend.tests.test_tls_events.TestAdvocateViewTLSEvents" name="test_advocate_cannot_create_tls_event" time="0.102"><error message="failed on setup with &quot;AssertionError: Advocate login failed: {&quot;detail&quot;:&quot;Too many requests. Please slow down.&quot;,&quot;retry_after&quot;:&quot;5 per 1 minute&quot;}&#10;assert 429 == 200&#10; +  where 429 = &lt;Response [429]&gt;.status_code&quot;">backend/tests/test_tls_events.py:478: in setup
    assert login_res.status_code == 200, f"Advocate login failed: {login_res.text}"
E   AssertionError: Advocate login failed: {"detail":"Too many requests. Please slow down.","retry_after":"5 per 1 minute"}
E   assert 429 == 200
E    +  where 429 = &lt;Response [429]&gt;.status_code</error></testcase><testcase classname="backend.tests.test_tls_events.TestAdvocateViewTLSEvents" name="test_advocate_cannot_delete_tls_event" time="0.104"><error message="failed on setup with &quot;AssertionError: Advocate login failed: {&quot;detail&quot;:&quot;Too many requests. Please slow down.&quot;,&quot;retry_after&quot;:&quot;5 per 1 minute&quot;}&#10;assert 429 == 200&#10; +  where 429 = &lt;Response [429]&gt;.status_code&quot;">backend/tests/test_tls_events.py:478: in setup
    assert login_res.status_code == 200, f"Advocate login failed: {login_res.text}"
E   AssertionError: Advocate login failed: {"detail":"Too many requests. Please slow down.","retry_after":"5 per 1 minute"}
E   assert 429 == 200
E    +  where 429 = &lt;Response [429]&gt;.status_code</error></testcase></testsuite></testsuites>