<?xml version="1.0" encoding="utf-8"?><testsuites name="pytest tests"><testsuite name="pytest" errors="0" failures="9" skipped="0" tests="17" time="6.261" timestamp="2026-02-03T17:14:33.415005+00:00" hostname="agent-env-f4dad8e2-d250-4944-9d55-a7c19d70d56e"><testcase classname="backend.tests.test_transparent_stamps.TestHealth" name="test_health_endpoint" time="0.118" /><testcase classname="backend.tests.test_transparent_stamps.TestAdvocateAuth" name="test_advocate_login" time="0.309" /><testcase classname="backend.tests.test_transparent_stamps.TestStampTemplates" name="test_get_stamp_templates" time="0.314" /><testcase classname="backend.tests.test_transparent_stamps.TestStampGeneration" name="test_stamp_preview_rectangle" time="0.314"><failure message="AssertionError: Failed to generate rectangle stamp: {&quot;detail&quot;:&quot;Not Found&quot;}&#10;assert 404 == 200&#10; +  where 404 = &lt;Response [404]&gt;.status_code">backend/tests/test_transparent_stamps.py:107: in test_stamp_preview_rectangle
    assert response.status_code == 200, f"Failed to generate rectangle stamp: {response.text}"
E   AssertionError: Failed to generate rectangle stamp: {"detail":"Not Found"}
E   assert 404 == 200
E    +  where 404 = &lt;Response [404]&gt;.status_code</failure></testcase><testcase classname="backend.tests.test_transparent_stamps.TestStampGeneration" name="test_stamp_preview_circle" time="0.311"><failure message="AssertionError: Failed to generate circle stamp: {&quot;detail&quot;:&quot;Not Found&quot;}&#10;assert 404 == 200&#10; +  where 404 = &lt;Response [404]&gt;.status_code">backend/tests/test_transparent_stamps.py:124: in test_stamp_preview_circle
    assert response.status_code == 200, f"Failed to generate circle stamp: {response.text}"
E   AssertionError: Failed to generate circle stamp: {"detail":"Not Found"}
E   assert 404 == 200
E    +  where 404 = &lt;Response [404]&gt;.status_code</failure></testcase><testcase classname="backend.tests.test_transparent_stamps.TestStampGeneration" name="test_stamp_preview_oval" time="0.299"><failure message="AssertionError: Failed to generate oval stamp: {&quot;detail&quot;:&quot;Not Found&quot;}&#10;assert 404 == 200&#10; +  where 404 = &lt;Response [404]&gt;.status_code">backend/tests/test_transparent_stamps.py:138: in test_stamp_preview_oval
    assert response.status_code == 200, f"Failed to generate oval stamp: {response.text}"
E   AssertionError: Failed to generate oval stamp: {"detail":"Not Found"}
E   assert 404 == 200
E    +  where 404 = &lt;Response [404]&gt;.status_code</failure></testcase><testcase classname="backend.tests.test_transparent_stamps.TestStampLayouts" name="test_stamp_layout[horizontal]" time="0.307"><failure message="AssertionError: Failed to generate horizontal layout stamp: {&quot;detail&quot;:&quot;Not Found&quot;}&#10;assert 404 == 200&#10; +  where 404 = &lt;Response [404]&gt;.status_code">backend/tests/test_transparent_stamps.py:169: in test_stamp_layout
    assert response.status_code == 200, f"Failed to generate {layout} layout stamp: {response.text}"
E   AssertionError: Failed to generate horizontal layout stamp: {"detail":"Not Found"}
E   assert 404 == 200
E    +  where 404 = &lt;Response [404]&gt;.status_code</failure></testcase><testcase classname="backend.tests.test_transparent_stamps.TestStampLayouts" name="test_stamp_layout[vertical]" time="0.302"><failure message="AssertionError: Failed to generate vertical layout stamp: {&quot;detail&quot;:&quot;Not Found&quot;}&#10;assert 404 == 200&#10; +  where 404 = &lt;Response [404]&gt;.status_code">backend/tests/test_transparent_stamps.py:169: in test_stamp_layout
    assert response.status_code == 200, f"Failed to generate {layout} layout stamp: {response.text}"
E   AssertionError: Failed to generate vertical layout stamp: {"detail":"Not Found"}
E   assert 404 == 200
E    +  where 404 = &lt;Response [404]&gt;.status_code</failure></testcase><testcase classname="backend.tests.test_transparent_stamps.TestStampLayouts" name="test_stamp_layout[compact]" time="0.343"><failure message="AssertionError: Failed to generate compact layout stamp: {&quot;detail&quot;:&quot;Not Found&quot;}&#10;assert 404 == 200&#10; +  where 404 = &lt;Response [404]&gt;.status_code">backend/tests/test_transparent_stamps.py:169: in test_stamp_layout
    assert response.status_code == 200, f"Failed to generate {layout} layout stamp: {response.text}"
E   AssertionError: Failed to generate compact layout stamp: {"detail":"Not Found"}
E   assert 404 == 200
E    +  where 404 = &lt;Response [404]&gt;.status_code</failure></testcase><testcase classname="backend.tests.test_transparent_stamps.TestStampLayouts" name="test_stamp_layout[logo_left]" time="0.339"><failure message="AssertionError: Failed to generate logo_left layout stamp: {&quot;detail&quot;:&quot;Not Found&quot;}&#10;assert 404 == 200&#10; +  where 404 = &lt;Response [404]&gt;.status_code">backend/tests/test_transparent_stamps.py:169: in test_stamp_layout
    assert response.status_code == 200, f"Failed to generate {layout} layout stamp: {response.text}"
E   AssertionError: Failed to generate logo_left layout stamp: {"detail":"Not Found"}
E   assert 404 == 200
E    +  where 404 = &lt;Response [404]&gt;.status_code</failure></testcase><testcase classname="backend.tests.test_transparent_stamps.TestStampLayouts" name="test_stamp_layout[logo_right]" time="0.300"><failure message="AssertionError: Failed to generate logo_right layout stamp: {&quot;detail&quot;:&quot;Not Found&quot;}&#10;assert 404 == 200&#10; +  where 404 = &lt;Response [404]&gt;.status_code">backend/tests/test_transparent_stamps.py:169: in test_stamp_layout
    assert response.status_code == 200, f"Failed to generate {layout} layout stamp: {response.text}"
E   AssertionError: Failed to generate logo_right layout stamp: {"detail":"Not Found"}
E   assert 404 == 200
E    +  where 404 = &lt;Response [404]&gt;.status_code</failure></testcase><testcase classname="backend.tests.test_transparent_stamps.TestDocumentUpload" name="test_document_upload" time="0.300" /><testcase classname="backend.tests.test_transparent_stamps.TestDocumentStamping" name="test_stamp_document_rectangle" time="0.402" /><testcase classname="backend.tests.test_transparent_stamps.TestDocumentStamping" name="test_stamp_document_circle" time="0.356" /><testcase classname="backend.tests.test_transparent_stamps.TestDocumentStamping" name="test_stamp_document_oval" time="0.349" /><testcase classname="backend.tests.test_transparent_stamps.TestStampVerification" name="test_verify_stamp" time="0.440"><failure message="AssertionError: Failed to verify stamp: {&quot;detail&quot;:&quot;Not Found&quot;}&#10;assert 404 == 200&#10; +  where 404 = &lt;Response [404]&gt;.status_code">backend/tests/test_transparent_stamps.py:488: in test_verify_stamp
    assert verify_response.status_code == 200, f"Failed to verify stamp: {verify_response.text}"
E   AssertionError: Failed to verify stamp: {"detail":"Not Found"}
E   assert 404 == 200
E    +  where 404 = &lt;Response [404]&gt;.status_code</failure></testcase><testcase classname="backend.tests.test_transparent_stamps.TestCleanup" name="test_revoke_test_stamps" time="0.901" /></testsuite></testsuites>