<?xml version="1.0" encoding="utf-8"?><testsuites name="pytest tests"><testsuite name="pytest" errors="0" failures="2" skipped="2" tests="11" time="3.222" timestamp="2026-02-22T11:44:51.340623+00:00" hostname="agent-env-78dc5eed-77b0-44cb-9084-524fefe52676"><testcase classname="backend.tests.test_ui_improvements.TestAuth" name="test_login_success" time="0.518" /><testcase classname="backend.tests.test_ui_improvements.TestSeedData" name="test_seed_endpoint_creates_data" time="0.435" /><testcase classname="backend.tests.test_ui_improvements.TestSeedData" name="test_seed_idempotent_creates_more" time="0.190" /><testcase classname="backend.tests.test_ui_improvements.TestCasesAPI" name="test_get_cases_returns_list" time="0.402" /><testcase classname="backend.tests.test_ui_improvements.TestCasesAPI" name="test_case_status_update" time="0.130"><failure message="AssertionError: Status should be on_hold&#10;assert None == 'on_hold'&#10; +  where None = &lt;built-in method get of dict object at 0xfeb75f197900&gt;('status')&#10; +    where &lt;built-in method get of dict object at 0xfeb75f197900&gt; = {'message': 'Case updated'}.get">backend/tests/test_ui_improvements.py:190: in test_case_status_update
    assert updated_case.get("status") == new_status, f"Status should be {new_status}"
E   AssertionError: Status should be on_hold
E   assert None == 'on_hold'
E    +  where None = &lt;built-in method get of dict object at 0xfeb75f197900&gt;('status')
E    +    where &lt;built-in method get of dict object at 0xfeb75f197900&gt; = {'message': 'Case updated'}.get</failure></testcase><testcase classname="backend.tests.test_ui_improvements.TestCasesAPI" name="test_case_crud_operations" time="0.221"><failure message="AssertionError: assert (None == 'high' or None == 'TEST_Updated_Case_Title')&#10; +  where None = &lt;built-in method get of dict object at 0xfeb75edc2080&gt;('priority')&#10; +    where &lt;built-in method get of dict object at 0xfeb75edc2080&gt; = {'message': 'Case updated'}.get&#10; +  and   None = &lt;built-in method get of dict object at 0xfeb75edc2080&gt;('title')&#10; +    where &lt;built-in method get of dict object at 0xfeb75edc2080&gt; = {'message': 'Case updated'}.get">backend/tests/test_ui_improvements.py:246: in test_case_crud_operations
    assert updated.get("priority") == "high" or updated.get("title") == "TEST_Updated_Case_Title"
E   AssertionError: assert (None == 'high' or None == 'TEST_Updated_Case_Title')
E    +  where None = &lt;built-in method get of dict object at 0xfeb75edc2080&gt;('priority')
E    +    where &lt;built-in method get of dict object at 0xfeb75edc2080&gt; = {'message': 'Case updated'}.get
E    +  and   None = &lt;built-in method get of dict object at 0xfeb75edc2080&gt;('title')
E    +    where &lt;built-in method get of dict object at 0xfeb75edc2080&gt; = {'message': 'Case updated'}.get</failure></testcase><testcase classname="backend.tests.test_ui_improvements.TestClientsAPI" name="test_create_client_with_types" time="0.629" /><testcase classname="backend.tests.test_ui_improvements.TestDocumentTemplates" name="test_list_templates" time="0.376" /><testcase classname="backend.tests.test_ui_improvements.TestDocumentTemplates" name="test_generate_document_with_qr_stamp" time="0.116" /><testcase classname="backend.tests.test_ui_improvements.TestCleanup" name="test_cleanup_test_cases" time="0.099"><skipped type="pytest.skip" message="Auth failed">/app/backend/tests/test_ui_improvements.py:433: Auth failed</skipped></testcase><testcase classname="backend.tests.test_ui_improvements.TestCleanup" name="test_cleanup_test_clients" time="0.000"><skipped type="pytest.skip" message="Auth failed">/app/backend/tests/test_ui_improvements.py:443: Auth failed</skipped></testcase></testsuite></testsuites>