<?xml version="1.0" encoding="utf-8"?><testsuites name="pytest tests"><testsuite name="pytest" errors="0" failures="0" skipped="0" tests="11" time="4.014" timestamp="2026-02-22T11:45:14.032715+00:00" hostname="agent-env-78dc5eed-77b0-44cb-9084-524fefe52676"><testcase classname="backend.tests.test_ui_improvements.TestAuth" name="test_login_success" time="0.378" /><testcase classname="backend.tests.test_ui_improvements.TestSeedData" name="test_seed_endpoint_creates_data" time="0.381" /><testcase classname="backend.tests.test_ui_improvements.TestSeedData" name="test_seed_idempotent_creates_more" time="0.166" /><testcase classname="backend.tests.test_ui_improvements.TestCasesAPI" name="test_get_cases_returns_list" time="0.428" /><testcase classname="backend.tests.test_ui_improvements.TestCasesAPI" name="test_case_status_update" time="0.250" /><testcase classname="backend.tests.test_ui_improvements.TestCasesAPI" name="test_case_crud_operations" time="0.589" /><testcase classname="backend.tests.test_ui_improvements.TestClientsAPI" name="test_create_client_with_types" time="0.654" /><testcase classname="backend.tests.test_ui_improvements.TestDocumentTemplates" name="test_list_templates" time="0.378" /><testcase classname="backend.tests.test_ui_improvements.TestDocumentTemplates" name="test_generate_document_with_qr_stamp" time="0.103" /><testcase classname="backend.tests.test_ui_improvements.TestCleanup" name="test_cleanup_test_cases" time="0.541" /><testcase classname="backend.tests.test_ui_improvements.TestCleanup" name="test_cleanup_test_clients" time="0.062" /></testsuite></testsuites>