<?xml version="1.0" encoding="utf-8"?><testsuites name="pytest tests"><testsuite name="pytest" errors="0" failures="0" skipped="0" tests="11" time="1.494" timestamp="2026-02-04T17:31:17.606968+00:00" hostname="agent-env-9419ac08-3063-4511-86ba-7bb65ca23e8f"><testcase classname="tests.test_validation_and_signature.TestBackendHealth" name="test_api_health" time="0.090" /><testcase classname="tests.test_validation_and_signature.TestStampTypesAndSignature" name="test_stamp_templates_exist" time="0.403" /><testcase classname="tests.test_validation_and_signature.TestStampTypesAndSignature" name="test_certification_type_requires_signature" time="0.000" /><testcase classname="tests.test_validation_and_signature.TestDocumentStampingWithSignature" name="test_stamp_with_digital_signature" time="0.241" /><testcase classname="tests.test_validation_and_signature.TestDocumentStampingWithSignature" name="test_stamp_with_signature_placeholder" time="0.143" /><testcase classname="tests.test_validation_and_signature.TestDocumentStampingWithSignature" name="test_notarization_stamp_no_signature" time="0.111" /><testcase classname="tests.test_validation_and_signature.TestValidationErrorMessages" name="test_missing_recipient_name" time="0.113" /><testcase classname="tests.test_validation_and_signature.TestValidationErrorMessages" name="test_missing_document" time="0.055" /><testcase classname="tests.test_validation_and_signature.TestVerifySignaturePlacement" name="test_backend_signature_below_stamp_logic" time="0.007" /><testcase classname="tests.test_validation_and_signature.TestVerifySignaturePlacement" name="test_frontend_signature_preview_below_stamp" time="0.006" /><testcase classname="tests.test_validation_and_signature.TestCleanup" name="test_cleanup_test_stamps" time="0.115" /></testsuite></testsuites>