<?xml version="1.0" encoding="utf-8"?><testsuites name="pytest tests"><testsuite name="pytest" errors="0" failures="0" skipped="0" tests="14" time="3.405" timestamp="2026-02-25T19:03:33.596297+00:00" hostname="agent-env-a4e29570-bf65-41d7-86d4-607396114129"><testcase classname="backend.tests.test_verification_page.TestVerificationEndpoints" name="test_verify_stamp_valid_id" time="0.241" /><testcase classname="backend.tests.test_verification_page.TestVerificationEndpoints" name="test_verify_stamp_invalid_id" time="0.193" /><testcase classname="backend.tests.test_verification_page.TestVerificationEndpoints" name="test_verify_stamp_returns_status_banners_info" time="0.157" /><testcase classname="backend.tests.test_verification_page.TestVerificationEndpoints" name="test_verify_stamp_document_hash_displayed" time="0.151" /><testcase classname="backend.tests.test_verification_page.TestDocumentValidation" name="test_validate_document_endpoint_exists" time="0.111" /><testcase classname="backend.tests.test_verification_page.TestDocumentValidation" name="test_validate_document_hash_mismatch" time="0.139" /><testcase classname="backend.tests.test_verification_page.TestDocumentValidation" name="test_validate_document_invalid_stamp_id" time="0.209" /><testcase classname="backend.tests.test_verification_page.TestDocumentValidation" name="test_validate_document_returns_hash_preview" time="0.121" /><testcase classname="backend.tests.test_verification_page.TestRateLimiting" name="test_rate_limit_header_present" time="0.133" /><testcase classname="backend.tests.test_verification_page.TestRateLimiting" name="test_multiple_requests_work" time="0.903" /><testcase classname="backend.tests.test_verification_page.TestVerificationResultSchema" name="test_verification_result_has_all_fields" time="0.118" /><testcase classname="backend.tests.test_verification_page.TestVerifyWithURLParams" name="test_verify_with_route_param" time="0.120" /><testcase classname="backend.tests.test_verification_page.TestVerifyWithURLParams" name="test_verify_stamp_id_format" time="0.556" /><testcase classname="backend.tests.test_verification_page" name="test_api_health" time="0.186" /></testsuite></testsuites>